<?xml version="1.0" encoding="UTF-8" standalone="no"?>
<!DOCTYPE log SYSTEM "logger.dtd">
<log>
<record>
  <date>2018-12-07T15:58:48</date>
  <millis>1544198328380</millis>
  <sequence>0</sequence>
  <level>START</level>
  <class>com.kms.katalon.core.logging.XmlKeywordLogger</class>
  <method>startSuite</method>
  <thread>1</thread>
  <message>Start Test Suite : Test Suites/ABP/ABP Regression - 02a</message>
  <nestedLevel>0</nestedLevel>
  <property name="name">ABP Regression - 02a</property>
  <property name="description">R22 - FP-738\nR21 - FP-670</property>
  <property name="id">Test Suites/ABP/ABP Regression - 02a</property>
</record>
<record>
  <date>2018-12-07T15:58:48</date>
  <millis>1544198328422</millis>
  <sequence>1</sequence>
  <level>RUN_DATA</level>
  <class>com.kms.katalon.core.logging.XmlKeywordLogger</class>
  <method>logMessage</method>
  <thread>1</thread>
  <message>hostName = JHATFIELD - SNDFSMINFSRV001.defra.onmicrosoft.com</message>
  <nestedLevel>0</nestedLevel>
  <property name="hostName">JHATFIELD - SNDFSMINFSRV001.defra.onmicrosoft.com</property>
</record>
<record>
  <date>2018-12-07T15:58:48</date>
  <millis>1544198328423</millis>
  <sequence>2</sequence>
  <level>RUN_DATA</level>
  <class>com.kms.katalon.core.logging.XmlKeywordLogger</class>
  <method>logMessage</method>
  <thread>1</thread>
  <message>os = Windows Server 2016 64bit</message>
  <nestedLevel>0</nestedLevel>
  <property name="os">Windows Server 2016 64bit</property>
</record>
<record>
  <date>2018-12-07T15:58:48</date>
  <millis>1544198328424</millis>
  <sequence>3</sequence>
  <level>RUN_DATA</level>
  <class>com.kms.katalon.core.logging.XmlKeywordLogger</class>
  <method>logMessage</method>
  <thread>1</thread>
  <message>hostAddress = 10.201.1.17</message>
  <nestedLevel>0</nestedLevel>
  <property name="hostAddress">10.201.1.17</property>
</record>
<record>
  <date>2018-12-07T15:58:48</date>
  <millis>1544198328430</millis>
  <sequence>4</sequence>
  <level>RUN_DATA</level>
  <class>com.kms.katalon.core.logging.XmlKeywordLogger</class>
  <method>logMessage</method>
  <thread>1</thread>
  <message>katalonVersion = 5.9.1.2</message>
  <nestedLevel>0</nestedLevel>
  <property name="katalonVersion">5.9.1.2</property>
</record>
<record>
  <date>2018-12-07T15:58:48</date>
  <millis>1544198328886</millis>
  <sequence>5</sequence>
  <level>START</level>
  <class>com.kms.katalon.core.logging.XmlKeywordLogger</class>
  <method>startTest</method>
  <thread>1</thread>
  <message>Start Test Case : Test Cases/Generic/Launch Job Manager Control Centre</message>
  <nestedLevel>1</nestedLevel>
  <property name="name">Test Cases/Generic/Launch Job Manager Control Centre</property>
  <property name="description"></property>
  <property name="id">Test Cases/Generic/Launch Job Manager Control Centre</property>
  <property name="source">C:\\Users\\JHATFIELD\\git\\DEFRA-FSM_Automated_Regression_JM_Upgrade\\Test Cases\\Generic\\Launch Job Manager Control Centre.tc</property>
  <property name="isOptional">false</property>
</record>
<record>
  <date>2018-12-07T15:58:49</date>
  <millis>1544198329015</millis>
  <sequence>7</sequence>
  <level>INFO</level>
  <class>com.kms.katalon.core.logging.XmlKeywordLogger</class>
  <method>logMessage</method>
  <thread>1</thread>
  <message>Username = jon.hatfield</message>
  <nestedLevel>1</nestedLevel>
</record>
<record>
  <date>2018-12-07T15:58:49</date>
  <millis>1544198329016</millis>
  <sequence>8</sequence>
  <level>INFO</level>
  <class>com.kms.katalon.core.logging.XmlKeywordLogger</class>
  <method>logMessage</method>
  <thread>1</thread>
  <message>Password = Fr@nc1sJ0n</message>
  <nestedLevel>1</nestedLevel>
</record>
<record>
  <date>2018-12-07T15:58:49</date>
  <millis>1544198329218</millis>
  <sequence>12</sequence>
  <level>INFO</level>
  <class>com.kms.katalon.core.logging.XmlKeywordLogger</class>
  <method>logMessage</method>
  <thread>1</thread>
  <message>(Default) URL = com.kms.katalon.core.testdata.InternalData@6ed3f258</message>
  <nestedLevel>1</nestedLevel>
</record>
<record>
  <date>2018-12-07T15:58:50</date>
  <millis>1544198330009</millis>
  <sequence>13</sequence>
  <level>START</level>
  <class>com.kms.katalon.core.logging.XmlKeywordLogger</class>
  <method>startKeyword</method>
  <thread>1</thread>
  <message>Start action : openBrowser(\&amp;quot;\&amp;quot;)</message>
  <nestedLevel>1</nestedLevel>
  <property name="startLine">23</property>
  <property name="stepIndex">1</property>
</record>
<record>
  <date>2018-12-07T15:58:50</date>
  <millis>1544198330838</millis>
  <sequence>15</sequence>
  <level>INFO</level>
  <class>com.kms.katalon.core.logging.XmlKeywordLogger</class>
  <method>logMessage</method>
  <thread>1</thread>
  <message>Starting &amp;apos;Chrome&amp;apos; driver</message>
  <nestedLevel>1</nestedLevel>
</record>
<record>
  <date>2018-12-07T15:58:50</date>
  <millis>1544198330907</millis>
  <sequence>16</sequence>
  <level>INFO</level>
  <class>com.kms.katalon.core.logging.XmlKeywordLogger</class>
  <method>logMessage</method>
  <thread>1</thread>
  <message>Action delay is set to 0 seconds</message>
  <nestedLevel>1</nestedLevel>
</record>
<record>
  <date>2018-12-07T15:58:54</date>
  <millis>1544198334959</millis>
  <sequence>18</sequence>
  <level>RUN_DATA</level>
  <class>com.kms.katalon.core.logging.XmlKeywordLogger</class>
  <method>logMessage</method>
  <thread>1</thread>
  <message>sessionId = 6c5d479a3cfd8e74f256e9db6d1bed20</message>
  <nestedLevel>1</nestedLevel>
  <property name="sessionId">6c5d479a3cfd8e74f256e9db6d1bed20</property>
</record>
<record>
  <date>2018-12-07T15:58:55</date>
  <millis>1544198335031</millis>
  <sequence>19</sequence>
  <level>RUN_DATA</level>
  <class>com.kms.katalon.core.logging.XmlKeywordLogger</class>
  <method>logMessage</method>
  <thread>1</thread>
  <message>browser = Chrome 70.0.3538.110</message>
  <nestedLevel>1</nestedLevel>
  <property name="browser">Chrome 70.0.3538.110</property>
</record>
<record>
  <date>2018-12-07T15:58:55</date>
  <millis>1544198335031</millis>
  <sequence>20</sequence>
  <level>RUN_DATA</level>
  <class>com.kms.katalon.core.logging.XmlKeywordLogger</class>
  <method>logMessage</method>
  <thread>1</thread>
  <message>platform = Windows Server 2016</message>
  <nestedLevel>1</nestedLevel>
  <property name="platform">Windows Server 2016</property>
</record>
<record>
  <date>2018-12-07T15:58:55</date>
  <millis>1544198335037</millis>
  <sequence>21</sequence>
  <level>RUN_DATA</level>
  <class>com.kms.katalon.core.logging.XmlKeywordLogger</class>
  <method>logMessage</method>
  <thread>1</thread>
  <message>seleniumVersion = 3.7.1</message>
  <nestedLevel>1</nestedLevel>
  <property name="seleniumVersion">3.7.1</property>
</record>
<record>
  <date>2018-12-07T15:58:55</date>
  <millis>1544198335039</millis>
  <sequence>22</sequence>
  <level>RUN_DATA</level>
  <class>com.kms.katalon.core.logging.XmlKeywordLogger</class>
  <method>logMessage</method>
  <thread>1</thread>
  <message>proxyInformation = ProxyInformation{proxyOption=NO_PROXY, proxyServerType=HTTP, password=, proxyServerAddress=, proxyServerPort=0}</message>
  <nestedLevel>1</nestedLevel>
  <property name="proxyInformation">ProxyInformation{proxyOption=NO_PROXY, proxyServerType=HTTP, password=, proxyServerAddress=, proxyServerPort=0}</property>
</record>
<record>
  <date>2018-12-07T15:58:55</date>
  <millis>1544198335039</millis>
  <sequence>23</sequence>
  <level>PASSED</level>
  <class>com.kms.katalon.core.logging.XmlKeywordLogger</class>
  <method>logMessage</method>
  <thread>1</thread>
  <message>Browser is opened with url: &amp;apos;&amp;apos;</message>
  <nestedLevel>1</nestedLevel>
</record>
<record>
  <date>2018-12-07T15:58:55</date>
  <millis>1544198335046</millis>
  <sequence>24</sequence>
  <level>END</level>
  <class>com.kms.katalon.core.logging.XmlKeywordLogger</class>
  <method>endKeyword</method>
  <thread>1</thread>
  <message>End action : openBrowser(\&amp;quot;\&amp;quot;)</message>
  <nestedLevel>1</nestedLevel>
</record>
<record>
  <date>2018-12-07T15:58:55</date>
  <millis>1544198335049</millis>
  <sequence>25</sequence>
  <level>START</level>
  <class>com.kms.katalon.core.logging.XmlKeywordLogger</class>
  <method>startKeyword</method>
  <thread>1</thread>
  <message>Start action : navigateToUrl(CCURL)</message>
  <nestedLevel>1</nestedLevel>
  <property name="startLine">25</property>
  <property name="stepIndex">2</property>
</record>
<record>
  <date>2018-12-07T15:58:56</date>
  <millis>1544198336978</millis>
  <sequence>28</sequence>
  <level>PASSED</level>
  <class>com.kms.katalon.core.logging.XmlKeywordLogger</class>
  <method>logMessage</method>
  <thread>1</thread>
  <message>Navigate to &amp;apos;https://kirona-def-6.kirona.com/jmprep/login#!loginView&amp;apos; successfully</message>
  <nestedLevel>1</nestedLevel>
</record>
<record>
  <date>2018-12-07T15:58:56</date>
  <millis>1544198336979</millis>
  <sequence>29</sequence>
  <level>END</level>
  <class>com.kms.katalon.core.logging.XmlKeywordLogger</class>
  <method>endKeyword</method>
  <thread>1</thread>
  <message>End action : navigateToUrl(CCURL)</message>
  <nestedLevel>1</nestedLevel>
</record>
<record>
  <date>2018-12-07T15:58:56</date>
  <millis>1544198336979</millis>
  <sequence>30</sequence>
  <level>START</level>
  <class>com.kms.katalon.core.logging.XmlKeywordLogger</class>
  <method>startKeyword</method>
  <thread>1</thread>
  <message>Start action : setText(findTestObject(\&amp;quot;FSM1/Control Centre/Page_Job Manager Login/input_gwt-uid-3\&amp;quot;), Username)</message>
  <nestedLevel>1</nestedLevel>
  <property name="startLine">27</property>
  <property name="stepIndex">3</property>
</record>
<record>
  <date>2018-12-07T15:58:58</date>
  <millis>1544198338421</millis>
  <sequence>42</sequence>
  <level>PASSED</level>
  <class>com.kms.katalon.core.logging.XmlKeywordLogger</class>
  <method>logMessage</method>
  <thread>1</thread>
  <message>Text &amp;apos;jon.hatfield&amp;apos; is set on object &amp;apos;Object Repository/FSM1/Control Centre/Page_Job Manager Login/input_gwt-uid-3&amp;apos;</message>
  <nestedLevel>1</nestedLevel>
</record>
<record>
  <date>2018-12-07T15:58:58</date>
  <millis>1544198338422</millis>
  <sequence>43</sequence>
  <level>END</level>
  <class>com.kms.katalon.core.logging.XmlKeywordLogger</class>
  <method>endKeyword</method>
  <thread>1</thread>
  <message>End action : setText(findTestObject(\&amp;quot;FSM1/Control Centre/Page_Job Manager Login/input_gwt-uid-3\&amp;quot;), Username)</message>
  <nestedLevel>1</nestedLevel>
</record>
<record>
  <date>2018-12-07T15:58:58</date>
  <millis>1544198338422</millis>
  <sequence>44</sequence>
  <level>START</level>
  <class>com.kms.katalon.core.logging.XmlKeywordLogger</class>
  <method>startKeyword</method>
  <thread>1</thread>
  <message>Start action : setText(findTestObject(\&amp;quot;FSM1/Control Centre/Page_Job Manager Login/input_gwt-uid-5\&amp;quot;), Password)</message>
  <nestedLevel>1</nestedLevel>
  <property name="startLine">29</property>
  <property name="stepIndex">4</property>
</record>
<record>
  <date>2018-12-07T15:58:58</date>
  <millis>1544198338710</millis>
  <sequence>56</sequence>
  <level>PASSED</level>
  <class>com.kms.katalon.core.logging.XmlKeywordLogger</class>
  <method>logMessage</method>
  <thread>1</thread>
  <message>Text &amp;apos;Fr@nc1sJ0n&amp;apos; is set on object &amp;apos;Object Repository/FSM1/Control Centre/Page_Job Manager Login/input_gwt-uid-5&amp;apos;</message>
  <nestedLevel>1</nestedLevel>
</record>
<record>
  <date>2018-12-07T15:58:58</date>
  <millis>1544198338711</millis>
  <sequence>57</sequence>
  <level>END</level>
  <class>com.kms.katalon.core.logging.XmlKeywordLogger</class>
  <method>endKeyword</method>
  <thread>1</thread>
  <message>End action : setText(findTestObject(\&amp;quot;FSM1/Control Centre/Page_Job Manager Login/input_gwt-uid-5\&amp;quot;), Password)</message>
  <nestedLevel>1</nestedLevel>
</record>
<record>
  <date>2018-12-07T15:58:58</date>
  <millis>1544198338711</millis>
  <sequence>58</sequence>
  <level>START</level>
  <class>com.kms.katalon.core.logging.XmlKeywordLogger</class>
  <method>startKeyword</method>
  <thread>1</thread>
  <message>Start action : click(findTestObject(\&amp;quot;FSM1/PreProd/Page_Job Manager Login/div_Login\&amp;quot;))</message>
  <nestedLevel>1</nestedLevel>
  <property name="startLine">31</property>
  <property name="stepIndex">5</property>
</record>
<record>
  <date>2018-12-07T15:58:58</date>
  <millis>1544198338910</millis>
  <sequence>65</sequence>
  <level>PASSED</level>
  <class>com.kms.katalon.core.logging.XmlKeywordLogger</class>
  <method>logMessage</method>
  <thread>1</thread>
  <message>Object: &amp;apos;Object Repository/FSM1/PreProd/Page_Job Manager Login/div_Login&amp;apos; is clicked on</message>
  <nestedLevel>1</nestedLevel>
</record>
<record>
  <date>2018-12-07T15:58:58</date>
  <millis>1544198338911</millis>
  <sequence>66</sequence>
  <level>END</level>
  <class>com.kms.katalon.core.logging.XmlKeywordLogger</class>
  <method>endKeyword</method>
  <thread>1</thread>
  <message>End action : click(findTestObject(\&amp;quot;FSM1/PreProd/Page_Job Manager Login/div_Login\&amp;quot;))</message>
  <nestedLevel>1</nestedLevel>
</record>
<record>
  <date>2018-12-07T15:58:58</date>
  <millis>1544198338912</millis>
  <sequence>67</sequence>
  <level>START</level>
  <class>com.kms.katalon.core.logging.XmlKeywordLogger</class>
  <method>startKeyword</method>
  <thread>1</thread>
  <message>Start action : delay(15)</message>
  <nestedLevel>1</nestedLevel>
  <property name="startLine">33</property>
  <property name="stepIndex">6</property>
</record>
<record>
  <date>2018-12-07T15:59:13</date>
  <millis>1544198353968</millis>
  <sequence>69</sequence>
  <level>PASSED</level>
  <class>com.kms.katalon.core.logging.XmlKeywordLogger</class>
  <method>logMessage</method>
  <thread>1</thread>
  <message>Delayed 15 second(s)</message>
  <nestedLevel>1</nestedLevel>
</record>
<record>
  <date>2018-12-07T15:59:13</date>
  <millis>1544198353968</millis>
  <sequence>70</sequence>
  <level>END</level>
  <class>com.kms.katalon.core.logging.XmlKeywordLogger</class>
  <method>endKeyword</method>
  <thread>1</thread>
  <message>End action : delay(15)</message>
  <nestedLevel>1</nestedLevel>
</record>
<record>
  <date>2018-12-07T15:59:13</date>
  <millis>1544198353968</millis>
  <sequence>71</sequence>
  <level>PASSED</level>
  <class>com.kms.katalon.core.logging.XmlKeywordLogger</class>
  <method>logMessage</method>
  <thread>1</thread>
  <message>Test Cases/Generic/Launch Job Manager Control Centre</message>
  <nestedLevel>1</nestedLevel>
</record>
<record>
  <date>2018-12-07T15:59:13</date>
  <millis>1544198353969</millis>
  <sequence>72</sequence>
  <level>END</level>
  <class>com.kms.katalon.core.logging.XmlKeywordLogger</class>
  <method>endTest</method>
  <thread>1</thread>
  <message>End Test Case : Test Cases/Generic/Launch Job Manager Control Centre</message>
  <nestedLevel>0</nestedLevel>
</record>
<record>
  <date>2018-12-07T15:59:13</date>
  <millis>1544198353975</millis>
  <sequence>73</sequence>
  <level>START</level>
  <class>com.kms.katalon.core.logging.XmlKeywordLogger</class>
  <method>startTest</method>
  <thread>1</thread>
  <message>Start Test Case : Test Cases/ABP/Generic/Create ABP Inspection - Manual Assignment</message>
  <nestedLevel>1</nestedLevel>
  <property name="name">Test Cases/ABP/Generic/Create ABP Inspection - Manual Assignment</property>
  <property name="description"></property>
  <property name="id">Test Cases/ABP/Generic/Create ABP Inspection - Manual Assignment</property>
  <property name="source">C:\\Users\\JHATFIELD\\git\\DEFRA-FSM_Automated_Regression_JM_Upgrade\\Test Cases\\ABP\\Generic\\Create ABP Inspection - Manual Assignment.tc</property>
  <property name="isOptional">false</property>
</record>
<record>
  <date>2018-12-07T15:59:14</date>
  <millis>1544198354011</millis>
  <sequence>75</sequence>
  <level>INFO</level>
  <class>com.kms.katalon.core.logging.XmlKeywordLogger</class>
  <method>logMessage</method>
  <thread>1</thread>
  <message>ABPInspection = ABPR02a</message>
  <nestedLevel>1</nestedLevel>
</record>
<record>
  <date>2018-12-07T15:59:14</date>
  <millis>1544198354011</millis>
  <sequence>76</sequence>
  <level>INFO</level>
  <class>com.kms.katalon.core.logging.XmlKeywordLogger</class>
  <method>logMessage</method>
  <thread>1</thread>
  <message>ABPInspectionType = ABPR02A - Incineration Plant</message>
  <nestedLevel>1</nestedLevel>
</record>
<record>
  <date>2018-12-07T15:59:14</date>
  <millis>1544198354864</millis>
  <sequence>77</sequence>
  <level>START</level>
  <class>com.kms.katalon.core.logging.XmlKeywordLogger</class>
  <method>startKeyword</method>
  <thread>1</thread>
  <message>Start action : log = new com.kms.katalon.core.logging.KeywordLogger()</message>
  <nestedLevel>1</nestedLevel>
  <property name="startLine">27</property>
  <property name="stepIndex">1</property>
</record>
<record>
  <date>2018-12-07T15:59:14</date>
  <millis>1544198354865</millis>
  <sequence>78</sequence>
  <level>END</level>
  <class>com.kms.katalon.core.logging.XmlKeywordLogger</class>
  <method>endKeyword</method>
  <thread>1</thread>
  <message>End action : log = new com.kms.katalon.core.logging.KeywordLogger()</message>
  <nestedLevel>1</nestedLevel>
</record>
<record>
  <date>2018-12-07T15:59:14</date>
  <millis>1544198354866</millis>
  <sequence>79</sequence>
  <level>START</level>
  <class>com.kms.katalon.core.logging.XmlKeywordLogger</class>
  <method>startKeyword</method>
  <thread>1</thread>
  <message>Start action : click(findTestObject(\&amp;quot;Object Repository/FSM1/Create ABP Inspection Manual Ass/Page_JM Control Centre/Page_JM Control Centre/Page_JM Control Centre/div_Create\&amp;quot;))</message>
  <nestedLevel>1</nestedLevel>
  <property name="startLine">29</property>
  <property name="stepIndex">2</property>
</record>
<record>
  <date>2018-12-07T15:59:15</date>
  <millis>1544198355050</millis>
  <sequence>86</sequence>
  <level>PASSED</level>
  <class>com.kms.katalon.core.logging.XmlKeywordLogger</class>
  <method>logMessage</method>
  <thread>1</thread>
  <message>Object: &amp;apos;Object Repository/FSM1/Create ABP Inspection Manual Ass/Page_JM Control Centre/Page_JM Control Centre/Page_JM Control Centre/div_Create&amp;apos; is clicked on</message>
  <nestedLevel>1</nestedLevel>
</record>
<record>
  <date>2018-12-07T15:59:15</date>
  <millis>1544198355051</millis>
  <sequence>87</sequence>
  <level>END</level>
  <class>com.kms.katalon.core.logging.XmlKeywordLogger</class>
  <method>endKeyword</method>
  <thread>1</thread>
  <message>End action : click(findTestObject(\&amp;quot;Object Repository/FSM1/Create ABP Inspection Manual Ass/Page_JM Control Centre/Page_JM Control Centre/Page_JM Control Centre/div_Create\&amp;quot;))</message>
  <nestedLevel>1</nestedLevel>
</record>
<record>
  <date>2018-12-07T15:59:15</date>
  <millis>1544198355051</millis>
  <sequence>88</sequence>
  <level>START</level>
  <class>com.kms.katalon.core.logging.XmlKeywordLogger</class>
  <method>startKeyword</method>
  <thread>1</thread>
  <message>Start action : click(findTestObject(\&amp;quot;Object Repository/FSM1/Create ABP Inspection Manual Ass/Page_JM Control Centre/Page_JM Control Centre/Page_JM Control Centre/div_v-filterselect-button\&amp;quot;))</message>
  <nestedLevel>1</nestedLevel>
  <property name="startLine">31</property>
  <property name="stepIndex">3</property>
</record>
<record>
  <date>2018-12-07T15:59:18</date>
  <millis>1544198358597</millis>
  <sequence>105</sequence>
  <level>PASSED</level>
  <class>com.kms.katalon.core.logging.XmlKeywordLogger</class>
  <method>logMessage</method>
  <thread>1</thread>
  <message>Object: &amp;apos;Object Repository/FSM1/Create ABP Inspection Manual Ass/Page_JM Control Centre/Page_JM Control Centre/Page_JM Control Centre/div_v-filterselect-button&amp;apos; is clicked on</message>
  <nestedLevel>1</nestedLevel>
</record>
<record>
  <date>2018-12-07T15:59:18</date>
  <millis>1544198358780</millis>
  <sequence>107</sequence>
  <level>END</level>
  <class>com.kms.katalon.core.logging.XmlKeywordLogger</class>
  <method>endKeyword</method>
  <thread>1</thread>
  <message>End action : click(findTestObject(\&amp;quot;Object Repository/FSM1/Create ABP Inspection Manual Ass/Page_JM Control Centre/Page_JM Control Centre/Page_JM Control Centre/div_v-filterselect-button\&amp;quot;))</message>
  <nestedLevel>1</nestedLevel>
</record>
<record>
  <date>2018-12-07T15:59:18</date>
  <millis>1544198358780</millis>
  <sequence>108</sequence>
  <level>START</level>
  <class>com.kms.katalon.core.logging.XmlKeywordLogger</class>
  <method>startKeyword</method>
  <thread>1</thread>
  <message>Start action : setText(findTestObject(\&amp;quot;Object Repository/FSM1/Create ABP Inspection Manual Ass/Page_JM Control Centre/Page_JM Control Centre/Page_JM Control Centre/input_gwt-uid-8\&amp;quot;), ABPInspection)</message>
  <nestedLevel>1</nestedLevel>
  <property name="startLine">33</property>
  <property name="stepIndex">4</property>
</record>
<record>
  <date>2018-12-07T15:59:19</date>
  <millis>1544198359629</millis>
  <sequence>130</sequence>
  <level>PASSED</level>
  <class>com.kms.katalon.core.logging.XmlKeywordLogger</class>
  <method>logMessage</method>
  <thread>1</thread>
  <message>Text &amp;apos;ABPR02a&amp;apos; is set on object &amp;apos;Object Repository/FSM1/Create ABP Inspection Manual Ass/Page_JM Control Centre/Page_JM Control Centre/Page_JM Control Centre/input_gwt-uid-8&amp;apos;</message>
  <nestedLevel>1</nestedLevel>
</record>
<record>
  <date>2018-12-07T15:59:19</date>
  <millis>1544198359659</millis>
  <sequence>132</sequence>
  <level>END</level>
  <class>com.kms.katalon.core.logging.XmlKeywordLogger</class>
  <method>endKeyword</method>
  <thread>1</thread>
  <message>End action : setText(findTestObject(\&amp;quot;Object Repository/FSM1/Create ABP Inspection Manual Ass/Page_JM Control Centre/Page_JM Control Centre/Page_JM Control Centre/input_gwt-uid-8\&amp;quot;), ABPInspection)</message>
  <nestedLevel>1</nestedLevel>
</record>
<record>
  <date>2018-12-07T15:59:19</date>
  <millis>1544198359666</millis>
  <sequence>133</sequence>
  <level>START</level>
  <class>com.kms.katalon.core.logging.XmlKeywordLogger</class>
  <method>startKeyword</method>
  <thread>1</thread>
  <message>Start action : ABPInspectionTypeJ = modifyObjectProperty(findTestObject(\&amp;quot;Object Repository/FSM1/Create ABP Inspection Manual Ass/Page_JM Control Centre/Page_JM Control Centre/Page_JM Control Centre/span_ABPR01A - Composting and\&amp;quot;), \&amp;quot;text\&amp;quot;, \&amp;quot;equals\&amp;quot;, ABPInspectionType, true)</message>
  <nestedLevel>1</nestedLevel>
  <property name="startLine">36</property>
  <property name="stepIndex">5</property>
</record>
<record>
  <date>2018-12-07T15:59:19</date>
  <millis>1544198359715</millis>
  <sequence>142</sequence>
  <level>PASSED</level>
  <class>com.kms.katalon.core.logging.XmlKeywordLogger</class>
  <method>logMessage</method>
  <thread>1</thread>
  <message>Modify property of object successfully</message>
  <nestedLevel>1</nestedLevel>
</record>
<record>
  <date>2018-12-07T15:59:19</date>
  <millis>1544198359716</millis>
  <sequence>143</sequence>
  <level>END</level>
  <class>com.kms.katalon.core.logging.XmlKeywordLogger</class>
  <method>endKeyword</method>
  <thread>1</thread>
  <message>End action : ABPInspectionTypeJ = modifyObjectProperty(findTestObject(\&amp;quot;Object Repository/FSM1/Create ABP Inspection Manual Ass/Page_JM Control Centre/Page_JM Control Centre/Page_JM Control Centre/span_ABPR01A - Composting and\&amp;quot;), \&amp;quot;text\&amp;quot;, \&amp;quot;equals\&amp;quot;, ABPInspectionType, true)</message>
  <nestedLevel>1</nestedLevel>
</record>
<record>
  <date>2018-12-07T15:59:19</date>
  <millis>1544198359716</millis>
  <sequence>144</sequence>
  <level>START</level>
  <class>com.kms.katalon.core.logging.XmlKeywordLogger</class>
  <method>startKeyword</method>
  <thread>1</thread>
  <message>Start action : click(ABPInspectionTypeJ, STOP_ON_FAILURE)</message>
  <nestedLevel>1</nestedLevel>
  <property name="startLine">39</property>
  <property name="stepIndex">6</property>
</record>
<record>
  <date>2018-12-07T15:59:20</date>
  <millis>1544198360040</millis>
  <sequence>156</sequence>
  <level>PASSED</level>
  <class>com.kms.katalon.core.logging.XmlKeywordLogger</class>
  <method>logMessage</method>
  <thread>1</thread>
  <message>Object: &amp;apos;Object Repository/FSM1/Create ABP Inspection Manual Ass/Page_JM Control Centre/Page_JM Control Centre/Page_JM Control Centre/span_ABPR01A - Composting and&amp;apos; is clicked on</message>
  <nestedLevel>1</nestedLevel>
</record>
<record>
  <date>2018-12-07T15:59:20</date>
  <millis>1544198360128</millis>
  <sequence>158</sequence>
  <level>END</level>
  <class>com.kms.katalon.core.logging.XmlKeywordLogger</class>
  <method>endKeyword</method>
  <thread>1</thread>
  <message>End action : click(ABPInspectionTypeJ, STOP_ON_FAILURE)</message>
  <nestedLevel>1</nestedLevel>
</record>
<record>
  <date>2018-12-07T15:59:20</date>
  <millis>1544198360129</millis>
  <sequence>159</sequence>
  <level>START</level>
  <class>com.kms.katalon.core.logging.XmlKeywordLogger</class>
  <method>startKeyword</method>
  <thread>1</thread>
  <message>Start action : click(findTestObject(\&amp;quot;Object Repository/FSM1/Create ABP Inspection Manual Ass/Page_JM Control Centre/Page_JM Control Centre/Page_JM Control Centre/div_v-filterselect-button_1\&amp;quot;))</message>
  <nestedLevel>1</nestedLevel>
  <property name="startLine">41</property>
  <property name="stepIndex">7</property>
</record>
<record>
  <date>2018-12-07T15:59:22</date>
  <millis>1544198362907</millis>
  <sequence>175</sequence>
  <level>PASSED</level>
  <class>com.kms.katalon.core.logging.XmlKeywordLogger</class>
  <method>logMessage</method>
  <thread>1</thread>
  <message>Object: &amp;apos;Object Repository/FSM1/Create ABP Inspection Manual Ass/Page_JM Control Centre/Page_JM Control Centre/Page_JM Control Centre/div_v-filterselect-button_1&amp;apos; is clicked on</message>
  <nestedLevel>1</nestedLevel>
</record>
<record>
  <date>2018-12-07T15:59:22</date>
  <millis>1544198362923</millis>
  <sequence>177</sequence>
  <level>END</level>
  <class>com.kms.katalon.core.logging.XmlKeywordLogger</class>
  <method>endKeyword</method>
  <thread>1</thread>
  <message>End action : click(findTestObject(\&amp;quot;Object Repository/FSM1/Create ABP Inspection Manual Ass/Page_JM Control Centre/Page_JM Control Centre/Page_JM Control Centre/div_v-filterselect-button_1\&amp;quot;))</message>
  <nestedLevel>1</nestedLevel>
</record>
<record>
  <date>2018-12-07T15:59:22</date>
  <millis>1544198362923</millis>
  <sequence>178</sequence>
  <level>START</level>
  <class>com.kms.katalon.core.logging.XmlKeywordLogger</class>
  <method>startKeyword</method>
  <thread>1</thread>
  <message>Start action : click(findTestObject(\&amp;quot;Object Repository/FSM1/Create ABP Inspection Manual Ass/Page_JM Control Centre/Page_JM Control Centre/Page_JM Control Centre/span_24 Hours\&amp;quot;))</message>
  <nestedLevel>1</nestedLevel>
  <property name="startLine">43</property>
  <property name="stepIndex">8</property>
</record>
<record>
  <date>2018-12-07T15:59:23</date>
  <millis>1544198363376</millis>
  <sequence>194</sequence>
  <level>PASSED</level>
  <class>com.kms.katalon.core.logging.XmlKeywordLogger</class>
  <method>logMessage</method>
  <thread>1</thread>
  <message>Object: &amp;apos;Object Repository/FSM1/Create ABP Inspection Manual Ass/Page_JM Control Centre/Page_JM Control Centre/Page_JM Control Centre/span_24 Hours&amp;apos; is clicked on</message>
  <nestedLevel>1</nestedLevel>
</record>
<record>
  <date>2018-12-07T15:59:23</date>
  <millis>1544198363423</millis>
  <sequence>196</sequence>
  <level>END</level>
  <class>com.kms.katalon.core.logging.XmlKeywordLogger</class>
  <method>endKeyword</method>
  <thread>1</thread>
  <message>End action : click(findTestObject(\&amp;quot;Object Repository/FSM1/Create ABP Inspection Manual Ass/Page_JM Control Centre/Page_JM Control Centre/Page_JM Control Centre/span_24 Hours\&amp;quot;))</message>
  <nestedLevel>1</nestedLevel>
</record>
<record>
  <date>2018-12-07T15:59:23</date>
  <millis>1544198363424</millis>
  <sequence>197</sequence>
  <level>START</level>
  <class>com.kms.katalon.core.logging.XmlKeywordLogger</class>
  <method>startKeyword</method>
  <thread>1</thread>
  <message>Start action : click(findTestObject(\&amp;quot;Object Repository/FSM1/Create ABP Inspection/Page_JM Control Centre/div_Region_v-filterselect-butt\&amp;quot;))</message>
  <nestedLevel>1</nestedLevel>
  <property name="startLine">45</property>
  <property name="stepIndex">9</property>
</record>
<record>
  <date>2018-12-07T15:59:23</date>
  <millis>1544198363790</millis>
  <sequence>211</sequence>
  <level>PASSED</level>
  <class>com.kms.katalon.core.logging.XmlKeywordLogger</class>
  <method>logMessage</method>
  <thread>1</thread>
  <message>Object: &amp;apos;Object Repository/FSM1/Create ABP Inspection/Page_JM Control Centre/div_Region_v-filterselect-butt&amp;apos; is clicked on</message>
  <nestedLevel>1</nestedLevel>
</record>
<record>
  <date>2018-12-07T15:59:23</date>
  <millis>1544198363897</millis>
  <sequence>213</sequence>
  <level>END</level>
  <class>com.kms.katalon.core.logging.XmlKeywordLogger</class>
  <method>endKeyword</method>
  <thread>1</thread>
  <message>End action : click(findTestObject(\&amp;quot;Object Repository/FSM1/Create ABP Inspection/Page_JM Control Centre/div_Region_v-filterselect-butt\&amp;quot;))</message>
  <nestedLevel>1</nestedLevel>
</record>
<record>
  <date>2018-12-07T15:59:23</date>
  <millis>1544198363897</millis>
  <sequence>214</sequence>
  <level>START</level>
  <class>com.kms.katalon.core.logging.XmlKeywordLogger</class>
  <method>startKeyword</method>
  <thread>1</thread>
  <message>Start action : click(findTestObject(\&amp;quot;Object Repository/FSM1/Create ABP Inspection Manual Ass/Page_JM Control Centre/Page_JM Control Centre/Page_JM Control Centre/td_West\&amp;quot;))</message>
  <nestedLevel>1</nestedLevel>
  <property name="startLine">47</property>
  <property name="stepIndex">10</property>
</record>
<record>
  <date>2018-12-07T15:59:24</date>
  <millis>1544198364344</millis>
  <sequence>230</sequence>
  <level>PASSED</level>
  <class>com.kms.katalon.core.logging.XmlKeywordLogger</class>
  <method>logMessage</method>
  <thread>1</thread>
  <message>Object: &amp;apos;Object Repository/FSM1/Create ABP Inspection Manual Ass/Page_JM Control Centre/Page_JM Control Centre/Page_JM Control Centre/td_West&amp;apos; is clicked on</message>
  <nestedLevel>1</nestedLevel>
</record>
<record>
  <date>2018-12-07T15:59:24</date>
  <millis>1544198364402</millis>
  <sequence>232</sequence>
  <level>END</level>
  <class>com.kms.katalon.core.logging.XmlKeywordLogger</class>
  <method>endKeyword</method>
  <thread>1</thread>
  <message>End action : click(findTestObject(\&amp;quot;Object Repository/FSM1/Create ABP Inspection Manual Ass/Page_JM Control Centre/Page_JM Control Centre/Page_JM Control Centre/td_West\&amp;quot;))</message>
  <nestedLevel>1</nestedLevel>
</record>
<record>
  <date>2018-12-07T15:59:24</date>
  <millis>1544198364403</millis>
  <sequence>233</sequence>
  <level>START</level>
  <class>com.kms.katalon.core.logging.XmlKeywordLogger</class>
  <method>startKeyword</method>
  <thread>1</thread>
  <message>Start action : click(findTestObject(\&amp;quot;Object Repository/FSM1/Create ABP Inspection/Page_JM Control Centre/div_Plant Type_v-filterselect-\&amp;quot;))</message>
  <nestedLevel>1</nestedLevel>
  <property name="startLine">49</property>
  <property name="stepIndex">11</property>
</record>
<record>
  <date>2018-12-07T15:59:24</date>
  <millis>1544198364754</millis>
  <sequence>247</sequence>
  <level>PASSED</level>
  <class>com.kms.katalon.core.logging.XmlKeywordLogger</class>
  <method>logMessage</method>
  <thread>1</thread>
  <message>Object: &amp;apos;Object Repository/FSM1/Create ABP Inspection/Page_JM Control Centre/div_Plant Type_v-filterselect-&amp;apos; is clicked on</message>
  <nestedLevel>1</nestedLevel>
</record>
<record>
  <date>2018-12-07T15:59:24</date>
  <millis>1544198364799</millis>
  <sequence>249</sequence>
  <level>END</level>
  <class>com.kms.katalon.core.logging.XmlKeywordLogger</class>
  <method>endKeyword</method>
  <thread>1</thread>
  <message>End action : click(findTestObject(\&amp;quot;Object Repository/FSM1/Create ABP Inspection/Page_JM Control Centre/div_Plant Type_v-filterselect-\&amp;quot;))</message>
  <nestedLevel>1</nestedLevel>
</record>
<record>
  <date>2018-12-07T15:59:24</date>
  <millis>1544198364799</millis>
  <sequence>250</sequence>
  <level>START</level>
  <class>com.kms.katalon.core.logging.XmlKeywordLogger</class>
  <method>startKeyword</method>
  <thread>1</thread>
  <message>Start action : click(findTestObject(\&amp;quot;Object Repository/FSM1/Create ABP Inspection Manual Ass/Page_JM Control Centre/Page_JM Control Centre/Page_JM Control Centre/td_SECTION I Intermediate Acti\&amp;quot;))</message>
  <nestedLevel>1</nestedLevel>
  <property name="startLine">51</property>
  <property name="stepIndex">12</property>
</record>
<record>
  <date>2018-12-07T15:59:25</date>
  <millis>1544198365221</millis>
  <sequence>266</sequence>
  <level>PASSED</level>
  <class>com.kms.katalon.core.logging.XmlKeywordLogger</class>
  <method>logMessage</method>
  <thread>1</thread>
  <message>Object: &amp;apos;Object Repository/FSM1/Create ABP Inspection Manual Ass/Page_JM Control Centre/Page_JM Control Centre/Page_JM Control Centre/td_SECTION I Intermediate Acti&amp;apos; is clicked on</message>
  <nestedLevel>1</nestedLevel>
</record>
<record>
  <date>2018-12-07T15:59:25</date>
  <millis>1544198365309</millis>
  <sequence>268</sequence>
  <level>END</level>
  <class>com.kms.katalon.core.logging.XmlKeywordLogger</class>
  <method>endKeyword</method>
  <thread>1</thread>
  <message>End action : click(findTestObject(\&amp;quot;Object Repository/FSM1/Create ABP Inspection Manual Ass/Page_JM Control Centre/Page_JM Control Centre/Page_JM Control Centre/td_SECTION I Intermediate Acti\&amp;quot;))</message>
  <nestedLevel>1</nestedLevel>
</record>
<record>
  <date>2018-12-07T15:59:25</date>
  <millis>1544198365309</millis>
  <sequence>269</sequence>
  <level>START</level>
  <class>com.kms.katalon.core.logging.XmlKeywordLogger</class>
  <method>startKeyword</method>
  <thread>1</thread>
  <message>Start action : click(findTestObject(\&amp;quot;Object Repository/FSM1/Create ABP Inspection/Page_JM Control Centre/div_Inspection Type_v-filterse\&amp;quot;))</message>
  <nestedLevel>1</nestedLevel>
  <property name="startLine">53</property>
  <property name="stepIndex">13</property>
</record>
<record>
  <date>2018-12-07T15:59:25</date>
  <millis>1544198365618</millis>
  <sequence>283</sequence>
  <level>PASSED</level>
  <class>com.kms.katalon.core.logging.XmlKeywordLogger</class>
  <method>logMessage</method>
  <thread>1</thread>
  <message>Object: &amp;apos;Object Repository/FSM1/Create ABP Inspection/Page_JM Control Centre/div_Inspection Type_v-filterse&amp;apos; is clicked on</message>
  <nestedLevel>1</nestedLevel>
</record>
<record>
  <date>2018-12-07T15:59:25</date>
  <millis>1544198365678</millis>
  <sequence>285</sequence>
  <level>END</level>
  <class>com.kms.katalon.core.logging.XmlKeywordLogger</class>
  <method>endKeyword</method>
  <thread>1</thread>
  <message>End action : click(findTestObject(\&amp;quot;Object Repository/FSM1/Create ABP Inspection/Page_JM Control Centre/div_Inspection Type_v-filterse\&amp;quot;))</message>
  <nestedLevel>1</nestedLevel>
</record>
<record>
  <date>2018-12-07T15:59:25</date>
  <millis>1544198365678</millis>
  <sequence>286</sequence>
  <level>START</level>
  <class>com.kms.katalon.core.logging.XmlKeywordLogger</class>
  <method>startKeyword</method>
  <thread>1</thread>
  <message>Start action : click(findTestObject(\&amp;quot;Object Repository/FSM1/Create ABP Inspection Manual Ass/Page_JM Control Centre/Page_JM Control Centre/Page_JM Control Centre/td_Routine\&amp;quot;))</message>
  <nestedLevel>1</nestedLevel>
  <property name="startLine">55</property>
  <property name="stepIndex">14</property>
</record>
<record>
  <date>2018-12-07T15:59:26</date>
  <millis>1544198366108</millis>
  <sequence>302</sequence>
  <level>PASSED</level>
  <class>com.kms.katalon.core.logging.XmlKeywordLogger</class>
  <method>logMessage</method>
  <thread>1</thread>
  <message>Object: &amp;apos;Object Repository/FSM1/Create ABP Inspection Manual Ass/Page_JM Control Centre/Page_JM Control Centre/Page_JM Control Centre/td_Routine&amp;apos; is clicked on</message>
  <nestedLevel>1</nestedLevel>
</record>
<record>
  <date>2018-12-07T15:59:26</date>
  <millis>1544198366118</millis>
  <sequence>304</sequence>
  <level>END</level>
  <class>com.kms.katalon.core.logging.XmlKeywordLogger</class>
  <method>endKeyword</method>
  <thread>1</thread>
  <message>End action : click(findTestObject(\&amp;quot;Object Repository/FSM1/Create ABP Inspection Manual Ass/Page_JM Control Centre/Page_JM Control Centre/Page_JM Control Centre/td_Routine\&amp;quot;))</message>
  <nestedLevel>1</nestedLevel>
</record>
<record>
  <date>2018-12-07T15:59:26</date>
  <millis>1544198366118</millis>
  <sequence>305</sequence>
  <level>START</level>
  <class>com.kms.katalon.core.logging.XmlKeywordLogger</class>
  <method>startKeyword</method>
  <thread>1</thread>
  <message>Start action : click(findTestObject(\&amp;quot;Object Repository/JM_8918/New/Page_JClient/Page_JM Control Centre/Page_JM Control Centre/label_1\&amp;quot;))</message>
  <nestedLevel>1</nestedLevel>
  <property name="startLine">57</property>
  <property name="stepIndex">15</property>
</record>
<record>
  <date>2018-12-07T15:59:26</date>
  <millis>1544198366500</millis>
  <sequence>319</sequence>
  <level>PASSED</level>
  <class>com.kms.katalon.core.logging.XmlKeywordLogger</class>
  <method>logMessage</method>
  <thread>1</thread>
  <message>Object: &amp;apos;Object Repository/JM_8918/New/Page_JClient/Page_JM Control Centre/Page_JM Control Centre/label_1&amp;apos; is clicked on</message>
  <nestedLevel>1</nestedLevel>
</record>
<record>
  <date>2018-12-07T15:59:26</date>
  <millis>1544198366520</millis>
  <sequence>321</sequence>
  <level>END</level>
  <class>com.kms.katalon.core.logging.XmlKeywordLogger</class>
  <method>endKeyword</method>
  <thread>1</thread>
  <message>End action : click(findTestObject(\&amp;quot;Object Repository/JM_8918/New/Page_JClient/Page_JM Control Centre/Page_JM Control Centre/label_1\&amp;quot;))</message>
  <nestedLevel>1</nestedLevel>
</record>
<record>
  <date>2018-12-07T15:59:26</date>
  <millis>1544198366520</millis>
  <sequence>322</sequence>
  <level>START</level>
  <class>com.kms.katalon.core.logging.XmlKeywordLogger</class>
  <method>startKeyword</method>
  <thread>1</thread>
  <message>Start action : click(findTestObject(\&amp;quot;Object Repository/FSM1/Create ABP Inspection/Page_JM Control Centre/div_Inspector Grade Required_v\&amp;quot;))</message>
  <nestedLevel>1</nestedLevel>
  <property name="startLine">59</property>
  <property name="stepIndex">16</property>
</record>
<record>
  <date>2018-12-07T15:59:26</date>
  <millis>1544198366813</millis>
  <sequence>336</sequence>
  <level>PASSED</level>
  <class>com.kms.katalon.core.logging.XmlKeywordLogger</class>
  <method>logMessage</method>
  <thread>1</thread>
  <message>Object: &amp;apos;Object Repository/FSM1/Create ABP Inspection/Page_JM Control Centre/div_Inspector Grade Required_v&amp;apos; is clicked on</message>
  <nestedLevel>1</nestedLevel>
</record>
<record>
  <date>2018-12-07T15:59:26</date>
  <millis>1544198366828</millis>
  <sequence>338</sequence>
  <level>END</level>
  <class>com.kms.katalon.core.logging.XmlKeywordLogger</class>
  <method>endKeyword</method>
  <thread>1</thread>
  <message>End action : click(findTestObject(\&amp;quot;Object Repository/FSM1/Create ABP Inspection/Page_JM Control Centre/div_Inspector Grade Required_v\&amp;quot;))</message>
  <nestedLevel>1</nestedLevel>
</record>
<record>
  <date>2018-12-07T15:59:26</date>
  <millis>1544198366828</millis>
  <sequence>339</sequence>
  <level>START</level>
  <class>com.kms.katalon.core.logging.XmlKeywordLogger</class>
  <method>startKeyword</method>
  <thread>1</thread>
  <message>Start action : click(findTestObject(\&amp;quot;Object Repository/FSM1/Create ABP Inspection Manual Ass/Page_JM Control Centre/Page_JM Control Centre/Page_JM Control Centre/td_Tech\&amp;quot;))</message>
  <nestedLevel>1</nestedLevel>
  <property name="startLine">61</property>
  <property name="stepIndex">17</property>
</record>
<record>
  <date>2018-12-07T15:59:27</date>
  <millis>1544198367251</millis>
  <sequence>355</sequence>
  <level>PASSED</level>
  <class>com.kms.katalon.core.logging.XmlKeywordLogger</class>
  <method>logMessage</method>
  <thread>1</thread>
  <message>Object: &amp;apos;Object Repository/FSM1/Create ABP Inspection Manual Ass/Page_JM Control Centre/Page_JM Control Centre/Page_JM Control Centre/td_Tech&amp;apos; is clicked on</message>
  <nestedLevel>1</nestedLevel>
</record>
<record>
  <date>2018-12-07T15:59:27</date>
  <millis>1544198367373</millis>
  <sequence>357</sequence>
  <level>END</level>
  <class>com.kms.katalon.core.logging.XmlKeywordLogger</class>
  <method>endKeyword</method>
  <thread>1</thread>
  <message>End action : click(findTestObject(\&amp;quot;Object Repository/FSM1/Create ABP Inspection Manual Ass/Page_JM Control Centre/Page_JM Control Centre/Page_JM Control Centre/td_Tech\&amp;quot;))</message>
  <nestedLevel>1</nestedLevel>
</record>
<record>
  <date>2018-12-07T15:59:27</date>
  <millis>1544198367373</millis>
  <sequence>358</sequence>
  <level>START</level>
  <class>com.kms.katalon.core.logging.XmlKeywordLogger</class>
  <method>startKeyword</method>
  <thread>1</thread>
  <message>Start action : click(findTestObject(\&amp;quot;Object Repository/FSM1/Create ABP Inspection/Page_JM Control Centre/div_Sequence within Inspection\&amp;quot;))</message>
  <nestedLevel>1</nestedLevel>
  <property name="startLine">63</property>
  <property name="stepIndex">18</property>
</record>
<record>
  <date>2018-12-07T15:59:27</date>
  <millis>1544198367685</millis>
  <sequence>372</sequence>
  <level>PASSED</level>
  <class>com.kms.katalon.core.logging.XmlKeywordLogger</class>
  <method>logMessage</method>
  <thread>1</thread>
  <message>Object: &amp;apos;Object Repository/FSM1/Create ABP Inspection/Page_JM Control Centre/div_Sequence within Inspection&amp;apos; is clicked on</message>
  <nestedLevel>1</nestedLevel>
</record>
<record>
  <date>2018-12-07T15:59:27</date>
  <millis>1544198367725</millis>
  <sequence>374</sequence>
  <level>END</level>
  <class>com.kms.katalon.core.logging.XmlKeywordLogger</class>
  <method>endKeyword</method>
  <thread>1</thread>
  <message>End action : click(findTestObject(\&amp;quot;Object Repository/FSM1/Create ABP Inspection/Page_JM Control Centre/div_Sequence within Inspection\&amp;quot;))</message>
  <nestedLevel>1</nestedLevel>
</record>
<record>
  <date>2018-12-07T15:59:27</date>
  <millis>1544198367726</millis>
  <sequence>375</sequence>
  <level>START</level>
  <class>com.kms.katalon.core.logging.XmlKeywordLogger</class>
  <method>startKeyword</method>
  <thread>1</thread>
  <message>Start action : click(findTestObject(\&amp;quot;Object Repository/FSM1/Create ABP Inspection Manual Ass/Page_JM Control Centre/Page_JM Control Centre/Page_JM Control Centre/td_2 - Tech\&amp;quot;))</message>
  <nestedLevel>1</nestedLevel>
  <property name="startLine">65</property>
  <property name="stepIndex">19</property>
</record>
<record>
  <date>2018-12-07T15:59:28</date>
  <millis>1544198368195</millis>
  <sequence>391</sequence>
  <level>PASSED</level>
  <class>com.kms.katalon.core.logging.XmlKeywordLogger</class>
  <method>logMessage</method>
  <thread>1</thread>
  <message>Object: &amp;apos;Object Repository/FSM1/Create ABP Inspection Manual Ass/Page_JM Control Centre/Page_JM Control Centre/Page_JM Control Centre/td_2 - Tech&amp;apos; is clicked on</message>
  <nestedLevel>1</nestedLevel>
</record>
<record>
  <date>2018-12-07T15:59:28</date>
  <millis>1544198368251</millis>
  <sequence>393</sequence>
  <level>END</level>
  <class>com.kms.katalon.core.logging.XmlKeywordLogger</class>
  <method>endKeyword</method>
  <thread>1</thread>
  <message>End action : click(findTestObject(\&amp;quot;Object Repository/FSM1/Create ABP Inspection Manual Ass/Page_JM Control Centre/Page_JM Control Centre/Page_JM Control Centre/td_2 - Tech\&amp;quot;))</message>
  <nestedLevel>1</nestedLevel>
</record>
<record>
  <date>2018-12-07T15:59:28</date>
  <millis>1544198368251</millis>
  <sequence>394</sequence>
  <level>START</level>
  <class>com.kms.katalon.core.logging.XmlKeywordLogger</class>
  <method>startKeyword</method>
  <thread>1</thread>
  <message>Start action : setText(findTestObject(\&amp;quot;Object Repository/FSM1/Create ABP Inspection Manual Ass/Page_JM Control Centre/Page_JM Control Centre/Page_JM Control Centre/input_Customer ID_gwt-uid-40\&amp;quot;), RandomStringUtils.randomNumeric(5))</message>
  <nestedLevel>1</nestedLevel>
  <property name="startLine">67</property>
  <property name="stepIndex">20</property>
</record>
<record>
  <date>2018-12-07T15:59:28</date>
  <millis>1544198368749</millis>
  <sequence>415</sequence>
  <level>PASSED</level>
  <class>com.kms.katalon.core.logging.XmlKeywordLogger</class>
  <method>logMessage</method>
  <thread>1</thread>
  <message>Text &amp;apos;89943&amp;apos; is set on object &amp;apos;Object Repository/FSM1/Create ABP Inspection Manual Ass/Page_JM Control Centre/Page_JM Control Centre/Page_JM Control Centre/input_Customer ID_gwt-uid-40&amp;apos;</message>
  <nestedLevel>1</nestedLevel>
</record>
<record>
  <date>2018-12-07T15:59:28</date>
  <millis>1544198368761</millis>
  <sequence>417</sequence>
  <level>END</level>
  <class>com.kms.katalon.core.logging.XmlKeywordLogger</class>
  <method>endKeyword</method>
  <thread>1</thread>
  <message>End action : setText(findTestObject(\&amp;quot;Object Repository/FSM1/Create ABP Inspection Manual Ass/Page_JM Control Centre/Page_JM Control Centre/Page_JM Control Centre/input_Customer ID_gwt-uid-40\&amp;quot;), RandomStringUtils.randomNumeric(5))</message>
  <nestedLevel>1</nestedLevel>
</record>
<record>
  <date>2018-12-07T15:59:28</date>
  <millis>1544198368761</millis>
  <sequence>418</sequence>
  <level>START</level>
  <class>com.kms.katalon.core.logging.XmlKeywordLogger</class>
  <method>startKeyword</method>
  <thread>1</thread>
  <message>Start action : setText(findTestObject(\&amp;quot;Object Repository/FSM1/Create ABP Inspection Manual Ass/Page_JM Control Centre/Page_JM Control Centre/Page_JM Control Centre/input_Unit ID_gwt-uid-42\&amp;quot;), RandomStringUtils.randomNumeric(5))</message>
  <nestedLevel>1</nestedLevel>
  <property name="startLine">70</property>
  <property name="stepIndex">21</property>
</record>
<record>
  <date>2018-12-07T15:59:29</date>
  <millis>1544198369123</millis>
  <sequence>439</sequence>
  <level>PASSED</level>
  <class>com.kms.katalon.core.logging.XmlKeywordLogger</class>
  <method>logMessage</method>
  <thread>1</thread>
  <message>Text &amp;apos;32731&amp;apos; is set on object &amp;apos;Object Repository/FSM1/Create ABP Inspection Manual Ass/Page_JM Control Centre/Page_JM Control Centre/Page_JM Control Centre/input_Unit ID_gwt-uid-42&amp;apos;</message>
  <nestedLevel>1</nestedLevel>
</record>
<record>
  <date>2018-12-07T15:59:29</date>
  <millis>1544198369147</millis>
  <sequence>441</sequence>
  <level>END</level>
  <class>com.kms.katalon.core.logging.XmlKeywordLogger</class>
  <method>endKeyword</method>
  <thread>1</thread>
  <message>End action : setText(findTestObject(\&amp;quot;Object Repository/FSM1/Create ABP Inspection Manual Ass/Page_JM Control Centre/Page_JM Control Centre/Page_JM Control Centre/input_Unit ID_gwt-uid-42\&amp;quot;), RandomStringUtils.randomNumeric(5))</message>
  <nestedLevel>1</nestedLevel>
</record>
<record>
  <date>2018-12-07T15:59:29</date>
  <millis>1544198369147</millis>
  <sequence>442</sequence>
  <level>START</level>
  <class>com.kms.katalon.core.logging.XmlKeywordLogger</class>
  <method>startKeyword</method>
  <thread>1</thread>
  <message>Start action : setText(findTestObject(\&amp;quot;Object Repository/FSM1/Create ABP Inspection Manual Ass/Page_JM Control Centre/Page_JM Control Centre/Page_JM Control Centre/input_Customer Name_gwt-uid-44\&amp;quot;), \&amp;quot;Test Automation\&amp;quot;)</message>
  <nestedLevel>1</nestedLevel>
  <property name="startLine">73</property>
  <property name="stepIndex">22</property>
</record>
<record>
  <date>2018-12-07T15:59:29</date>
  <millis>1544198369618</millis>
  <sequence>463</sequence>
  <level>PASSED</level>
  <class>com.kms.katalon.core.logging.XmlKeywordLogger</class>
  <method>logMessage</method>
  <thread>1</thread>
  <message>Text &amp;apos;Test Automation&amp;apos; is set on object &amp;apos;Object Repository/FSM1/Create ABP Inspection Manual Ass/Page_JM Control Centre/Page_JM Control Centre/Page_JM Control Centre/input_Customer Name_gwt-uid-44&amp;apos;</message>
  <nestedLevel>1</nestedLevel>
</record>
<record>
  <date>2018-12-07T15:59:29</date>
  <millis>1544198369624</millis>
  <sequence>465</sequence>
  <level>END</level>
  <class>com.kms.katalon.core.logging.XmlKeywordLogger</class>
  <method>endKeyword</method>
  <thread>1</thread>
  <message>End action : setText(findTestObject(\&amp;quot;Object Repository/FSM1/Create ABP Inspection Manual Ass/Page_JM Control Centre/Page_JM Control Centre/Page_JM Control Centre/input_Customer Name_gwt-uid-44\&amp;quot;), \&amp;quot;Test Automation\&amp;quot;)</message>
  <nestedLevel>1</nestedLevel>
</record>
<record>
  <date>2018-12-07T15:59:29</date>
  <millis>1544198369630</millis>
  <sequence>466</sequence>
  <level>START</level>
  <class>com.kms.katalon.core.logging.XmlKeywordLogger</class>
  <method>startKeyword</method>
  <thread>1</thread>
  <message>Start action : click(findTestObject(\&amp;quot;Object Repository/FSM1/Create ABP Inspection Manual Ass/Page_JM Control Centre/Page_JM Control Centre/Page_JM Control Centre/span_\&amp;quot;))</message>
  <nestedLevel>1</nestedLevel>
  <property name="startLine">76</property>
  <property name="stepIndex">23</property>
</record>
<record>
  <date>2018-12-07T15:59:29</date>
  <millis>1544198369976</millis>
  <sequence>482</sequence>
  <level>PASSED</level>
  <class>com.kms.katalon.core.logging.XmlKeywordLogger</class>
  <method>logMessage</method>
  <thread>1</thread>
  <message>Object: &amp;apos;Object Repository/FSM1/Create ABP Inspection Manual Ass/Page_JM Control Centre/Page_JM Control Centre/Page_JM Control Centre/span_&amp;apos; is clicked on</message>
  <nestedLevel>1</nestedLevel>
</record>
<record>
  <date>2018-12-07T15:59:30</date>
  <millis>1544198370263</millis>
  <sequence>484</sequence>
  <level>END</level>
  <class>com.kms.katalon.core.logging.XmlKeywordLogger</class>
  <method>endKeyword</method>
  <thread>1</thread>
  <message>End action : click(findTestObject(\&amp;quot;Object Repository/FSM1/Create ABP Inspection Manual Ass/Page_JM Control Centre/Page_JM Control Centre/Page_JM Control Centre/span_\&amp;quot;))</message>
  <nestedLevel>1</nestedLevel>
</record>
<record>
  <date>2018-12-07T15:59:30</date>
  <millis>1544198370263</millis>
  <sequence>485</sequence>
  <level>START</level>
  <class>com.kms.katalon.core.logging.XmlKeywordLogger</class>
  <method>startKeyword</method>
  <thread>1</thread>
  <message>Start action : click(findTestObject(\&amp;quot;FSM1/Control Centre/Create EMI Inspection/Address Search/Page_JM Control Centre/Postcode Search\&amp;quot;))</message>
  <nestedLevel>1</nestedLevel>
  <property name="startLine">78</property>
  <property name="stepIndex">24</property>
</record>
<record>
  <date>2018-12-07T15:59:32</date>
  <millis>1544198372093</millis>
  <sequence>499</sequence>
  <level>PASSED</level>
  <class>com.kms.katalon.core.logging.XmlKeywordLogger</class>
  <method>logMessage</method>
  <thread>1</thread>
  <message>Object: &amp;apos;Object Repository/FSM1/Control Centre/Create EMI Inspection/Address Search/Page_JM Control Centre/Postcode Search&amp;apos; is clicked on</message>
  <nestedLevel>1</nestedLevel>
</record>
<record>
  <date>2018-12-07T15:59:32</date>
  <millis>1544198372168</millis>
  <sequence>501</sequence>
  <level>END</level>
  <class>com.kms.katalon.core.logging.XmlKeywordLogger</class>
  <method>endKeyword</method>
  <thread>1</thread>
  <message>End action : click(findTestObject(\&amp;quot;FSM1/Control Centre/Create EMI Inspection/Address Search/Page_JM Control Centre/Postcode Search\&amp;quot;))</message>
  <nestedLevel>1</nestedLevel>
</record>
<record>
  <date>2018-12-07T15:59:32</date>
  <millis>1544198372168</millis>
  <sequence>502</sequence>
  <level>START</level>
  <class>com.kms.katalon.core.logging.XmlKeywordLogger</class>
  <method>startKeyword</method>
  <thread>1</thread>
  <message>Start action : setText(findTestObject(\&amp;quot;FSM1/PreProd/Page_JM Control Centre/PostcodeSearch\&amp;quot;), findTestData(\&amp;quot;Pre Production/ABP/ABP Inspection Data 01a\&amp;quot;).getValue(2, 1))</message>
  <nestedLevel>1</nestedLevel>
  <property name="startLine">80</property>
  <property name="stepIndex">25</property>
</record>
<record>
  <date>2018-12-07T15:59:32</date>
  <millis>1544198372711</millis>
  <sequence>524</sequence>
  <level>PASSED</level>
  <class>com.kms.katalon.core.logging.XmlKeywordLogger</class>
  <method>logMessage</method>
  <thread>1</thread>
  <message>Text &amp;apos;WR5 2NQ&amp;apos; is set on object &amp;apos;Object Repository/FSM1/PreProd/Page_JM Control Centre/PostcodeSearch&amp;apos;</message>
  <nestedLevel>1</nestedLevel>
</record>
<record>
  <date>2018-12-07T15:59:32</date>
  <millis>1544198372723</millis>
  <sequence>526</sequence>
  <level>END</level>
  <class>com.kms.katalon.core.logging.XmlKeywordLogger</class>
  <method>endKeyword</method>
  <thread>1</thread>
  <message>End action : setText(findTestObject(\&amp;quot;FSM1/PreProd/Page_JM Control Centre/PostcodeSearch\&amp;quot;), findTestData(\&amp;quot;Pre Production/ABP/ABP Inspection Data 01a\&amp;quot;).getValue(2, 1))</message>
  <nestedLevel>1</nestedLevel>
</record>
<record>
  <date>2018-12-07T15:59:32</date>
  <millis>1544198372723</millis>
  <sequence>527</sequence>
  <level>START</level>
  <class>com.kms.katalon.core.logging.XmlKeywordLogger</class>
  <method>startKeyword</method>
  <thread>1</thread>
  <message>Start action : doubleClick(findTestObject(\&amp;quot;JM_8918/Page_JM Control Centre/div_Search\&amp;quot;))</message>
  <nestedLevel>1</nestedLevel>
  <property name="startLine">83</property>
  <property name="stepIndex">26</property>
</record>
<record>
  <date>2018-12-07T15:59:33</date>
  <millis>1544198373799</millis>
  <sequence>541</sequence>
  <level>PASSED</level>
  <class>com.kms.katalon.core.logging.XmlKeywordLogger</class>
  <method>logMessage</method>
  <thread>1</thread>
  <message>Object: &amp;apos;Object Repository/JM_8918/Page_JM Control Centre/div_Search&amp;apos; is double clicked on</message>
  <nestedLevel>1</nestedLevel>
</record>
<record>
  <date>2018-12-07T15:59:34</date>
  <millis>1544198374461</millis>
  <sequence>543</sequence>
  <level>END</level>
  <class>com.kms.katalon.core.logging.XmlKeywordLogger</class>
  <method>endKeyword</method>
  <thread>1</thread>
  <message>End action : doubleClick(findTestObject(\&amp;quot;JM_8918/Page_JM Control Centre/div_Search\&amp;quot;))</message>
  <nestedLevel>1</nestedLevel>
</record>
<record>
  <date>2018-12-07T15:59:34</date>
  <millis>1544198374462</millis>
  <sequence>544</sequence>
  <level>START</level>
  <class>com.kms.katalon.core.logging.XmlKeywordLogger</class>
  <method>startKeyword</method>
  <thread>1</thread>
  <message>Start action : FullAddress = modifyObjectProperty(findTestObject(\&amp;quot;Object Repository/FSM1/Create ABP Inspection Manual Ass/Page_JM Control Centre/Page_JM Control Centre/Page_JM Control Centre/Address\&amp;quot;), \&amp;quot;text\&amp;quot;, \&amp;quot;equals\&amp;quot;, findTestData(\&amp;quot;Pre Production/ABP/ABP Inspection Data 01a\&amp;quot;).getValue(3, 1), true)</message>
  <nestedLevel>1</nestedLevel>
  <property name="startLine">85</property>
  <property name="stepIndex">27</property>
</record>
<record>
  <date>2018-12-07T15:59:34</date>
  <millis>1544198374467</millis>
  <sequence>556</sequence>
  <level>PASSED</level>
  <class>com.kms.katalon.core.logging.XmlKeywordLogger</class>
  <method>logMessage</method>
  <thread>1</thread>
  <message>Modify property of object successfully</message>
  <nestedLevel>1</nestedLevel>
</record>
<record>
  <date>2018-12-07T15:59:34</date>
  <millis>1544198374484</millis>
  <sequence>557</sequence>
  <level>END</level>
  <class>com.kms.katalon.core.logging.XmlKeywordLogger</class>
  <method>endKeyword</method>
  <thread>1</thread>
  <message>End action : FullAddress = modifyObjectProperty(findTestObject(\&amp;quot;Object Repository/FSM1/Create ABP Inspection Manual Ass/Page_JM Control Centre/Page_JM Control Centre/Page_JM Control Centre/Address\&amp;quot;), \&amp;quot;text\&amp;quot;, \&amp;quot;equals\&amp;quot;, findTestData(\&amp;quot;Pre Production/ABP/ABP Inspection Data 01a\&amp;quot;).getValue(3, 1), true)</message>
  <nestedLevel>1</nestedLevel>
</record>
<record>
  <date>2018-12-07T15:59:34</date>
  <millis>1544198374484</millis>
  <sequence>558</sequence>
  <level>START</level>
  <class>com.kms.katalon.core.logging.XmlKeywordLogger</class>
  <method>startKeyword</method>
  <thread>1</thread>
  <message>Start action : click(FullAddress, STOP_ON_FAILURE)</message>
  <nestedLevel>1</nestedLevel>
  <property name="startLine">88</property>
  <property name="stepIndex">28</property>
</record>
<record>
  <date>2018-12-07T15:59:34</date>
  <millis>1544198374871</millis>
  <sequence>570</sequence>
  <level>PASSED</level>
  <class>com.kms.katalon.core.logging.XmlKeywordLogger</class>
  <method>logMessage</method>
  <thread>1</thread>
  <message>Object: &amp;apos;Object Repository/FSM1/Create ABP Inspection Manual Ass/Page_JM Control Centre/Page_JM Control Centre/Page_JM Control Centre/Address&amp;apos; is clicked on</message>
  <nestedLevel>1</nestedLevel>
</record>
<record>
  <date>2018-12-07T15:59:34</date>
  <millis>1544198374880</millis>
  <sequence>572</sequence>
  <level>END</level>
  <class>com.kms.katalon.core.logging.XmlKeywordLogger</class>
  <method>endKeyword</method>
  <thread>1</thread>
  <message>End action : click(FullAddress, STOP_ON_FAILURE)</message>
  <nestedLevel>1</nestedLevel>
</record>
<record>
  <date>2018-12-07T15:59:34</date>
  <millis>1544198374880</millis>
  <sequence>573</sequence>
  <level>START</level>
  <class>com.kms.katalon.core.logging.XmlKeywordLogger</class>
  <method>startKeyword</method>
  <thread>1</thread>
  <message>Start action : click(findTestObject(\&amp;quot;FSM1/Control Centre/Create EMI Inspection/Create Address/Page_JM Control Centre (2)/div_Add Selected Item\&amp;quot;))</message>
  <nestedLevel>1</nestedLevel>
  <property name="startLine">90</property>
  <property name="stepIndex">29</property>
</record>
<record>
  <date>2018-12-07T15:59:35</date>
  <millis>1544198375427</millis>
  <sequence>587</sequence>
  <level>PASSED</level>
  <class>com.kms.katalon.core.logging.XmlKeywordLogger</class>
  <method>logMessage</method>
  <thread>1</thread>
  <message>Object: &amp;apos;Object Repository/FSM1/Control Centre/Create EMI Inspection/Create Address/Page_JM Control Centre (2)/div_Add Selected Item&amp;apos; is clicked on</message>
  <nestedLevel>1</nestedLevel>
</record>
<record>
  <date>2018-12-07T15:59:35</date>
  <millis>1544198375730</millis>
  <sequence>589</sequence>
  <level>END</level>
  <class>com.kms.katalon.core.logging.XmlKeywordLogger</class>
  <method>endKeyword</method>
  <thread>1</thread>
  <message>End action : click(findTestObject(\&amp;quot;FSM1/Control Centre/Create EMI Inspection/Create Address/Page_JM Control Centre (2)/div_Add Selected Item\&amp;quot;))</message>
  <nestedLevel>1</nestedLevel>
</record>
<record>
  <date>2018-12-07T15:59:35</date>
  <millis>1544198375730</millis>
  <sequence>590</sequence>
  <level>START</level>
  <class>com.kms.katalon.core.logging.XmlKeywordLogger</class>
  <method>startKeyword</method>
  <thread>1</thread>
  <message>Start action : delay(2)</message>
  <nestedLevel>1</nestedLevel>
  <property name="startLine">92</property>
  <property name="stepIndex">30</property>
</record>
<record>
  <date>2018-12-07T15:59:37</date>
  <millis>1544198377730</millis>
  <sequence>592</sequence>
  <level>PASSED</level>
  <class>com.kms.katalon.core.logging.XmlKeywordLogger</class>
  <method>logMessage</method>
  <thread>1</thread>
  <message>Delayed 2 second(s)</message>
  <nestedLevel>1</nestedLevel>
</record>
<record>
  <date>2018-12-07T15:59:37</date>
  <millis>1544198377737</millis>
  <sequence>593</sequence>
  <level>END</level>
  <class>com.kms.katalon.core.logging.XmlKeywordLogger</class>
  <method>endKeyword</method>
  <thread>1</thread>
  <message>End action : delay(2)</message>
  <nestedLevel>1</nestedLevel>
</record>
<record>
  <date>2018-12-07T15:59:37</date>
  <millis>1544198377737</millis>
  <sequence>594</sequence>
  <level>START</level>
  <class>com.kms.katalon.core.logging.XmlKeywordLogger</class>
  <method>startKeyword</method>
  <thread>1</thread>
  <message>Start action : click(findTestObject(\&amp;quot;FSM1/Control Centre/Create EMI Inspection/Finish/Page_JM Control Centre (3)/div_Create\&amp;quot;))</message>
  <nestedLevel>1</nestedLevel>
  <property name="startLine">94</property>
  <property name="stepIndex">31</property>
</record>
<record>
  <date>2018-12-07T15:59:38</date>
  <millis>1544198378780</millis>
  <sequence>608</sequence>
  <level>PASSED</level>
  <class>com.kms.katalon.core.logging.XmlKeywordLogger</class>
  <method>logMessage</method>
  <thread>1</thread>
  <message>Object: &amp;apos;Object Repository/FSM1/Control Centre/Create EMI Inspection/Finish/Page_JM Control Centre (3)/div_Create&amp;apos; is clicked on</message>
  <nestedLevel>1</nestedLevel>
</record>
<record>
  <date>2018-12-07T15:59:39</date>
  <millis>1544198379126</millis>
  <sequence>610</sequence>
  <level>END</level>
  <class>com.kms.katalon.core.logging.XmlKeywordLogger</class>
  <method>endKeyword</method>
  <thread>1</thread>
  <message>End action : click(findTestObject(\&amp;quot;FSM1/Control Centre/Create EMI Inspection/Finish/Page_JM Control Centre (3)/div_Create\&amp;quot;))</message>
  <nestedLevel>1</nestedLevel>
</record>
<record>
  <date>2018-12-07T15:59:39</date>
  <millis>1544198379127</millis>
  <sequence>611</sequence>
  <level>START</level>
  <class>com.kms.katalon.core.logging.XmlKeywordLogger</class>
  <method>startKeyword</method>
  <thread>1</thread>
  <message>Start action : waitForElementPresent(findTestObject(\&amp;quot;Object Repository/FSM1/Create ABP Inspection Manual Ass/Page_JM Control Centre/Page_JM Control Centre/Page_JM Control Centre/div_APPROVED\&amp;quot;), 120, STOP_ON_FAILURE)</message>
  <nestedLevel>1</nestedLevel>
  <property name="startLine">96</property>
  <property name="stepIndex">32</property>
</record>
<record>
  <date>2018-12-07T15:59:42</date>
  <millis>1544198382221</millis>
  <sequence>625</sequence>
  <level>PASSED</level>
  <class>com.kms.katalon.core.logging.XmlKeywordLogger</class>
  <method>logMessage</method>
  <thread>1</thread>
  <message>Object &amp;apos;Object Repository/FSM1/Create ABP Inspection Manual Ass/Page_JM Control Centre/Page_JM Control Centre/Page_JM Control Centre/div_APPROVED&amp;apos; is present</message>
  <nestedLevel>1</nestedLevel>
</record>
<record>
  <date>2018-12-07T15:59:42</date>
  <millis>1544198382417</millis>
  <sequence>627</sequence>
  <level>END</level>
  <class>com.kms.katalon.core.logging.XmlKeywordLogger</class>
  <method>endKeyword</method>
  <thread>1</thread>
  <message>End action : waitForElementPresent(findTestObject(\&amp;quot;Object Repository/FSM1/Create ABP Inspection Manual Ass/Page_JM Control Centre/Page_JM Control Centre/Page_JM Control Centre/div_APPROVED\&amp;quot;), 120, STOP_ON_FAILURE)</message>
  <nestedLevel>1</nestedLevel>
</record>
<record>
  <date>2018-12-07T15:59:42</date>
  <millis>1544198382417</millis>
  <sequence>628</sequence>
  <level>START</level>
  <class>com.kms.katalon.core.logging.XmlKeywordLogger</class>
  <method>startKeyword</method>
  <thread>1</thread>
  <message>Start action : click(findTestObject(\&amp;quot;Object Repository/FSM1/Create ABP Inspection Manual Ass/Page_JM Control Centre/Page_JM Control Centre/Page_JM Control Centre/span_Schedule\&amp;quot;))</message>
  <nestedLevel>1</nestedLevel>
  <property name="startLine">99</property>
  <property name="stepIndex">33</property>
</record>
<record>
  <date>2018-12-07T15:59:42</date>
  <millis>1544198382867</millis>
  <sequence>643</sequence>
  <level>PASSED</level>
  <class>com.kms.katalon.core.logging.XmlKeywordLogger</class>
  <method>logMessage</method>
  <thread>1</thread>
  <message>Object: &amp;apos;Object Repository/FSM1/Create ABP Inspection Manual Ass/Page_JM Control Centre/Page_JM Control Centre/Page_JM Control Centre/span_Schedule&amp;apos; is clicked on</message>
  <nestedLevel>1</nestedLevel>
</record>
<record>
  <date>2018-12-07T15:59:42</date>
  <millis>1544198382889</millis>
  <sequence>645</sequence>
  <level>END</level>
  <class>com.kms.katalon.core.logging.XmlKeywordLogger</class>
  <method>endKeyword</method>
  <thread>1</thread>
  <message>End action : click(findTestObject(\&amp;quot;Object Repository/FSM1/Create ABP Inspection Manual Ass/Page_JM Control Centre/Page_JM Control Centre/Page_JM Control Centre/span_Schedule\&amp;quot;))</message>
  <nestedLevel>1</nestedLevel>
</record>
<record>
  <date>2018-12-07T15:59:42</date>
  <millis>1544198382889</millis>
  <sequence>646</sequence>
  <level>START</level>
  <class>com.kms.katalon.core.logging.XmlKeywordLogger</class>
  <method>startKeyword</method>
  <thread>1</thread>
  <message>Start action : click(findTestObject(\&amp;quot;Object Repository/JM_8918/New/Page_JM Control Centre/Page_JM Control Centre/label_Manually Allocate as an\&amp;quot;))</message>
  <nestedLevel>1</nestedLevel>
  <property name="startLine">101</property>
  <property name="stepIndex">34</property>
</record>
<record>
  <date>2018-12-07T15:59:47</date>
  <millis>1544198387155</millis>
  <sequence>660</sequence>
  <level>PASSED</level>
  <class>com.kms.katalon.core.logging.XmlKeywordLogger</class>
  <method>logMessage</method>
  <thread>1</thread>
  <message>Object: &amp;apos;Object Repository/JM_8918/New/Page_JM Control Centre/Page_JM Control Centre/label_Manually Allocate as an&amp;apos; is clicked on</message>
  <nestedLevel>1</nestedLevel>
</record>
<record>
  <date>2018-12-07T15:59:47</date>
  <millis>1544198387289</millis>
  <sequence>662</sequence>
  <level>END</level>
  <class>com.kms.katalon.core.logging.XmlKeywordLogger</class>
  <method>endKeyword</method>
  <thread>1</thread>
  <message>End action : click(findTestObject(\&amp;quot;Object Repository/JM_8918/New/Page_JM Control Centre/Page_JM Control Centre/label_Manually Allocate as an\&amp;quot;))</message>
  <nestedLevel>1</nestedLevel>
</record>
<record>
  <date>2018-12-07T15:59:47</date>
  <millis>1544198387290</millis>
  <sequence>663</sequence>
  <level>START</level>
  <class>com.kms.katalon.core.logging.XmlKeywordLogger</class>
  <method>startKeyword</method>
  <thread>1</thread>
  <message>Start action : click(findTestObject(\&amp;quot;Object Repository/JM_8918/New/Page_JM Control Centre/Page_JM Control Centre/div_Owner_v-filterselect-butto\&amp;quot;))</message>
  <nestedLevel>1</nestedLevel>
  <property name="startLine">103</property>
  <property name="stepIndex">35</property>
</record>
<record>
  <date>2018-12-07T15:59:48</date>
  <millis>1544198388173</millis>
  <sequence>677</sequence>
  <level>PASSED</level>
  <class>com.kms.katalon.core.logging.XmlKeywordLogger</class>
  <method>logMessage</method>
  <thread>1</thread>
  <message>Object: &amp;apos;Object Repository/JM_8918/New/Page_JM Control Centre/Page_JM Control Centre/div_Owner_v-filterselect-butto&amp;apos; is clicked on</message>
  <nestedLevel>1</nestedLevel>
</record>
<record>
  <date>2018-12-07T15:59:48</date>
  <millis>1544198388822</millis>
  <sequence>679</sequence>
  <level>END</level>
  <class>com.kms.katalon.core.logging.XmlKeywordLogger</class>
  <method>endKeyword</method>
  <thread>1</thread>
  <message>End action : click(findTestObject(\&amp;quot;Object Repository/JM_8918/New/Page_JM Control Centre/Page_JM Control Centre/div_Owner_v-filterselect-butto\&amp;quot;))</message>
  <nestedLevel>1</nestedLevel>
</record>
<record>
  <date>2018-12-07T15:59:48</date>
  <millis>1544198388822</millis>
  <sequence>680</sequence>
  <level>START</level>
  <class>com.kms.katalon.core.logging.XmlKeywordLogger</class>
  <method>startKeyword</method>
  <thread>1</thread>
  <message>Start action : setText(findTestObject(\&amp;quot;Object Repository/JM_8918/New/Page_JM Control Centre/Page_JM Control Centre/input_Owner_gwt-uid-304\&amp;quot;), \&amp;quot;test\&amp;quot;)</message>
  <nestedLevel>1</nestedLevel>
  <property name="startLine">105</property>
  <property name="stepIndex">36</property>
</record>
<record>
  <date>2018-12-07T15:59:49</date>
  <millis>1544198389235</millis>
  <sequence>699</sequence>
  <level>PASSED</level>
  <class>com.kms.katalon.core.logging.XmlKeywordLogger</class>
  <method>logMessage</method>
  <thread>1</thread>
  <message>Text &amp;apos;test&amp;apos; is set on object &amp;apos;Object Repository/JM_8918/New/Page_JM Control Centre/Page_JM Control Centre/input_Owner_gwt-uid-304&amp;apos;</message>
  <nestedLevel>1</nestedLevel>
</record>
<record>
  <date>2018-12-07T15:59:49</date>
  <millis>1544198389289</millis>
  <sequence>701</sequence>
  <level>END</level>
  <class>com.kms.katalon.core.logging.XmlKeywordLogger</class>
  <method>endKeyword</method>
  <thread>1</thread>
  <message>End action : setText(findTestObject(\&amp;quot;Object Repository/JM_8918/New/Page_JM Control Centre/Page_JM Control Centre/input_Owner_gwt-uid-304\&amp;quot;), \&amp;quot;test\&amp;quot;)</message>
  <nestedLevel>1</nestedLevel>
</record>
<record>
  <date>2018-12-07T15:59:49</date>
  <millis>1544198389289</millis>
  <sequence>702</sequence>
  <level>START</level>
  <class>com.kms.katalon.core.logging.XmlKeywordLogger</class>
  <method>startKeyword</method>
  <thread>1</thread>
  <message>Start action : click(findTestObject(\&amp;quot;Object Repository/JM_8918/New/Page_JM Control Centre/Page_JM Control Centre/span_Test Inspector\&amp;quot;))</message>
  <nestedLevel>1</nestedLevel>
  <property name="startLine">108</property>
  <property name="stepIndex">37</property>
</record>
<record>
  <date>2018-12-07T15:59:49</date>
  <millis>1544198389604</millis>
  <sequence>716</sequence>
  <level>PASSED</level>
  <class>com.kms.katalon.core.logging.XmlKeywordLogger</class>
  <method>logMessage</method>
  <thread>1</thread>
  <message>Object: &amp;apos;Object Repository/JM_8918/New/Page_JM Control Centre/Page_JM Control Centre/span_Test Inspector&amp;apos; is clicked on</message>
  <nestedLevel>1</nestedLevel>
</record>
<record>
  <date>2018-12-07T15:59:50</date>
  <millis>1544198390413</millis>
  <sequence>718</sequence>
  <level>END</level>
  <class>com.kms.katalon.core.logging.XmlKeywordLogger</class>
  <method>endKeyword</method>
  <thread>1</thread>
  <message>End action : click(findTestObject(\&amp;quot;Object Repository/JM_8918/New/Page_JM Control Centre/Page_JM Control Centre/span_Test Inspector\&amp;quot;))</message>
  <nestedLevel>1</nestedLevel>
</record>
<record>
  <date>2018-12-07T15:59:50</date>
  <millis>1544198390413</millis>
  <sequence>719</sequence>
  <level>START</level>
  <class>com.kms.katalon.core.logging.XmlKeywordLogger</class>
  <method>startKeyword</method>
  <thread>1</thread>
  <message>Start action : mydate = new java.util.Date()</message>
  <nestedLevel>1</nestedLevel>
  <property name="startLine">110</property>
  <property name="stepIndex">38</property>
</record>
<record>
  <date>2018-12-07T15:59:50</date>
  <millis>1544198390424</millis>
  <sequence>720</sequence>
  <level>END</level>
  <class>com.kms.katalon.core.logging.XmlKeywordLogger</class>
  <method>endKeyword</method>
  <thread>1</thread>
  <message>End action : mydate = new java.util.Date()</message>
  <nestedLevel>1</nestedLevel>
</record>
<record>
  <date>2018-12-07T15:59:50</date>
  <millis>1544198390424</millis>
  <sequence>721</sequence>
  <level>START</level>
  <class>com.kms.katalon.core.logging.XmlKeywordLogger</class>
  <method>startKeyword</method>
  <thread>1</thread>
  <message>Start action : tomorrow = mydate.next()</message>
  <nestedLevel>1</nestedLevel>
  <property name="startLine">112</property>
  <property name="stepIndex">39</property>
</record>
<record>
  <date>2018-12-07T15:59:50</date>
  <millis>1544198390426</millis>
  <sequence>722</sequence>
  <level>END</level>
  <class>com.kms.katalon.core.logging.XmlKeywordLogger</class>
  <method>endKeyword</method>
  <thread>1</thread>
  <message>End action : tomorrow = mydate.next()</message>
  <nestedLevel>1</nestedLevel>
</record>
<record>
  <date>2018-12-07T15:59:50</date>
  <millis>1544198390426</millis>
  <sequence>723</sequence>
  <level>START</level>
  <class>com.kms.katalon.core.logging.XmlKeywordLogger</class>
  <method>startKeyword</method>
  <thread>1</thread>
  <message>Start action : formattedDate = tomorrow.format(\&amp;quot;dd-MMM-yyyy\&amp;quot;)</message>
  <nestedLevel>1</nestedLevel>
  <property name="startLine">114</property>
  <property name="stepIndex">40</property>
</record>
<record>
  <date>2018-12-07T15:59:50</date>
  <millis>1544198390434</millis>
  <sequence>724</sequence>
  <level>END</level>
  <class>com.kms.katalon.core.logging.XmlKeywordLogger</class>
  <method>endKeyword</method>
  <thread>1</thread>
  <message>End action : formattedDate = tomorrow.format(\&amp;quot;dd-MMM-yyyy\&amp;quot;)</message>
  <nestedLevel>1</nestedLevel>
</record>
<record>
  <date>2018-12-07T15:59:50</date>
  <millis>1544198390434</millis>
  <sequence>725</sequence>
  <level>START</level>
  <class>com.kms.katalon.core.logging.XmlKeywordLogger</class>
  <method>startKeyword</method>
  <thread>1</thread>
  <message>Start action : setText(findTestObject(\&amp;quot;JM_8918/New/Page_JM Control Centre/Page_JM Control Centre/input_From date_gwt-uid-306\&amp;quot;), formattedDate)</message>
  <nestedLevel>1</nestedLevel>
  <property name="startLine">116</property>
  <property name="stepIndex">41</property>
</record>
<record>
  <date>2018-12-07T15:59:53</date>
  <millis>1544198393355</millis>
  <sequence>744</sequence>
  <level>PASSED</level>
  <class>com.kms.katalon.core.logging.XmlKeywordLogger</class>
  <method>logMessage</method>
  <thread>1</thread>
  <message>Text &amp;apos;08-Dec-2018&amp;apos; is set on object &amp;apos;Object Repository/JM_8918/New/Page_JM Control Centre/Page_JM Control Centre/input_From date_gwt-uid-306&amp;apos;</message>
  <nestedLevel>1</nestedLevel>
</record>
<record>
  <date>2018-12-07T15:59:53</date>
  <millis>1544198393426</millis>
  <sequence>746</sequence>
  <level>END</level>
  <class>com.kms.katalon.core.logging.XmlKeywordLogger</class>
  <method>endKeyword</method>
  <thread>1</thread>
  <message>End action : setText(findTestObject(\&amp;quot;JM_8918/New/Page_JM Control Centre/Page_JM Control Centre/input_From date_gwt-uid-306\&amp;quot;), formattedDate)</message>
  <nestedLevel>1</nestedLevel>
</record>
<record>
  <date>2018-12-07T15:59:53</date>
  <millis>1544198393426</millis>
  <sequence>747</sequence>
  <level>START</level>
  <class>com.kms.katalon.core.logging.XmlKeywordLogger</class>
  <method>startKeyword</method>
  <thread>1</thread>
  <message>Start action : setText(findTestObject(\&amp;quot;JM_8918/New/Page_JM Control Centre/Page_JM Control Centre/input_Due date_gwt-uid-308\&amp;quot;), formattedDate)</message>
  <nestedLevel>1</nestedLevel>
  <property name="startLine">118</property>
  <property name="stepIndex">42</property>
</record>
<record>
  <date>2018-12-07T15:59:54</date>
  <millis>1544198394657</millis>
  <sequence>766</sequence>
  <level>PASSED</level>
  <class>com.kms.katalon.core.logging.XmlKeywordLogger</class>
  <method>logMessage</method>
  <thread>1</thread>
  <message>Text &amp;apos;08-Dec-2018&amp;apos; is set on object &amp;apos;Object Repository/JM_8918/New/Page_JM Control Centre/Page_JM Control Centre/input_Due date_gwt-uid-308&amp;apos;</message>
  <nestedLevel>1</nestedLevel>
</record>
<record>
  <date>2018-12-07T15:59:54</date>
  <millis>1544198394670</millis>
  <sequence>768</sequence>
  <level>END</level>
  <class>com.kms.katalon.core.logging.XmlKeywordLogger</class>
  <method>endKeyword</method>
  <thread>1</thread>
  <message>End action : setText(findTestObject(\&amp;quot;JM_8918/New/Page_JM Control Centre/Page_JM Control Centre/input_Due date_gwt-uid-308\&amp;quot;), formattedDate)</message>
  <nestedLevel>1</nestedLevel>
</record>
<record>
  <date>2018-12-07T15:59:54</date>
  <millis>1544198394670</millis>
  <sequence>769</sequence>
  <level>START</level>
  <class>com.kms.katalon.core.logging.XmlKeywordLogger</class>
  <method>startKeyword</method>
  <thread>1</thread>
  <message>Start action : delay(30)</message>
  <nestedLevel>1</nestedLevel>
  <property name="startLine">120</property>
  <property name="stepIndex">43</property>
</record>
<record>
  <date>2018-12-07T16:00:24</date>
  <millis>1544198424672</millis>
  <sequence>771</sequence>
  <level>PASSED</level>
  <class>com.kms.katalon.core.logging.XmlKeywordLogger</class>
  <method>logMessage</method>
  <thread>1</thread>
  <message>Delayed 30 second(s)</message>
  <nestedLevel>1</nestedLevel>
</record>
<record>
  <date>2018-12-07T16:00:24</date>
  <millis>1544198424672</millis>
  <sequence>772</sequence>
  <level>END</level>
  <class>com.kms.katalon.core.logging.XmlKeywordLogger</class>
  <method>endKeyword</method>
  <thread>1</thread>
  <message>End action : delay(30)</message>
  <nestedLevel>1</nestedLevel>
</record>
<record>
  <date>2018-12-07T16:00:24</date>
  <millis>1544198424672</millis>
  <sequence>773</sequence>
  <level>START</level>
  <class>com.kms.katalon.core.logging.XmlKeywordLogger</class>
  <method>startKeyword</method>
  <thread>1</thread>
  <message>Start action : click(findTestObject(\&amp;quot;Object Repository/FSM1/Create ABP Inspection Manual Ass/Page_JM Control Centre/Page_JM Control Centre/Page_JM Control Centre/div_Allocate\&amp;quot;))</message>
  <nestedLevel>1</nestedLevel>
  <property name="startLine">122</property>
  <property name="stepIndex">44</property>
</record>
<record>
  <date>2018-12-07T16:00:25</date>
  <millis>1544198425059</millis>
  <sequence>787</sequence>
  <level>PASSED</level>
  <class>com.kms.katalon.core.logging.XmlKeywordLogger</class>
  <method>logMessage</method>
  <thread>1</thread>
  <message>Object: &amp;apos;Object Repository/FSM1/Create ABP Inspection Manual Ass/Page_JM Control Centre/Page_JM Control Centre/Page_JM Control Centre/div_Allocate&amp;apos; is clicked on</message>
  <nestedLevel>1</nestedLevel>
</record>
<record>
  <date>2018-12-07T16:00:26</date>
  <millis>1544198426182</millis>
  <sequence>789</sequence>
  <level>END</level>
  <class>com.kms.katalon.core.logging.XmlKeywordLogger</class>
  <method>endKeyword</method>
  <thread>1</thread>
  <message>End action : click(findTestObject(\&amp;quot;Object Repository/FSM1/Create ABP Inspection Manual Ass/Page_JM Control Centre/Page_JM Control Centre/Page_JM Control Centre/div_Allocate\&amp;quot;))</message>
  <nestedLevel>1</nestedLevel>
</record>
<record>
  <date>2018-12-07T16:00:26</date>
  <millis>1544198426182</millis>
  <sequence>790</sequence>
  <level>START</level>
  <class>com.kms.katalon.core.logging.XmlKeywordLogger</class>
  <method>startKeyword</method>
  <thread>1</thread>
  <message>Start action : InspectionID = getText(findTestObject(\&amp;quot;Object Repository/FSM1/Create ABP Inspection Manual Ass/Page_JM Control Centre/Page_JM Control Centre/Page_JM Control Centre/InspectionID\&amp;quot;))</message>
  <nestedLevel>1</nestedLevel>
  <property name="startLine">124</property>
  <property name="stepIndex">45</property>
</record>
<record>
  <date>2018-12-07T16:00:27</date>
  <millis>1544198427133</millis>
  <sequence>806</sequence>
  <level>PASSED</level>
  <class>com.kms.katalon.core.logging.XmlKeywordLogger</class>
  <method>logMessage</method>
  <thread>1</thread>
  <message>Text of object &amp;apos;Object Repository/FSM1/Create ABP Inspection Manual Ass/Page_JM Control Centre/Page_JM Control Centre/Page_JM Control Centre/InspectionID&amp;apos; is: &amp;apos;Viewing Job 94416&amp;apos;</message>
  <nestedLevel>1</nestedLevel>
</record>
<record>
  <date>2018-12-07T16:00:27</date>
  <millis>1544198427142</millis>
  <sequence>808</sequence>
  <level>END</level>
  <class>com.kms.katalon.core.logging.XmlKeywordLogger</class>
  <method>endKeyword</method>
  <thread>1</thread>
  <message>End action : InspectionID = getText(findTestObject(\&amp;quot;Object Repository/FSM1/Create ABP Inspection Manual Ass/Page_JM Control Centre/Page_JM Control Centre/Page_JM Control Centre/InspectionID\&amp;quot;))</message>
  <nestedLevel>1</nestedLevel>
</record>
<record>
  <date>2018-12-07T16:00:27</date>
  <millis>1544198427142</millis>
  <sequence>809</sequence>
  <level>START</level>
  <class>com.kms.katalon.core.logging.XmlKeywordLogger</class>
  <method>startKeyword</method>
  <thread>1</thread>
  <message>Start action : InspectionID = InspectionID.replaceAll(\&amp;quot;Viewing Job \&amp;quot;, \&amp;quot;\&amp;quot;)</message>
  <nestedLevel>1</nestedLevel>
  <property name="startLine">126</property>
  <property name="stepIndex">46</property>
</record>
<record>
  <date>2018-12-07T16:00:27</date>
  <millis>1544198427146</millis>
  <sequence>810</sequence>
  <level>END</level>
  <class>com.kms.katalon.core.logging.XmlKeywordLogger</class>
  <method>endKeyword</method>
  <thread>1</thread>
  <message>End action : InspectionID = InspectionID.replaceAll(\&amp;quot;Viewing Job \&amp;quot;, \&amp;quot;\&amp;quot;)</message>
  <nestedLevel>1</nestedLevel>
</record>
<record>
  <date>2018-12-07T16:00:27</date>
  <millis>1544198427146</millis>
  <sequence>811</sequence>
  <level>START</level>
  <class>com.kms.katalon.core.logging.XmlKeywordLogger</class>
  <method>startKeyword</method>
  <thread>1</thread>
  <message>Start action : log.logWarning(InspectionID)</message>
  <nestedLevel>1</nestedLevel>
  <property name="startLine">128</property>
  <property name="stepIndex">47</property>
</record>
<record>
  <date>2018-12-07T16:00:27</date>
  <millis>1544198427147</millis>
  <sequence>812</sequence>
  <level>WARNING</level>
  <class>com.kms.katalon.core.logging.XmlKeywordLogger</class>
  <method>logMessage</method>
  <thread>1</thread>
  <message>94416</message>
  <nestedLevel>1</nestedLevel>
</record>
<record>
  <date>2018-12-07T16:00:27</date>
  <millis>1544198427147</millis>
  <sequence>813</sequence>
  <level>END</level>
  <class>com.kms.katalon.core.logging.XmlKeywordLogger</class>
  <method>endKeyword</method>
  <thread>1</thread>
  <message>End action : log.logWarning(InspectionID)</message>
  <nestedLevel>1</nestedLevel>
</record>
<record>
  <date>2018-12-07T16:00:27</date>
  <millis>1544198427147</millis>
  <sequence>814</sequence>
  <level>START</level>
  <class>com.kms.katalon.core.logging.XmlKeywordLogger</class>
  <method>startKeyword</method>
  <thread>1</thread>
  <message>Start action : temp = InspectionID</message>
  <nestedLevel>1</nestedLevel>
  <property name="startLine">130</property>
  <property name="stepIndex">48</property>
</record>
<record>
  <date>2018-12-07T16:00:27</date>
  <millis>1544198427147</millis>
  <sequence>815</sequence>
  <level>END</level>
  <class>com.kms.katalon.core.logging.XmlKeywordLogger</class>
  <method>endKeyword</method>
  <thread>1</thread>
  <message>End action : temp = InspectionID</message>
  <nestedLevel>1</nestedLevel>
</record>
<record>
  <date>2018-12-07T16:00:27</date>
  <millis>1544198427147</millis>
  <sequence>816</sequence>
  <level>START</level>
  <class>com.kms.katalon.core.logging.XmlKeywordLogger</class>
  <method>startKeyword</method>
  <thread>1</thread>
  <message>Start action : delay(90)</message>
  <nestedLevel>1</nestedLevel>
  <property name="startLine">132</property>
  <property name="stepIndex">49</property>
</record>
