<?xml version="1.0" encoding="UTF-8" standalone="no"?>
<!DOCTYPE log SYSTEM "logger.dtd">
<log>
<record>
  <date>2018-12-06T11:55:17</date>
  <millis>1544097317505</millis>
  <sequence>0</sequence>
  <level>START</level>
  <class>com.kms.katalon.core.logging.XmlKeywordLogger</class>
  <method>startSuite</method>
  <thread>1</thread>
  <message>Start Test Suite : Test Suites/Form Jobs/IV17 Regression</message>
  <nestedLevel>0</nestedLevel>
  <property name="name">IV17 Regression</property>
  <property name="description"></property>
  <property name="id">Test Suites/Form Jobs/IV17 Regression</property>
</record>
<record>
  <date>2018-12-06T11:55:17</date>
  <millis>1544097317545</millis>
  <sequence>1</sequence>
  <level>RUN_DATA</level>
  <class>com.kms.katalon.core.logging.XmlKeywordLogger</class>
  <method>logMessage</method>
  <thread>1</thread>
  <message>hostName = JHATFIELD - SNDFSMINFSRV001.defra.onmicrosoft.com</message>
  <nestedLevel>0</nestedLevel>
  <property name="hostName">JHATFIELD - SNDFSMINFSRV001.defra.onmicrosoft.com</property>
</record>
<record>
  <date>2018-12-06T11:55:17</date>
  <millis>1544097317546</millis>
  <sequence>2</sequence>
  <level>RUN_DATA</level>
  <class>com.kms.katalon.core.logging.XmlKeywordLogger</class>
  <method>logMessage</method>
  <thread>1</thread>
  <message>os = Windows Server 2016 64bit</message>
  <nestedLevel>0</nestedLevel>
  <property name="os">Windows Server 2016 64bit</property>
</record>
<record>
  <date>2018-12-06T11:55:17</date>
  <millis>1544097317546</millis>
  <sequence>3</sequence>
  <level>RUN_DATA</level>
  <class>com.kms.katalon.core.logging.XmlKeywordLogger</class>
  <method>logMessage</method>
  <thread>1</thread>
  <message>hostAddress = 10.201.1.17</message>
  <nestedLevel>0</nestedLevel>
  <property name="hostAddress">10.201.1.17</property>
</record>
<record>
  <date>2018-12-06T11:55:17</date>
  <millis>1544097317548</millis>
  <sequence>4</sequence>
  <level>RUN_DATA</level>
  <class>com.kms.katalon.core.logging.XmlKeywordLogger</class>
  <method>logMessage</method>
  <thread>1</thread>
  <message>katalonVersion = 5.9.1.2</message>
  <nestedLevel>0</nestedLevel>
  <property name="katalonVersion">5.9.1.2</property>
</record>
<record>
  <date>2018-12-06T11:55:18</date>
  <millis>1544097318070</millis>
  <sequence>5</sequence>
  <level>START</level>
  <class>com.kms.katalon.core.logging.XmlKeywordLogger</class>
  <method>startTest</method>
  <thread>1</thread>
  <message>Start Test Case : Test Cases/Generic/Launch Job Manager</message>
  <nestedLevel>1</nestedLevel>
  <property name="name">Test Cases/Generic/Launch Job Manager</property>
  <property name="description"></property>
  <property name="id">Test Cases/Generic/Launch Job Manager</property>
  <property name="source">C:\\Users\\JHATFIELD\\git\\DEFRA-FSM_Automated_Regression_JM_Upgrade\\Test Cases\\Generic\\Launch Job Manager.tc</property>
  <property name="isOptional">false</property>
</record>
<record>
  <date>2018-12-06T11:55:18</date>
  <millis>1544097318176</millis>
  <sequence>7</sequence>
  <level>INFO</level>
  <class>com.kms.katalon.core.logging.XmlKeywordLogger</class>
  <method>logMessage</method>
  <thread>1</thread>
  <message>Username = jon.hatfield</message>
  <nestedLevel>1</nestedLevel>
</record>
<record>
  <date>2018-12-06T11:55:18</date>
  <millis>1544097318177</millis>
  <sequence>8</sequence>
  <level>INFO</level>
  <class>com.kms.katalon.core.logging.XmlKeywordLogger</class>
  <method>logMessage</method>
  <thread>1</thread>
  <message>Password = Fr@nc1sJ0n</message>
  <nestedLevel>1</nestedLevel>
</record>
<record>
  <date>2018-12-06T11:55:18</date>
  <millis>1544097318177</millis>
  <sequence>9</sequence>
  <level>INFO</level>
  <class>com.kms.katalon.core.logging.XmlKeywordLogger</class>
  <method>logMessage</method>
  <thread>1</thread>
  <message>JMUsername = test.inspector</message>
  <nestedLevel>1</nestedLevel>
</record>
<record>
  <date>2018-12-06T11:55:18</date>
  <millis>1544097318177</millis>
  <sequence>10</sequence>
  <level>INFO</level>
  <class>com.kms.katalon.core.logging.XmlKeywordLogger</class>
  <method>logMessage</method>
  <thread>1</thread>
  <message>JMPassword = Password1.</message>
  <nestedLevel>1</nestedLevel>
</record>
<record>
  <date>2018-12-06T11:55:18</date>
  <millis>1544097318397</millis>
  <sequence>14</sequence>
  <level>INFO</level>
  <class>com.kms.katalon.core.logging.XmlKeywordLogger</class>
  <method>logMessage</method>
  <thread>1</thread>
  <message>(Default) URL = com.kms.katalon.core.testdata.InternalData@6ed3f258</message>
  <nestedLevel>1</nestedLevel>
</record>
<record>
  <date>2018-12-06T11:55:19</date>
  <millis>1544097319196</millis>
  <sequence>15</sequence>
  <level>START</level>
  <class>com.kms.katalon.core.logging.XmlKeywordLogger</class>
  <method>startKeyword</method>
  <thread>1</thread>
  <message>Start action : openBrowser(\&amp;quot;\&amp;quot;)</message>
  <nestedLevel>1</nestedLevel>
  <property name="startLine">25</property>
  <property name="stepIndex">1</property>
</record>
<record>
  <date>2018-12-06T11:55:20</date>
  <millis>1544097320093</millis>
  <sequence>17</sequence>
  <level>INFO</level>
  <class>com.kms.katalon.core.logging.XmlKeywordLogger</class>
  <method>logMessage</method>
  <thread>1</thread>
  <message>Starting &amp;apos;Chrome&amp;apos; driver</message>
  <nestedLevel>1</nestedLevel>
</record>
<record>
  <date>2018-12-06T11:55:20</date>
  <millis>1544097320167</millis>
  <sequence>18</sequence>
  <level>INFO</level>
  <class>com.kms.katalon.core.logging.XmlKeywordLogger</class>
  <method>logMessage</method>
  <thread>1</thread>
  <message>Action delay is set to 0 seconds</message>
  <nestedLevel>1</nestedLevel>
</record>
<record>
  <date>2018-12-06T11:55:25</date>
  <millis>1544097325729</millis>
  <sequence>20</sequence>
  <level>RUN_DATA</level>
  <class>com.kms.katalon.core.logging.XmlKeywordLogger</class>
  <method>logMessage</method>
  <thread>1</thread>
  <message>sessionId = 89e068fd3b2d9c82ede2cd3010ac2354</message>
  <nestedLevel>1</nestedLevel>
  <property name="sessionId">89e068fd3b2d9c82ede2cd3010ac2354</property>
</record>
<record>
  <date>2018-12-06T11:55:25</date>
  <millis>1544097325948</millis>
  <sequence>21</sequence>
  <level>RUN_DATA</level>
  <class>com.kms.katalon.core.logging.XmlKeywordLogger</class>
  <method>logMessage</method>
  <thread>1</thread>
  <message>browser = Chrome 70.0.3538.110</message>
  <nestedLevel>1</nestedLevel>
  <property name="browser">Chrome 70.0.3538.110</property>
</record>
<record>
  <date>2018-12-06T11:55:25</date>
  <millis>1544097325949</millis>
  <sequence>22</sequence>
  <level>RUN_DATA</level>
  <class>com.kms.katalon.core.logging.XmlKeywordLogger</class>
  <method>logMessage</method>
  <thread>1</thread>
  <message>platform = Windows Server 2016</message>
  <nestedLevel>1</nestedLevel>
  <property name="platform">Windows Server 2016</property>
</record>
<record>
  <date>2018-12-06T11:55:25</date>
  <millis>1544097325955</millis>
  <sequence>23</sequence>
  <level>RUN_DATA</level>
  <class>com.kms.katalon.core.logging.XmlKeywordLogger</class>
  <method>logMessage</method>
  <thread>1</thread>
  <message>seleniumVersion = 3.7.1</message>
  <nestedLevel>1</nestedLevel>
  <property name="seleniumVersion">3.7.1</property>
</record>
<record>
  <date>2018-12-06T11:55:25</date>
  <millis>1544097325958</millis>
  <sequence>24</sequence>
  <level>RUN_DATA</level>
  <class>com.kms.katalon.core.logging.XmlKeywordLogger</class>
  <method>logMessage</method>
  <thread>1</thread>
  <message>proxyInformation = ProxyInformation{proxyOption=NO_PROXY, proxyServerType=HTTP, password=, proxyServerAddress=, proxyServerPort=0}</message>
  <nestedLevel>1</nestedLevel>
  <property name="proxyInformation">ProxyInformation{proxyOption=NO_PROXY, proxyServerType=HTTP, password=, proxyServerAddress=, proxyServerPort=0}</property>
</record>
<record>
  <date>2018-12-06T11:55:25</date>
  <millis>1544097325965</millis>
  <sequence>25</sequence>
  <level>PASSED</level>
  <class>com.kms.katalon.core.logging.XmlKeywordLogger</class>
  <method>logMessage</method>
  <thread>1</thread>
  <message>Browser is opened with url: &amp;apos;&amp;apos;</message>
  <nestedLevel>1</nestedLevel>
</record>
<record>
  <date>2018-12-06T11:55:25</date>
  <millis>1544097325965</millis>
  <sequence>26</sequence>
  <level>END</level>
  <class>com.kms.katalon.core.logging.XmlKeywordLogger</class>
  <method>endKeyword</method>
  <thread>1</thread>
  <message>End action : openBrowser(\&amp;quot;\&amp;quot;)</message>
  <nestedLevel>1</nestedLevel>
</record>
<record>
  <date>2018-12-06T11:55:25</date>
  <millis>1544097325966</millis>
  <sequence>27</sequence>
  <level>START</level>
  <class>com.kms.katalon.core.logging.XmlKeywordLogger</class>
  <method>startKeyword</method>
  <thread>1</thread>
  <message>Start action : navigateToUrl(JMURL)</message>
  <nestedLevel>1</nestedLevel>
  <property name="startLine">27</property>
  <property name="stepIndex">2</property>
</record>
<record>
  <date>2018-12-06T11:55:28</date>
  <millis>1544097328244</millis>
  <sequence>30</sequence>
  <level>PASSED</level>
  <class>com.kms.katalon.core.logging.XmlKeywordLogger</class>
  <method>logMessage</method>
  <thread>1</thread>
  <message>Navigate to &amp;apos;https://kirona-def-6.kirona.com/jmprep/jclient/jclient.html&amp;apos; successfully</message>
  <nestedLevel>1</nestedLevel>
</record>
<record>
  <date>2018-12-06T11:55:28</date>
  <millis>1544097328249</millis>
  <sequence>31</sequence>
  <level>END</level>
  <class>com.kms.katalon.core.logging.XmlKeywordLogger</class>
  <method>endKeyword</method>
  <thread>1</thread>
  <message>End action : navigateToUrl(JMURL)</message>
  <nestedLevel>1</nestedLevel>
</record>
<record>
  <date>2018-12-06T11:55:28</date>
  <millis>1544097328250</millis>
  <sequence>32</sequence>
  <level>START</level>
  <class>com.kms.katalon.core.logging.XmlKeywordLogger</class>
  <method>startKeyword</method>
  <thread>1</thread>
  <message>Start action : setText(findTestObject(\&amp;quot;FSM1/Launch Application/Page_JClient/input_gwt-TextBox GKH2EKQBMDB\&amp;quot;), \&amp;quot;KIR1\&amp;quot;)</message>
  <nestedLevel>1</nestedLevel>
  <property name="startLine">29</property>
  <property name="stepIndex">3</property>
</record>
<record>
  <date>2018-12-06T11:55:31</date>
  <millis>1544097331112</millis>
  <sequence>44</sequence>
  <level>PASSED</level>
  <class>com.kms.katalon.core.logging.XmlKeywordLogger</class>
  <method>logMessage</method>
  <thread>1</thread>
  <message>Text &amp;apos;KIR1&amp;apos; is set on object &amp;apos;Object Repository/FSM1/Launch Application/Page_JClient/input_gwt-TextBox GKH2EKQBMDB&amp;apos;</message>
  <nestedLevel>1</nestedLevel>
</record>
<record>
  <date>2018-12-06T11:55:31</date>
  <millis>1544097331113</millis>
  <sequence>45</sequence>
  <level>END</level>
  <class>com.kms.katalon.core.logging.XmlKeywordLogger</class>
  <method>endKeyword</method>
  <thread>1</thread>
  <message>End action : setText(findTestObject(\&amp;quot;FSM1/Launch Application/Page_JClient/input_gwt-TextBox GKH2EKQBMDB\&amp;quot;), \&amp;quot;KIR1\&amp;quot;)</message>
  <nestedLevel>1</nestedLevel>
</record>
<record>
  <date>2018-12-06T11:55:31</date>
  <millis>1544097331115</millis>
  <sequence>46</sequence>
  <level>START</level>
  <class>com.kms.katalon.core.logging.XmlKeywordLogger</class>
  <method>startKeyword</method>
  <thread>1</thread>
  <message>Start action : sendKeys(findTestObject(\&amp;quot;FSM1/Launch Application/Page_JClient/input_gwt-TextBox GKH2EKQBMDB\&amp;quot;), Keys.chord(ENTER))</message>
  <nestedLevel>1</nestedLevel>
  <property name="startLine">31</property>
  <property name="stepIndex">4</property>
</record>
<record>
  <date>2018-12-06T11:55:31</date>
  <millis>1544097331296</millis>
  <sequence>52</sequence>
  <level>PASSED</level>
  <class>com.kms.katalon.core.logging.XmlKeywordLogger</class>
  <method>logMessage</method>
  <thread>1</thread>
  <message>Keys &amp;apos;ENTER + &amp;apos; sent to object: &amp;apos;Object Repository/FSM1/Launch Application/Page_JClient/input_gwt-TextBox GKH2EKQBMDB&amp;apos;</message>
  <nestedLevel>1</nestedLevel>
</record>
<record>
  <date>2018-12-06T11:55:31</date>
  <millis>1544097331301</millis>
  <sequence>53</sequence>
  <level>END</level>
  <class>com.kms.katalon.core.logging.XmlKeywordLogger</class>
  <method>endKeyword</method>
  <thread>1</thread>
  <message>End action : sendKeys(findTestObject(\&amp;quot;FSM1/Launch Application/Page_JClient/input_gwt-TextBox GKH2EKQBMDB\&amp;quot;), Keys.chord(ENTER))</message>
  <nestedLevel>1</nestedLevel>
</record>
<record>
  <date>2018-12-06T11:55:31</date>
  <millis>1544097331302</millis>
  <sequence>54</sequence>
  <level>START</level>
  <class>com.kms.katalon.core.logging.XmlKeywordLogger</class>
  <method>startKeyword</method>
  <thread>1</thread>
  <message>Start action : click(findTestObject(\&amp;quot;FSM1/Launch Application/Page_JClient/div_Configure App\&amp;quot;))</message>
  <nestedLevel>1</nestedLevel>
  <property name="startLine">33</property>
  <property name="stepIndex">5</property>
</record>
<record>
  <date>2018-12-06T11:55:31</date>
  <millis>1544097331583</millis>
  <sequence>61</sequence>
  <level>PASSED</level>
  <class>com.kms.katalon.core.logging.XmlKeywordLogger</class>
  <method>logMessage</method>
  <thread>1</thread>
  <message>Object: &amp;apos;Object Repository/FSM1/Launch Application/Page_JClient/div_Configure App&amp;apos; is clicked on</message>
  <nestedLevel>1</nestedLevel>
</record>
<record>
  <date>2018-12-06T11:55:31</date>
  <millis>1544097331590</millis>
  <sequence>62</sequence>
  <level>END</level>
  <class>com.kms.katalon.core.logging.XmlKeywordLogger</class>
  <method>endKeyword</method>
  <thread>1</thread>
  <message>End action : click(findTestObject(\&amp;quot;FSM1/Launch Application/Page_JClient/div_Configure App\&amp;quot;))</message>
  <nestedLevel>1</nestedLevel>
</record>
<record>
  <date>2018-12-06T11:55:31</date>
  <millis>1544097331590</millis>
  <sequence>63</sequence>
  <level>START</level>
  <class>com.kms.katalon.core.logging.XmlKeywordLogger</class>
  <method>startKeyword</method>
  <thread>1</thread>
  <message>Start action : setText(findTestObject(\&amp;quot;FSM1/Launch Application/Page_JClient/input_gwt-TextBox GKH2EKQBNHC\&amp;quot;), findTestData(\&amp;quot;Pre Production/Environmental/UandP\&amp;quot;).getValue(3, 1))</message>
  <nestedLevel>1</nestedLevel>
  <property name="startLine">35</property>
  <property name="stepIndex">6</property>
</record>
<record>
  <date>2018-12-06T11:55:32</date>
  <millis>1544097332716</millis>
  <sequence>78</sequence>
  <level>PASSED</level>
  <class>com.kms.katalon.core.logging.XmlKeywordLogger</class>
  <method>logMessage</method>
  <thread>1</thread>
  <message>Text &amp;apos;test.inspector&amp;apos; is set on object &amp;apos;Object Repository/FSM1/Launch Application/Page_JClient/input_gwt-TextBox GKH2EKQBNHC&amp;apos;</message>
  <nestedLevel>1</nestedLevel>
</record>
<record>
  <date>2018-12-06T11:55:32</date>
  <millis>1544097332717</millis>
  <sequence>79</sequence>
  <level>END</level>
  <class>com.kms.katalon.core.logging.XmlKeywordLogger</class>
  <method>endKeyword</method>
  <thread>1</thread>
  <message>End action : setText(findTestObject(\&amp;quot;FSM1/Launch Application/Page_JClient/input_gwt-TextBox GKH2EKQBNHC\&amp;quot;), findTestData(\&amp;quot;Pre Production/Environmental/UandP\&amp;quot;).getValue(3, 1))</message>
  <nestedLevel>1</nestedLevel>
</record>
<record>
  <date>2018-12-06T11:55:32</date>
  <millis>1544097332717</millis>
  <sequence>80</sequence>
  <level>START</level>
  <class>com.kms.katalon.core.logging.XmlKeywordLogger</class>
  <method>startKeyword</method>
  <thread>1</thread>
  <message>Start action : setText(findTestObject(\&amp;quot;FSM1/Launch Application/Page_JClient/input_gwt-PasswordTextBox GKH2\&amp;quot;), findTestData(\&amp;quot;Pre Production/Environmental/UandP\&amp;quot;).getValue(4, 1))</message>
  <nestedLevel>1</nestedLevel>
  <property name="startLine">38</property>
  <property name="stepIndex">7</property>
</record>
<record>
  <date>2018-12-06T11:55:33</date>
  <millis>1544097333095</millis>
  <sequence>95</sequence>
  <level>PASSED</level>
  <class>com.kms.katalon.core.logging.XmlKeywordLogger</class>
  <method>logMessage</method>
  <thread>1</thread>
  <message>Text &amp;apos;Password1.&amp;apos; is set on object &amp;apos;Object Repository/FSM1/Launch Application/Page_JClient/input_gwt-PasswordTextBox GKH2&amp;apos;</message>
  <nestedLevel>1</nestedLevel>
</record>
<record>
  <date>2018-12-06T11:55:33</date>
  <millis>1544097333097</millis>
  <sequence>96</sequence>
  <level>END</level>
  <class>com.kms.katalon.core.logging.XmlKeywordLogger</class>
  <method>endKeyword</method>
  <thread>1</thread>
  <message>End action : setText(findTestObject(\&amp;quot;FSM1/Launch Application/Page_JClient/input_gwt-PasswordTextBox GKH2\&amp;quot;), findTestData(\&amp;quot;Pre Production/Environmental/UandP\&amp;quot;).getValue(4, 1))</message>
  <nestedLevel>1</nestedLevel>
</record>
<record>
  <date>2018-12-06T11:55:33</date>
  <millis>1544097333097</millis>
  <sequence>97</sequence>
  <level>START</level>
  <class>com.kms.katalon.core.logging.XmlKeywordLogger</class>
  <method>startKeyword</method>
  <thread>1</thread>
  <message>Start action : click(findTestObject(\&amp;quot;FSM1/Launch Application/Page_JClient/div_Sign In\&amp;quot;))</message>
  <nestedLevel>1</nestedLevel>
  <property name="startLine">41</property>
  <property name="stepIndex">8</property>
</record>
<record>
  <date>2018-12-06T11:55:33</date>
  <millis>1544097333276</millis>
  <sequence>104</sequence>
  <level>PASSED</level>
  <class>com.kms.katalon.core.logging.XmlKeywordLogger</class>
  <method>logMessage</method>
  <thread>1</thread>
  <message>Object: &amp;apos;Object Repository/FSM1/Launch Application/Page_JClient/div_Sign In&amp;apos; is clicked on</message>
  <nestedLevel>1</nestedLevel>
</record>
<record>
  <date>2018-12-06T11:55:33</date>
  <millis>1544097333277</millis>
  <sequence>105</sequence>
  <level>END</level>
  <class>com.kms.katalon.core.logging.XmlKeywordLogger</class>
  <method>endKeyword</method>
  <thread>1</thread>
  <message>End action : click(findTestObject(\&amp;quot;FSM1/Launch Application/Page_JClient/div_Sign In\&amp;quot;))</message>
  <nestedLevel>1</nestedLevel>
</record>
<record>
  <date>2018-12-06T11:55:33</date>
  <millis>1544097333277</millis>
  <sequence>106</sequence>
  <level>START</level>
  <class>com.kms.katalon.core.logging.XmlKeywordLogger</class>
  <method>startKeyword</method>
  <thread>1</thread>
  <message>Start action : delay(15)</message>
  <nestedLevel>1</nestedLevel>
  <property name="startLine">43</property>
  <property name="stepIndex">9</property>
</record>
<record>
  <date>2018-12-06T11:55:48</date>
  <millis>1544097348343</millis>
  <sequence>108</sequence>
  <level>PASSED</level>
  <class>com.kms.katalon.core.logging.XmlKeywordLogger</class>
  <method>logMessage</method>
  <thread>1</thread>
  <message>Delayed 15 second(s)</message>
  <nestedLevel>1</nestedLevel>
</record>
<record>
  <date>2018-12-06T11:55:48</date>
  <millis>1544097348343</millis>
  <sequence>109</sequence>
  <level>END</level>
  <class>com.kms.katalon.core.logging.XmlKeywordLogger</class>
  <method>endKeyword</method>
  <thread>1</thread>
  <message>End action : delay(15)</message>
  <nestedLevel>1</nestedLevel>
</record>
<record>
  <date>2018-12-06T11:55:48</date>
  <millis>1544097348343</millis>
  <sequence>110</sequence>
  <level>PASSED</level>
  <class>com.kms.katalon.core.logging.XmlKeywordLogger</class>
  <method>logMessage</method>
  <thread>1</thread>
  <message>Test Cases/Generic/Launch Job Manager</message>
  <nestedLevel>1</nestedLevel>
</record>
<record>
  <date>2018-12-06T11:55:48</date>
  <millis>1544097348344</millis>
  <sequence>111</sequence>
  <level>END</level>
  <class>com.kms.katalon.core.logging.XmlKeywordLogger</class>
  <method>endTest</method>
  <thread>1</thread>
  <message>End Test Case : Test Cases/Generic/Launch Job Manager</message>
  <nestedLevel>0</nestedLevel>
</record>
<record>
  <date>2018-12-06T11:55:48</date>
  <millis>1544097348355</millis>
  <sequence>112</sequence>
  <level>START</level>
  <class>com.kms.katalon.core.logging.XmlKeywordLogger</class>
  <method>startTest</method>
  <thread>1</thread>
  <message>Start Test Case : Test Cases/Form Jobs/IV17/Complete IV17 Inspection</message>
  <nestedLevel>1</nestedLevel>
  <property name="name">Test Cases/Form Jobs/IV17/Complete IV17 Inspection</property>
  <property name="description"></property>
  <property name="id">Test Cases/Form Jobs/IV17/Complete IV17 Inspection</property>
  <property name="source">C:\\Users\\JHATFIELD\\git\\DEFRA-FSM_Automated_Regression_JM_Upgrade\\Test Cases\\Form Jobs\\IV17\\Complete IV17 Inspection.tc</property>
  <property name="isOptional">false</property>
</record>
<record>
  <date>2018-12-06T11:55:49</date>
  <millis>1544097349230</millis>
  <sequence>114</sequence>
  <level>START</level>
  <class>com.kms.katalon.core.logging.XmlKeywordLogger</class>
  <method>startKeyword</method>
  <thread>1</thread>
  <message>Start action : log = new com.kms.katalon.core.logging.KeywordLogger()</message>
  <nestedLevel>1</nestedLevel>
  <property name="startLine">27</property>
  <property name="stepIndex">1</property>
</record>
<record>
  <date>2018-12-06T11:55:49</date>
  <millis>1544097349232</millis>
  <sequence>115</sequence>
  <level>END</level>
  <class>com.kms.katalon.core.logging.XmlKeywordLogger</class>
  <method>endKeyword</method>
  <thread>1</thread>
  <message>End action : log = new com.kms.katalon.core.logging.KeywordLogger()</message>
  <nestedLevel>1</nestedLevel>
</record>
<record>
  <date>2018-12-06T11:55:49</date>
  <millis>1544097349232</millis>
  <sequence>116</sequence>
  <level>START</level>
  <class>com.kms.katalon.core.logging.XmlKeywordLogger</class>
  <method>startKeyword</method>
  <thread>1</thread>
  <message>Start action : delay(15)</message>
  <nestedLevel>1</nestedLevel>
  <property name="startLine">29</property>
  <property name="stepIndex">2</property>
</record>
<record>
  <date>2018-12-06T11:56:04</date>
  <millis>1544097364238</millis>
  <sequence>118</sequence>
  <level>PASSED</level>
  <class>com.kms.katalon.core.logging.XmlKeywordLogger</class>
  <method>logMessage</method>
  <thread>1</thread>
  <message>Delayed 15 second(s)</message>
  <nestedLevel>1</nestedLevel>
</record>
<record>
  <date>2018-12-06T11:56:04</date>
  <millis>1544097364238</millis>
  <sequence>119</sequence>
  <level>END</level>
  <class>com.kms.katalon.core.logging.XmlKeywordLogger</class>
  <method>endKeyword</method>
  <thread>1</thread>
  <message>End action : delay(15)</message>
  <nestedLevel>1</nestedLevel>
</record>
<record>
  <date>2018-12-06T11:56:04</date>
  <millis>1544097364238</millis>
  <sequence>120</sequence>
  <level>START</level>
  <class>com.kms.katalon.core.logging.XmlKeywordLogger</class>
  <method>startKeyword</method>
  <thread>1</thread>
  <message>Start action : click(findTestObject(\&amp;quot;Object Repository/FSM1/Release22/Page_JClient/div_Main Menu_GKH2EKQBMBC\&amp;quot;))</message>
  <nestedLevel>1</nestedLevel>
  <property name="startLine">31</property>
  <property name="stepIndex">3</property>
</record>
