<?xml version="1.0" encoding="UTF-8" standalone="no"?>
<!DOCTYPE log SYSTEM "logger.dtd">
<log>
<record>
  <date>2019-01-09T10:27:13</date>
  <millis>1547029633918</millis>
  <sequence>0</sequence>
  <level>START</level>
  <class>com.kms.katalon.core.logging.XmlKeywordLogger</class>
  <method>startSuite</method>
  <thread>1</thread>
  <message>Start Test Suite : Test Suites/NCP/NCP Regression - Breeding Chickens</message>
  <nestedLevel>0</nestedLevel>
  <property name="name">NCP Regression - Breeding Chickens</property>
  <property name="description"></property>
  <property name="id">Test Suites/NCP/NCP Regression - Breeding Chickens</property>
</record>
<record>
  <date>2019-01-09T10:27:13</date>
  <millis>1547029633941</millis>
  <sequence>1</sequence>
  <level>RUN_DATA</level>
  <class>com.kms.katalon.core.logging.XmlKeywordLogger</class>
  <method>logMessage</method>
  <thread>1</thread>
  <message>hostName = jonha - DESKTOP-KMCIR60</message>
  <nestedLevel>0</nestedLevel>
  <property name="hostName">jonha - DESKTOP-KMCIR60</property>
</record>
<record>
  <date>2019-01-09T10:27:13</date>
  <millis>1547029633943</millis>
  <sequence>2</sequence>
  <level>RUN_DATA</level>
  <class>com.kms.katalon.core.logging.XmlKeywordLogger</class>
  <method>logMessage</method>
  <thread>1</thread>
  <message>os = Windows 10 64bit</message>
  <nestedLevel>0</nestedLevel>
  <property name="os">Windows 10 64bit</property>
</record>
<record>
  <date>2019-01-09T10:27:13</date>
  <millis>1547029633943</millis>
  <sequence>3</sequence>
  <level>RUN_DATA</level>
  <class>com.kms.katalon.core.logging.XmlKeywordLogger</class>
  <method>logMessage</method>
  <thread>1</thread>
  <message>hostAddress = 172.20.10.4</message>
  <nestedLevel>0</nestedLevel>
  <property name="hostAddress">172.20.10.4</property>
</record>
<record>
  <date>2019-01-09T10:27:13</date>
  <millis>1547029633945</millis>
  <sequence>4</sequence>
  <level>RUN_DATA</level>
  <class>com.kms.katalon.core.logging.XmlKeywordLogger</class>
  <method>logMessage</method>
  <thread>1</thread>
  <message>katalonVersion = 5.9.1.2</message>
  <nestedLevel>0</nestedLevel>
  <property name="katalonVersion">5.9.1.2</property>
</record>
<record>
  <date>2019-01-09T10:27:14</date>
  <millis>1547029634276</millis>
  <sequence>5</sequence>
  <level>START</level>
  <class>com.kms.katalon.core.logging.XmlKeywordLogger</class>
  <method>startTest</method>
  <thread>1</thread>
  <message>Start Test Case : Test Cases/Email/Verify Email</message>
  <nestedLevel>1</nestedLevel>
  <property name="name">Test Cases/Email/Verify Email</property>
  <property name="description"></property>
  <property name="id">Test Cases/Email/Verify Email</property>
  <property name="source">C:\\Users\\jonha\\Documents\\Katalon\\APHA\\JM_8.9\\FSM_Regression\\Test Cases\\Email\\Verify Email.tc</property>
  <property name="isOptional">false</property>
</record>
<record>
  <date>2019-01-09T10:27:14</date>
  <millis>1547029634419</millis>
  <sequence>7</sequence>
  <level>INFO</level>
  <class>com.kms.katalon.core.logging.XmlKeywordLogger</class>
  <method>logMessage</method>
  <thread>1</thread>
  <message>(Default) variable = </message>
  <nestedLevel>1</nestedLevel>
</record>
<record>
  <date>2019-01-09T10:27:15</date>
  <millis>1547029635007</millis>
  <sequence>8</sequence>
  <level>START</level>
  <class>com.kms.katalon.core.logging.XmlKeywordLogger</class>
  <method>startKeyword</method>
  <thread>1</thread>
  <message>Start action : sendRequest(findTestObject(\&amp;quot;Object Repository/SetEmailUser\&amp;quot;, [\&amp;quot;f\&amp;quot;:\&amp;quot;set_email_user\&amp;quot;, \&amp;quot;email_user\&amp;quot;:\&amp;quot;hatfield\&amp;quot;, \&amp;quot;site\&amp;quot;:\&amp;quot;guerrillamail.com\&amp;quot;, \&amp;quot;lang\&amp;quot;:\&amp;quot;en\&amp;quot;, \&amp;quot;sid_token\&amp;quot;:\&amp;quot;0o023c6smtcm8i1somj12o63o6\&amp;quot;]))</message>
  <nestedLevel>1</nestedLevel>
  <property name="startLine">24</property>
  <property name="stepIndex">1</property>
</record>
