<?xml version="1.0" encoding="UTF-8" standalone="no"?>
<!DOCTYPE log SYSTEM "logger.dtd">
<log>
<record>
  <date>2018-12-15T11:43:28</date>
  <millis>1544874208475</millis>
  <sequence>0</sequence>
  <level>START</level>
  <class>com.kms.katalon.core.logging.XmlKeywordLogger</class>
  <method>startSuite</method>
  <thread>1</thread>
  <message>Start Test Suite : Test Suites/NCP/NCP Regression - Layers</message>
  <nestedLevel>0</nestedLevel>
  <property name="name">NCP Regression - Layers</property>
  <property name="description"></property>
  <property name="id">Test Suites/NCP/NCP Regression - Layers</property>
</record>
<record>
  <date>2018-12-15T11:43:28</date>
  <millis>1544874208502</millis>
  <sequence>1</sequence>
  <level>RUN_DATA</level>
  <class>com.kms.katalon.core.logging.XmlKeywordLogger</class>
  <method>logMessage</method>
  <thread>1</thread>
  <message>hostName = jonha - DESKTOP-KMCIR60</message>
  <nestedLevel>0</nestedLevel>
  <property name="hostName">jonha - DESKTOP-KMCIR60</property>
</record>
<record>
  <date>2018-12-15T11:43:28</date>
  <millis>1544874208503</millis>
  <sequence>2</sequence>
  <level>RUN_DATA</level>
  <class>com.kms.katalon.core.logging.XmlKeywordLogger</class>
  <method>logMessage</method>
  <thread>1</thread>
  <message>os = Windows 10 64bit</message>
  <nestedLevel>0</nestedLevel>
  <property name="os">Windows 10 64bit</property>
</record>
<record>
  <date>2018-12-15T11:43:28</date>
  <millis>1544874208504</millis>
  <sequence>3</sequence>
  <level>RUN_DATA</level>
  <class>com.kms.katalon.core.logging.XmlKeywordLogger</class>
  <method>logMessage</method>
  <thread>1</thread>
  <message>hostAddress = 192.168.0.17</message>
  <nestedLevel>0</nestedLevel>
  <property name="hostAddress">192.168.0.17</property>
</record>
<record>
  <date>2018-12-15T11:43:28</date>
  <millis>1544874208506</millis>
  <sequence>4</sequence>
  <level>RUN_DATA</level>
  <class>com.kms.katalon.core.logging.XmlKeywordLogger</class>
  <method>logMessage</method>
  <thread>1</thread>
  <message>katalonVersion = 5.9.1.2</message>
  <nestedLevel>0</nestedLevel>
  <property name="katalonVersion">5.9.1.2</property>
</record>
<record>
  <date>2018-12-15T11:43:28</date>
  <millis>1544874208853</millis>
  <sequence>5</sequence>
  <level>START</level>
  <class>com.kms.katalon.core.logging.XmlKeywordLogger</class>
  <method>startTest</method>
  <thread>1</thread>
  <message>Start Test Case : Test Cases/Generic/Launch Job Manager Control Centre</message>
  <nestedLevel>1</nestedLevel>
  <property name="name">Test Cases/Generic/Launch Job Manager Control Centre</property>
  <property name="description"></property>
  <property name="id">Test Cases/Generic/Launch Job Manager Control Centre</property>
  <property name="source">C:\\Users\\jonha\\Documents\\Katalon\\APHA\\JM_8.9\\FSM_Regression\\Test Cases\\Generic\\Launch Job Manager Control Centre.tc</property>
  <property name="isOptional">false</property>
</record>
<record>
  <date>2018-12-15T11:43:28</date>
  <millis>1544874208902</millis>
  <sequence>7</sequence>
  <level>INFO</level>
  <class>com.kms.katalon.core.logging.XmlKeywordLogger</class>
  <method>logMessage</method>
  <thread>1</thread>
  <message>Username = jon.hatfield</message>
  <nestedLevel>1</nestedLevel>
</record>
<record>
  <date>2018-12-15T11:43:28</date>
  <millis>1544874208904</millis>
  <sequence>8</sequence>
  <level>INFO</level>
  <class>com.kms.katalon.core.logging.XmlKeywordLogger</class>
  <method>logMessage</method>
  <thread>1</thread>
  <message>Password = Fr@nc1sJ0n</message>
  <nestedLevel>1</nestedLevel>
</record>
<record>
  <date>2018-12-15T11:43:29</date>
  <millis>1544874209036</millis>
  <sequence>12</sequence>
  <level>INFO</level>
  <class>com.kms.katalon.core.logging.XmlKeywordLogger</class>
  <method>logMessage</method>
  <thread>1</thread>
  <message>(Default) URL = com.kms.katalon.core.testdata.InternalData@6ed3f258</message>
  <nestedLevel>1</nestedLevel>
</record>
<record>
  <date>2018-12-15T11:43:29</date>
  <millis>1544874209568</millis>
  <sequence>13</sequence>
  <level>START</level>
  <class>com.kms.katalon.core.logging.XmlKeywordLogger</class>
  <method>startKeyword</method>
  <thread>1</thread>
  <message>Start action : openBrowser(\&amp;quot;\&amp;quot;)</message>
  <nestedLevel>1</nestedLevel>
  <property name="startLine">23</property>
  <property name="stepIndex">1</property>
</record>
<record>
  <date>2018-12-15T11:43:30</date>
  <millis>1544874210147</millis>
  <sequence>15</sequence>
  <level>INFO</level>
  <class>com.kms.katalon.core.logging.XmlKeywordLogger</class>
  <method>logMessage</method>
  <thread>1</thread>
  <message>Starting &amp;apos;Chrome&amp;apos; driver</message>
  <nestedLevel>1</nestedLevel>
</record>
<record>
  <date>2018-12-15T11:43:30</date>
  <millis>1544874210186</millis>
  <sequence>16</sequence>
  <level>INFO</level>
  <class>com.kms.katalon.core.logging.XmlKeywordLogger</class>
  <method>logMessage</method>
  <thread>1</thread>
  <message>Action delay is set to 0 seconds</message>
  <nestedLevel>1</nestedLevel>
</record>
<record>
  <date>2018-12-15T11:43:33</date>
  <millis>1544874213349</millis>
  <sequence>18</sequence>
  <level>RUN_DATA</level>
  <class>com.kms.katalon.core.logging.XmlKeywordLogger</class>
  <method>logMessage</method>
  <thread>1</thread>
  <message>sessionId = ebb3b9af9479c68d741921c4b5e463a3</message>
  <nestedLevel>1</nestedLevel>
  <property name="sessionId">ebb3b9af9479c68d741921c4b5e463a3</property>
</record>
<record>
  <date>2018-12-15T11:43:33</date>
  <millis>1544874213405</millis>
  <sequence>19</sequence>
  <level>RUN_DATA</level>
  <class>com.kms.katalon.core.logging.XmlKeywordLogger</class>
  <method>logMessage</method>
  <thread>1</thread>
  <message>browser = Chrome 70.0.3538.110</message>
  <nestedLevel>1</nestedLevel>
  <property name="browser">Chrome 70.0.3538.110</property>
</record>
<record>
  <date>2018-12-15T11:43:33</date>
  <millis>1544874213405</millis>
  <sequence>20</sequence>
  <level>RUN_DATA</level>
  <class>com.kms.katalon.core.logging.XmlKeywordLogger</class>
  <method>logMessage</method>
  <thread>1</thread>
  <message>platform = Windows 10</message>
  <nestedLevel>1</nestedLevel>
  <property name="platform">Windows 10</property>
</record>
<record>
  <date>2018-12-15T11:43:33</date>
  <millis>1544874213406</millis>
  <sequence>21</sequence>
  <level>RUN_DATA</level>
  <class>com.kms.katalon.core.logging.XmlKeywordLogger</class>
  <method>logMessage</method>
  <thread>1</thread>
  <message>seleniumVersion = 3.7.1</message>
  <nestedLevel>1</nestedLevel>
  <property name="seleniumVersion">3.7.1</property>
</record>
<record>
  <date>2018-12-15T11:43:33</date>
  <millis>1544874213409</millis>
  <sequence>22</sequence>
  <level>RUN_DATA</level>
  <class>com.kms.katalon.core.logging.XmlKeywordLogger</class>
  <method>logMessage</method>
  <thread>1</thread>
  <message>proxyInformation = ProxyInformation{proxyOption=NO_PROXY, proxyServerType=HTTP, password=, proxyServerAddress=, proxyServerPort=0}</message>
  <nestedLevel>1</nestedLevel>
  <property name="proxyInformation">ProxyInformation{proxyOption=NO_PROXY, proxyServerType=HTTP, password=, proxyServerAddress=, proxyServerPort=0}</property>
</record>
<record>
  <date>2018-12-15T11:43:33</date>
  <millis>1544874213410</millis>
  <sequence>23</sequence>
  <level>PASSED</level>
  <class>com.kms.katalon.core.logging.XmlKeywordLogger</class>
  <method>logMessage</method>
  <thread>1</thread>
  <message>Browser is opened with url: &amp;apos;&amp;apos;</message>
  <nestedLevel>1</nestedLevel>
</record>
<record>
  <date>2018-12-15T11:43:33</date>
  <millis>1544874213411</millis>
  <sequence>24</sequence>
  <level>END</level>
  <class>com.kms.katalon.core.logging.XmlKeywordLogger</class>
  <method>endKeyword</method>
  <thread>1</thread>
  <message>End action : openBrowser(\&amp;quot;\&amp;quot;)</message>
  <nestedLevel>1</nestedLevel>
</record>
<record>
  <date>2018-12-15T11:43:33</date>
  <millis>1544874213411</millis>
  <sequence>25</sequence>
  <level>START</level>
  <class>com.kms.katalon.core.logging.XmlKeywordLogger</class>
  <method>startKeyword</method>
  <thread>1</thread>
  <message>Start action : navigateToUrl(CCURL)</message>
  <nestedLevel>1</nestedLevel>
  <property name="startLine">25</property>
  <property name="stepIndex">2</property>
</record>
<record>
  <date>2018-12-15T11:43:34</date>
  <millis>1544874214766</millis>
  <sequence>28</sequence>
  <level>PASSED</level>
  <class>com.kms.katalon.core.logging.XmlKeywordLogger</class>
  <method>logMessage</method>
  <thread>1</thread>
  <message>Navigate to &amp;apos;https://kirona-def-6.kirona.com/jmprep/login#!loginView&amp;apos; successfully</message>
  <nestedLevel>1</nestedLevel>
</record>
<record>
  <date>2018-12-15T11:43:34</date>
  <millis>1544874214767</millis>
  <sequence>29</sequence>
  <level>END</level>
  <class>com.kms.katalon.core.logging.XmlKeywordLogger</class>
  <method>endKeyword</method>
  <thread>1</thread>
  <message>End action : navigateToUrl(CCURL)</message>
  <nestedLevel>1</nestedLevel>
</record>
<record>
  <date>2018-12-15T11:43:34</date>
  <millis>1544874214768</millis>
  <sequence>30</sequence>
  <level>START</level>
  <class>com.kms.katalon.core.logging.XmlKeywordLogger</class>
  <method>startKeyword</method>
  <thread>1</thread>
  <message>Start action : setText(findTestObject(\&amp;quot;FSM1/Control Centre/Page_Job Manager Login/input_gwt-uid-3\&amp;quot;), Username)</message>
  <nestedLevel>1</nestedLevel>
  <property name="startLine">27</property>
  <property name="stepIndex">3</property>
</record>
<record>
  <date>2018-12-15T11:43:35</date>
  <millis>1544874215180</millis>
  <sequence>42</sequence>
  <level>PASSED</level>
  <class>com.kms.katalon.core.logging.XmlKeywordLogger</class>
  <method>logMessage</method>
  <thread>1</thread>
  <message>Text &amp;apos;jon.hatfield&amp;apos; is set on object &amp;apos;Object Repository/FSM1/Control Centre/Page_Job Manager Login/input_gwt-uid-3&amp;apos;</message>
  <nestedLevel>1</nestedLevel>
</record>
<record>
  <date>2018-12-15T11:43:35</date>
  <millis>1544874215181</millis>
  <sequence>43</sequence>
  <level>END</level>
  <class>com.kms.katalon.core.logging.XmlKeywordLogger</class>
  <method>endKeyword</method>
  <thread>1</thread>
  <message>End action : setText(findTestObject(\&amp;quot;FSM1/Control Centre/Page_Job Manager Login/input_gwt-uid-3\&amp;quot;), Username)</message>
  <nestedLevel>1</nestedLevel>
</record>
<record>
  <date>2018-12-15T11:43:35</date>
  <millis>1544874215181</millis>
  <sequence>44</sequence>
  <level>START</level>
  <class>com.kms.katalon.core.logging.XmlKeywordLogger</class>
  <method>startKeyword</method>
  <thread>1</thread>
  <message>Start action : setText(findTestObject(\&amp;quot;FSM1/Control Centre/Page_Job Manager Login/input_gwt-uid-5\&amp;quot;), Password)</message>
  <nestedLevel>1</nestedLevel>
  <property name="startLine">29</property>
  <property name="stepIndex">4</property>
</record>
<record>
  <date>2018-12-15T11:43:35</date>
  <millis>1544874215369</millis>
  <sequence>56</sequence>
  <level>PASSED</level>
  <class>com.kms.katalon.core.logging.XmlKeywordLogger</class>
  <method>logMessage</method>
  <thread>1</thread>
  <message>Text &amp;apos;Fr@nc1sJ0n&amp;apos; is set on object &amp;apos;Object Repository/FSM1/Control Centre/Page_Job Manager Login/input_gwt-uid-5&amp;apos;</message>
  <nestedLevel>1</nestedLevel>
</record>
<record>
  <date>2018-12-15T11:43:35</date>
  <millis>1544874215370</millis>
  <sequence>57</sequence>
  <level>END</level>
  <class>com.kms.katalon.core.logging.XmlKeywordLogger</class>
  <method>endKeyword</method>
  <thread>1</thread>
  <message>End action : setText(findTestObject(\&amp;quot;FSM1/Control Centre/Page_Job Manager Login/input_gwt-uid-5\&amp;quot;), Password)</message>
  <nestedLevel>1</nestedLevel>
</record>
<record>
  <date>2018-12-15T11:43:35</date>
  <millis>1544874215370</millis>
  <sequence>58</sequence>
  <level>START</level>
  <class>com.kms.katalon.core.logging.XmlKeywordLogger</class>
  <method>startKeyword</method>
  <thread>1</thread>
  <message>Start action : click(findTestObject(\&amp;quot;FSM1/PreProd/Page_Job Manager Login/div_Login\&amp;quot;))</message>
  <nestedLevel>1</nestedLevel>
  <property name="startLine">31</property>
  <property name="stepIndex">5</property>
</record>
<record>
  <date>2018-12-15T11:43:35</date>
  <millis>1544874215502</millis>
  <sequence>65</sequence>
  <level>PASSED</level>
  <class>com.kms.katalon.core.logging.XmlKeywordLogger</class>
  <method>logMessage</method>
  <thread>1</thread>
  <message>Object: &amp;apos;Object Repository/FSM1/PreProd/Page_Job Manager Login/div_Login&amp;apos; is clicked on</message>
  <nestedLevel>1</nestedLevel>
</record>
<record>
  <date>2018-12-15T11:43:35</date>
  <millis>1544874215503</millis>
  <sequence>66</sequence>
  <level>END</level>
  <class>com.kms.katalon.core.logging.XmlKeywordLogger</class>
  <method>endKeyword</method>
  <thread>1</thread>
  <message>End action : click(findTestObject(\&amp;quot;FSM1/PreProd/Page_Job Manager Login/div_Login\&amp;quot;))</message>
  <nestedLevel>1</nestedLevel>
</record>
<record>
  <date>2018-12-15T11:43:35</date>
  <millis>1544874215503</millis>
  <sequence>67</sequence>
  <level>START</level>
  <class>com.kms.katalon.core.logging.XmlKeywordLogger</class>
  <method>startKeyword</method>
  <thread>1</thread>
  <message>Start action : delay(15)</message>
  <nestedLevel>1</nestedLevel>
  <property name="startLine">33</property>
  <property name="stepIndex">6</property>
</record>
<record>
  <date>2018-12-15T11:43:50</date>
  <millis>1544874230529</millis>
  <sequence>69</sequence>
  <level>PASSED</level>
  <class>com.kms.katalon.core.logging.XmlKeywordLogger</class>
  <method>logMessage</method>
  <thread>1</thread>
  <message>Delayed 15 second(s)</message>
  <nestedLevel>1</nestedLevel>
</record>
<record>
  <date>2018-12-15T11:43:50</date>
  <millis>1544874230530</millis>
  <sequence>70</sequence>
  <level>END</level>
  <class>com.kms.katalon.core.logging.XmlKeywordLogger</class>
  <method>endKeyword</method>
  <thread>1</thread>
  <message>End action : delay(15)</message>
  <nestedLevel>1</nestedLevel>
</record>
<record>
  <date>2018-12-15T11:43:50</date>
  <millis>1544874230530</millis>
  <sequence>71</sequence>
  <level>PASSED</level>
  <class>com.kms.katalon.core.logging.XmlKeywordLogger</class>
  <method>logMessage</method>
  <thread>1</thread>
  <message>Test Cases/Generic/Launch Job Manager Control Centre</message>
  <nestedLevel>1</nestedLevel>
</record>
<record>
  <date>2018-12-15T11:43:50</date>
  <millis>1544874230530</millis>
  <sequence>72</sequence>
  <level>END</level>
  <class>com.kms.katalon.core.logging.XmlKeywordLogger</class>
  <method>endTest</method>
  <thread>1</thread>
  <message>End Test Case : Test Cases/Generic/Launch Job Manager Control Centre</message>
  <nestedLevel>0</nestedLevel>
</record>
<record>
  <date>2018-12-15T11:43:50</date>
  <millis>1544874230543</millis>
  <sequence>73</sequence>
  <level>START</level>
  <class>com.kms.katalon.core.logging.XmlKeywordLogger</class>
  <method>startTest</method>
  <thread>1</thread>
  <message>Start Test Case : Test Cases/NCP/Create NCP Inspection - Manual Assignment</message>
  <nestedLevel>1</nestedLevel>
  <property name="name">Test Cases/NCP/Create NCP Inspection - Manual Assignment</property>
  <property name="description"></property>
  <property name="id">Test Cases/NCP/Create NCP Inspection - Manual Assignment</property>
  <property name="source">C:\\Users\\jonha\\Documents\\Katalon\\APHA\\JM_8.9\\FSM_Regression\\Test Cases\\NCP\\Create NCP Inspection - Manual Assignment.tc</property>
  <property name="isOptional">false</property>
</record>
<record>
  <date>2018-12-15T11:43:50</date>
  <millis>1544874230630</millis>
  <sequence>75</sequence>
  <level>INFO</level>
  <class>com.kms.katalon.core.logging.XmlKeywordLogger</class>
  <method>logMessage</method>
  <thread>1</thread>
  <message>FlockType = Layers</message>
  <nestedLevel>1</nestedLevel>
</record>
<record>
  <date>2018-12-15T11:43:51</date>
  <millis>1544874231380</millis>
  <sequence>76</sequence>
  <level>START</level>
  <class>com.kms.katalon.core.logging.XmlKeywordLogger</class>
  <method>startKeyword</method>
  <thread>1</thread>
  <message>Start action : log = new com.kms.katalon.core.logging.KeywordLogger()</message>
  <nestedLevel>1</nestedLevel>
  <property name="startLine">18</property>
  <property name="stepIndex">1</property>
</record>
<record>
  <date>2018-12-15T11:43:51</date>
  <millis>1544874231382</millis>
  <sequence>77</sequence>
  <level>END</level>
  <class>com.kms.katalon.core.logging.XmlKeywordLogger</class>
  <method>endKeyword</method>
  <thread>1</thread>
  <message>End action : log = new com.kms.katalon.core.logging.KeywordLogger()</message>
  <nestedLevel>1</nestedLevel>
</record>
<record>
  <date>2018-12-15T11:43:51</date>
  <millis>1544874231383</millis>
  <sequence>78</sequence>
  <level>START</level>
  <class>com.kms.katalon.core.logging.XmlKeywordLogger</class>
  <method>startKeyword</method>
  <thread>1</thread>
  <message>Start action : click(findTestObject(\&amp;quot;Object Repository/FSM1/NCP/Create Inspection/Page_JM Control Centre/div_Create\&amp;quot;))</message>
  <nestedLevel>1</nestedLevel>
  <property name="startLine">20</property>
  <property name="stepIndex">2</property>
</record>
<record>
  <date>2018-12-15T11:43:51</date>
  <millis>1544874231548</millis>
  <sequence>85</sequence>
  <level>PASSED</level>
  <class>com.kms.katalon.core.logging.XmlKeywordLogger</class>
  <method>logMessage</method>
  <thread>1</thread>
  <message>Object: &amp;apos;Object Repository/FSM1/NCP/Create Inspection/Page_JM Control Centre/div_Create&amp;apos; is clicked on</message>
  <nestedLevel>1</nestedLevel>
</record>
<record>
  <date>2018-12-15T11:43:51</date>
  <millis>1544874231549</millis>
  <sequence>86</sequence>
  <level>END</level>
  <class>com.kms.katalon.core.logging.XmlKeywordLogger</class>
  <method>endKeyword</method>
  <thread>1</thread>
  <message>End action : click(findTestObject(\&amp;quot;Object Repository/FSM1/NCP/Create Inspection/Page_JM Control Centre/div_Create\&amp;quot;))</message>
  <nestedLevel>1</nestedLevel>
</record>
<record>
  <date>2018-12-15T11:43:51</date>
  <millis>1544874231549</millis>
  <sequence>87</sequence>
  <level>START</level>
  <class>com.kms.katalon.core.logging.XmlKeywordLogger</class>
  <method>startKeyword</method>
  <thread>1</thread>
  <message>Start action : setText(findTestObject(\&amp;quot;Object Repository/FSM1/NCP/Create Inspection/Page_JM Control Centre/input_Type_gwt-uid-8\&amp;quot;), \&amp;quot;cso01 - ncp salmonella\&amp;quot;)</message>
  <nestedLevel>1</nestedLevel>
  <property name="startLine">22</property>
  <property name="stepIndex">3</property>
</record>
<record>
  <date>2018-12-15T11:43:54</date>
  <millis>1544874234090</millis>
  <sequence>106</sequence>
  <level>PASSED</level>
  <class>com.kms.katalon.core.logging.XmlKeywordLogger</class>
  <method>logMessage</method>
  <thread>1</thread>
  <message>Text &amp;apos;cso01 - ncp salmonella&amp;apos; is set on object &amp;apos;Object Repository/FSM1/NCP/Create Inspection/Page_JM Control Centre/input_Type_gwt-uid-8&amp;apos;</message>
  <nestedLevel>1</nestedLevel>
</record>
<record>
  <date>2018-12-15T11:43:54</date>
  <millis>1544874234118</millis>
  <sequence>108</sequence>
  <level>END</level>
  <class>com.kms.katalon.core.logging.XmlKeywordLogger</class>
  <method>endKeyword</method>
  <thread>1</thread>
  <message>End action : setText(findTestObject(\&amp;quot;Object Repository/FSM1/NCP/Create Inspection/Page_JM Control Centre/input_Type_gwt-uid-8\&amp;quot;), \&amp;quot;cso01 - ncp salmonella\&amp;quot;)</message>
  <nestedLevel>1</nestedLevel>
</record>
<record>
  <date>2018-12-15T11:43:54</date>
  <millis>1544874234118</millis>
  <sequence>109</sequence>
  <level>START</level>
  <class>com.kms.katalon.core.logging.XmlKeywordLogger</class>
  <method>startKeyword</method>
  <thread>1</thread>
  <message>Start action : click(findTestObject(\&amp;quot;Object Repository/FSM1/NCP/Create Inspection/Page_JM Control Centre/span_CSO01 - NCP Salmonella\&amp;quot;))</message>
  <nestedLevel>1</nestedLevel>
  <property name="startLine">25</property>
  <property name="stepIndex">4</property>
</record>
<record>
  <date>2018-12-15T11:43:54</date>
  <millis>1544874234372</millis>
  <sequence>123</sequence>
  <level>PASSED</level>
  <class>com.kms.katalon.core.logging.XmlKeywordLogger</class>
  <method>logMessage</method>
  <thread>1</thread>
  <message>Object: &amp;apos;Object Repository/FSM1/NCP/Create Inspection/Page_JM Control Centre/span_CSO01 - NCP Salmonella&amp;apos; is clicked on</message>
  <nestedLevel>1</nestedLevel>
</record>
<record>
  <date>2018-12-15T11:43:54</date>
  <millis>1544874234383</millis>
  <sequence>125</sequence>
  <level>END</level>
  <class>com.kms.katalon.core.logging.XmlKeywordLogger</class>
  <method>endKeyword</method>
  <thread>1</thread>
  <message>End action : click(findTestObject(\&amp;quot;Object Repository/FSM1/NCP/Create Inspection/Page_JM Control Centre/span_CSO01 - NCP Salmonella\&amp;quot;))</message>
  <nestedLevel>1</nestedLevel>
</record>
<record>
  <date>2018-12-15T11:43:54</date>
  <millis>1544874234383</millis>
  <sequence>126</sequence>
  <level>START</level>
  <class>com.kms.katalon.core.logging.XmlKeywordLogger</class>
  <method>startKeyword</method>
  <thread>1</thread>
  <message>Start action : setText(findTestObject(\&amp;quot;Object Repository/FSM1/NCP/Create Inspection/Page_JM Control Centre/input_Type_gwt-uid-8\&amp;quot;), \&amp;quot;CSO01 - NCP Salmonella\&amp;quot;)</message>
  <nestedLevel>1</nestedLevel>
  <property name="startLine">27</property>
  <property name="stepIndex">5</property>
</record>
<record>
  <date>2018-12-15T11:43:54</date>
  <millis>1544874234385</millis>
  <sequence>127</sequence>
  <level>NOT_RUN</level>
  <class>com.kms.katalon.core.logging.XmlKeywordLogger</class>
  <method>logMessage</method>
  <thread>1</thread>
  <message>NOT_RUN: setText(findTestObject(\&amp;quot;Object Repository/FSM1/NCP/Create Inspection/Page_JM Control Centre/input_Type_gwt-uid-8\&amp;quot;), \&amp;quot;CSO01 - NCP Salmonella\&amp;quot;)</message>
  <nestedLevel>1</nestedLevel>
</record>
<record>
  <date>2018-12-15T11:43:54</date>
  <millis>1544874234386</millis>
  <sequence>128</sequence>
  <level>END</level>
  <class>com.kms.katalon.core.logging.XmlKeywordLogger</class>
  <method>endKeyword</method>
  <thread>1</thread>
  <message>End action : setText(findTestObject(\&amp;quot;Object Repository/FSM1/NCP/Create Inspection/Page_JM Control Centre/input_Type_gwt-uid-8\&amp;quot;), \&amp;quot;CSO01 - NCP Salmonella\&amp;quot;)</message>
  <nestedLevel>1</nestedLevel>
</record>
<record>
  <date>2018-12-15T11:43:54</date>
  <millis>1544874234386</millis>
  <sequence>129</sequence>
  <level>START</level>
  <class>com.kms.katalon.core.logging.XmlKeywordLogger</class>
  <method>startKeyword</method>
  <thread>1</thread>
  <message>Start action : click(findTestObject(\&amp;quot;Object Repository/FSM1/NCP/Create Inspection/Page_JM Control Centre/div_SLA_v-filterselect-button\&amp;quot;))</message>
  <nestedLevel>1</nestedLevel>
  <property name="startLine">30</property>
  <property name="stepIndex">6</property>
</record>
<record>
  <date>2018-12-15T11:43:56</date>
  <millis>1544874236896</millis>
  <sequence>143</sequence>
  <level>PASSED</level>
  <class>com.kms.katalon.core.logging.XmlKeywordLogger</class>
  <method>logMessage</method>
  <thread>1</thread>
  <message>Object: &amp;apos;Object Repository/FSM1/NCP/Create Inspection/Page_JM Control Centre/div_SLA_v-filterselect-button&amp;apos; is clicked on</message>
  <nestedLevel>1</nestedLevel>
</record>
<record>
  <date>2018-12-15T11:43:56</date>
  <millis>1544874236940</millis>
  <sequence>145</sequence>
  <level>END</level>
  <class>com.kms.katalon.core.logging.XmlKeywordLogger</class>
  <method>endKeyword</method>
  <thread>1</thread>
  <message>End action : click(findTestObject(\&amp;quot;Object Repository/FSM1/NCP/Create Inspection/Page_JM Control Centre/div_SLA_v-filterselect-button\&amp;quot;))</message>
  <nestedLevel>1</nestedLevel>
</record>
<record>
  <date>2018-12-15T11:43:56</date>
  <millis>1544874236941</millis>
  <sequence>146</sequence>
  <level>START</level>
  <class>com.kms.katalon.core.logging.XmlKeywordLogger</class>
  <method>startKeyword</method>
  <thread>1</thread>
  <message>Start action : click(findTestObject(\&amp;quot;Object Repository/FSM1/NCP/Create Inspection/Page_JM Control Centre/td_24 Hours\&amp;quot;))</message>
  <nestedLevel>1</nestedLevel>
  <property name="startLine">32</property>
  <property name="stepIndex">7</property>
</record>
<record>
  <date>2018-12-15T11:43:57</date>
  <millis>1544874237134</millis>
  <sequence>160</sequence>
  <level>PASSED</level>
  <class>com.kms.katalon.core.logging.XmlKeywordLogger</class>
  <method>logMessage</method>
  <thread>1</thread>
  <message>Object: &amp;apos;Object Repository/FSM1/NCP/Create Inspection/Page_JM Control Centre/td_24 Hours&amp;apos; is clicked on</message>
  <nestedLevel>1</nestedLevel>
</record>
<record>
  <date>2018-12-15T11:43:57</date>
  <millis>1544874237155</millis>
  <sequence>162</sequence>
  <level>END</level>
  <class>com.kms.katalon.core.logging.XmlKeywordLogger</class>
  <method>endKeyword</method>
  <thread>1</thread>
  <message>End action : click(findTestObject(\&amp;quot;Object Repository/FSM1/NCP/Create Inspection/Page_JM Control Centre/td_24 Hours\&amp;quot;))</message>
  <nestedLevel>1</nestedLevel>
</record>
<record>
  <date>2018-12-15T11:43:57</date>
  <millis>1544874237156</millis>
  <sequence>163</sequence>
  <level>START</level>
  <class>com.kms.katalon.core.logging.XmlKeywordLogger</class>
  <method>startKeyword</method>
  <thread>1</thread>
  <message>Start action : click(findTestObject(\&amp;quot;Object Repository/FSM1/NCP/Create Inspection/Page_JM Control Centre/div_Flock Type_v-filterselect-\&amp;quot;))</message>
  <nestedLevel>1</nestedLevel>
  <property name="startLine">34</property>
  <property name="stepIndex">8</property>
</record>
<record>
  <date>2018-12-15T11:43:57</date>
  <millis>1544874237432</millis>
  <sequence>177</sequence>
  <level>PASSED</level>
  <class>com.kms.katalon.core.logging.XmlKeywordLogger</class>
  <method>logMessage</method>
  <thread>1</thread>
  <message>Object: &amp;apos;Object Repository/FSM1/NCP/Create Inspection/Page_JM Control Centre/div_Flock Type_v-filterselect-&amp;apos; is clicked on</message>
  <nestedLevel>1</nestedLevel>
</record>
<record>
  <date>2018-12-15T11:43:57</date>
  <millis>1544874237455</millis>
  <sequence>179</sequence>
  <level>END</level>
  <class>com.kms.katalon.core.logging.XmlKeywordLogger</class>
  <method>endKeyword</method>
  <thread>1</thread>
  <message>End action : click(findTestObject(\&amp;quot;Object Repository/FSM1/NCP/Create Inspection/Page_JM Control Centre/div_Flock Type_v-filterselect-\&amp;quot;))</message>
  <nestedLevel>1</nestedLevel>
</record>
<record>
  <date>2018-12-15T11:43:57</date>
  <millis>1544874237456</millis>
  <sequence>180</sequence>
  <level>START</level>
  <class>com.kms.katalon.core.logging.XmlKeywordLogger</class>
  <method>startKeyword</method>
  <thread>1</thread>
  <message>Start action : FlockType = modifyObjectProperty(findTestObject(\&amp;quot;Object Repository/FSM1/NCP/Create Inspection/Page_JM Control Centre/span_Breeding Chickens\&amp;quot;), \&amp;quot;text\&amp;quot;, \&amp;quot;equals\&amp;quot;, FlockType, true)</message>
  <nestedLevel>1</nestedLevel>
  <property name="startLine">36</property>
  <property name="stepIndex">9</property>
</record>
<record>
  <date>2018-12-15T11:43:57</date>
  <millis>1544874237495</millis>
  <sequence>187</sequence>
  <level>PASSED</level>
  <class>com.kms.katalon.core.logging.XmlKeywordLogger</class>
  <method>logMessage</method>
  <thread>1</thread>
  <message>Modify property of object successfully</message>
  <nestedLevel>1</nestedLevel>
</record>
<record>
  <date>2018-12-15T11:43:57</date>
  <millis>1544874237498</millis>
  <sequence>188</sequence>
  <level>END</level>
  <class>com.kms.katalon.core.logging.XmlKeywordLogger</class>
  <method>endKeyword</method>
  <thread>1</thread>
  <message>End action : FlockType = modifyObjectProperty(findTestObject(\&amp;quot;Object Repository/FSM1/NCP/Create Inspection/Page_JM Control Centre/span_Breeding Chickens\&amp;quot;), \&amp;quot;text\&amp;quot;, \&amp;quot;equals\&amp;quot;, FlockType, true)</message>
  <nestedLevel>1</nestedLevel>
</record>
<record>
  <date>2018-12-15T11:43:57</date>
  <millis>1544874237500</millis>
  <sequence>189</sequence>
  <level>START</level>
  <class>com.kms.katalon.core.logging.XmlKeywordLogger</class>
  <method>startKeyword</method>
  <thread>1</thread>
  <message>Start action : click(FlockType, STOP_ON_FAILURE)</message>
  <nestedLevel>1</nestedLevel>
  <property name="startLine">39</property>
  <property name="stepIndex">10</property>
</record>
<record>
  <date>2018-12-15T11:43:57</date>
  <millis>1544874237710</millis>
  <sequence>201</sequence>
  <level>PASSED</level>
  <class>com.kms.katalon.core.logging.XmlKeywordLogger</class>
  <method>logMessage</method>
  <thread>1</thread>
  <message>Object: &amp;apos;Object Repository/FSM1/NCP/Create Inspection/Page_JM Control Centre/span_Breeding Chickens&amp;apos; is clicked on</message>
  <nestedLevel>1</nestedLevel>
</record>
<record>
  <date>2018-12-15T11:43:57</date>
  <millis>1544874237726</millis>
  <sequence>203</sequence>
  <level>END</level>
  <class>com.kms.katalon.core.logging.XmlKeywordLogger</class>
  <method>endKeyword</method>
  <thread>1</thread>
  <message>End action : click(FlockType, STOP_ON_FAILURE)</message>
  <nestedLevel>1</nestedLevel>
</record>
<record>
  <date>2018-12-15T11:43:57</date>
  <millis>1544874237726</millis>
  <sequence>204</sequence>
  <level>START</level>
  <class>com.kms.katalon.core.logging.XmlKeywordLogger</class>
  <method>startKeyword</method>
  <thread>1</thread>
  <message>Start action : click(findTestObject(\&amp;quot;Object Repository/FSM1/NCP/Create Inspection/Page_JM Control Centre/span_Breeding Chickens\&amp;quot;))</message>
  <nestedLevel>1</nestedLevel>
  <property name="startLine">41</property>
  <property name="stepIndex">11</property>
</record>
<record>
  <date>2018-12-15T11:43:57</date>
  <millis>1544874237726</millis>
  <sequence>205</sequence>
  <level>NOT_RUN</level>
  <class>com.kms.katalon.core.logging.XmlKeywordLogger</class>
  <method>logMessage</method>
  <thread>1</thread>
  <message>NOT_RUN: click(findTestObject(\&amp;quot;Object Repository/FSM1/NCP/Create Inspection/Page_JM Control Centre/span_Breeding Chickens\&amp;quot;))</message>
  <nestedLevel>1</nestedLevel>
</record>
<record>
  <date>2018-12-15T11:43:57</date>
  <millis>1544874237727</millis>
  <sequence>206</sequence>
  <level>END</level>
  <class>com.kms.katalon.core.logging.XmlKeywordLogger</class>
  <method>endKeyword</method>
  <thread>1</thread>
  <message>End action : click(findTestObject(\&amp;quot;Object Repository/FSM1/NCP/Create Inspection/Page_JM Control Centre/span_Breeding Chickens\&amp;quot;))</message>
  <nestedLevel>1</nestedLevel>
</record>
<record>
  <date>2018-12-15T11:43:57</date>
  <millis>1544874237727</millis>
  <sequence>207</sequence>
  <level>START</level>
  <class>com.kms.katalon.core.logging.XmlKeywordLogger</class>
  <method>startKeyword</method>
  <thread>1</thread>
  <message>Start action : click(findTestObject(\&amp;quot;Object Repository/FSM1/NCP/Create Inspection/Page_JM Control Centre/div_Region_v-filterselect-butt\&amp;quot;))</message>
  <nestedLevel>1</nestedLevel>
  <property name="startLine">43</property>
  <property name="stepIndex">12</property>
</record>
<record>
  <date>2018-12-15T11:43:57</date>
  <millis>1544874237934</millis>
  <sequence>221</sequence>
  <level>PASSED</level>
  <class>com.kms.katalon.core.logging.XmlKeywordLogger</class>
  <method>logMessage</method>
  <thread>1</thread>
  <message>Object: &amp;apos;Object Repository/FSM1/NCP/Create Inspection/Page_JM Control Centre/div_Region_v-filterselect-butt&amp;apos; is clicked on</message>
  <nestedLevel>1</nestedLevel>
</record>
<record>
  <date>2018-12-15T11:43:57</date>
  <millis>1544874237947</millis>
  <sequence>223</sequence>
  <level>END</level>
  <class>com.kms.katalon.core.logging.XmlKeywordLogger</class>
  <method>endKeyword</method>
  <thread>1</thread>
  <message>End action : click(findTestObject(\&amp;quot;Object Repository/FSM1/NCP/Create Inspection/Page_JM Control Centre/div_Region_v-filterselect-butt\&amp;quot;))</message>
  <nestedLevel>1</nestedLevel>
</record>
<record>
  <date>2018-12-15T11:43:57</date>
  <millis>1544874237948</millis>
  <sequence>224</sequence>
  <level>START</level>
  <class>com.kms.katalon.core.logging.XmlKeywordLogger</class>
  <method>startKeyword</method>
  <thread>1</thread>
  <message>Start action : click(findTestObject(\&amp;quot;Object Repository/FSM1/NCP/Create Inspection/Page_JM Control Centre/span_West\&amp;quot;))</message>
  <nestedLevel>1</nestedLevel>
  <property name="startLine">45</property>
  <property name="stepIndex">13</property>
</record>
<record>
  <date>2018-12-15T11:43:58</date>
  <millis>1544874238153</millis>
  <sequence>238</sequence>
  <level>PASSED</level>
  <class>com.kms.katalon.core.logging.XmlKeywordLogger</class>
  <method>logMessage</method>
  <thread>1</thread>
  <message>Object: &amp;apos;Object Repository/FSM1/NCP/Create Inspection/Page_JM Control Centre/span_West&amp;apos; is clicked on</message>
  <nestedLevel>1</nestedLevel>
</record>
<record>
  <date>2018-12-15T11:43:58</date>
  <millis>1544874238238</millis>
  <sequence>240</sequence>
  <level>END</level>
  <class>com.kms.katalon.core.logging.XmlKeywordLogger</class>
  <method>endKeyword</method>
  <thread>1</thread>
  <message>End action : click(findTestObject(\&amp;quot;Object Repository/FSM1/NCP/Create Inspection/Page_JM Control Centre/span_West\&amp;quot;))</message>
  <nestedLevel>1</nestedLevel>
</record>
<record>
  <date>2018-12-15T11:43:58</date>
  <millis>1544874238238</millis>
  <sequence>241</sequence>
  <level>START</level>
  <class>com.kms.katalon.core.logging.XmlKeywordLogger</class>
  <method>startKeyword</method>
  <thread>1</thread>
  <message>Start action : setText(findTestObject(\&amp;quot;Object Repository/FSM1/NCP/Create Inspection/Page_JM Control Centre/input_Customer ID_gwt-uid-34\&amp;quot;), RandomStringUtils.randomNumeric(5))</message>
  <nestedLevel>1</nestedLevel>
  <property name="startLine">47</property>
  <property name="stepIndex">14</property>
</record>
<record>
  <date>2018-12-15T11:43:58</date>
  <millis>1544874238509</millis>
  <sequence>260</sequence>
  <level>PASSED</level>
  <class>com.kms.katalon.core.logging.XmlKeywordLogger</class>
  <method>logMessage</method>
  <thread>1</thread>
  <message>Text &amp;apos;67489&amp;apos; is set on object &amp;apos;Object Repository/FSM1/NCP/Create Inspection/Page_JM Control Centre/input_Customer ID_gwt-uid-34&amp;apos;</message>
  <nestedLevel>1</nestedLevel>
</record>
<record>
  <date>2018-12-15T11:43:58</date>
  <millis>1544874238524</millis>
  <sequence>262</sequence>
  <level>END</level>
  <class>com.kms.katalon.core.logging.XmlKeywordLogger</class>
  <method>endKeyword</method>
  <thread>1</thread>
  <message>End action : setText(findTestObject(\&amp;quot;Object Repository/FSM1/NCP/Create Inspection/Page_JM Control Centre/input_Customer ID_gwt-uid-34\&amp;quot;), RandomStringUtils.randomNumeric(5))</message>
  <nestedLevel>1</nestedLevel>
</record>
<record>
  <date>2018-12-15T11:43:58</date>
  <millis>1544874238524</millis>
  <sequence>263</sequence>
  <level>START</level>
  <class>com.kms.katalon.core.logging.XmlKeywordLogger</class>
  <method>startKeyword</method>
  <thread>1</thread>
  <message>Start action : setText(findTestObject(\&amp;quot;Object Repository/FSM1/NCP/Create Inspection/Page_JM Control Centre/input_Customer Name_gwt-uid-36\&amp;quot;), \&amp;quot;Test Automation\&amp;quot;)</message>
  <nestedLevel>1</nestedLevel>
  <property name="startLine">50</property>
  <property name="stepIndex">15</property>
</record>
<record>
  <date>2018-12-15T11:43:58</date>
  <millis>1544874238801</millis>
  <sequence>282</sequence>
  <level>PASSED</level>
  <class>com.kms.katalon.core.logging.XmlKeywordLogger</class>
  <method>logMessage</method>
  <thread>1</thread>
  <message>Text &amp;apos;Test Automation&amp;apos; is set on object &amp;apos;Object Repository/FSM1/NCP/Create Inspection/Page_JM Control Centre/input_Customer Name_gwt-uid-36&amp;apos;</message>
  <nestedLevel>1</nestedLevel>
</record>
<record>
  <date>2018-12-15T11:43:58</date>
  <millis>1544874238815</millis>
  <sequence>284</sequence>
  <level>END</level>
  <class>com.kms.katalon.core.logging.XmlKeywordLogger</class>
  <method>endKeyword</method>
  <thread>1</thread>
  <message>End action : setText(findTestObject(\&amp;quot;Object Repository/FSM1/NCP/Create Inspection/Page_JM Control Centre/input_Customer Name_gwt-uid-36\&amp;quot;), \&amp;quot;Test Automation\&amp;quot;)</message>
  <nestedLevel>1</nestedLevel>
</record>
<record>
  <date>2018-12-15T11:43:58</date>
  <millis>1544874238815</millis>
  <sequence>285</sequence>
  <level>START</level>
  <class>com.kms.katalon.core.logging.XmlKeywordLogger</class>
  <method>startKeyword</method>
  <thread>1</thread>
  <message>Start action : setText(findTestObject(\&amp;quot;Object Repository/FSM1/NCP/Create Inspection/Page_JM Control Centre/input_Customer Phone_gwt-uid-3\&amp;quot;), \&amp;quot;07824487657\&amp;quot;)</message>
  <nestedLevel>1</nestedLevel>
  <property name="startLine">53</property>
  <property name="stepIndex">16</property>
</record>
<record>
  <date>2018-12-15T11:43:59</date>
  <millis>1544874239119</millis>
  <sequence>304</sequence>
  <level>PASSED</level>
  <class>com.kms.katalon.core.logging.XmlKeywordLogger</class>
  <method>logMessage</method>
  <thread>1</thread>
  <message>Text &amp;apos;07824487657&amp;apos; is set on object &amp;apos;Object Repository/FSM1/NCP/Create Inspection/Page_JM Control Centre/input_Customer Phone_gwt-uid-3&amp;apos;</message>
  <nestedLevel>1</nestedLevel>
</record>
<record>
  <date>2018-12-15T11:43:59</date>
  <millis>1544874239131</millis>
  <sequence>306</sequence>
  <level>END</level>
  <class>com.kms.katalon.core.logging.XmlKeywordLogger</class>
  <method>endKeyword</method>
  <thread>1</thread>
  <message>End action : setText(findTestObject(\&amp;quot;Object Repository/FSM1/NCP/Create Inspection/Page_JM Control Centre/input_Customer Phone_gwt-uid-3\&amp;quot;), \&amp;quot;07824487657\&amp;quot;)</message>
  <nestedLevel>1</nestedLevel>
</record>
<record>
  <date>2018-12-15T11:43:59</date>
  <millis>1544874239132</millis>
  <sequence>307</sequence>
  <level>START</level>
  <class>com.kms.katalon.core.logging.XmlKeywordLogger</class>
  <method>startKeyword</method>
  <thread>1</thread>
  <message>Start action : setText(findTestObject(\&amp;quot;Object Repository/FSM1/NCP/Create Inspection/Page_JM Control Centre/input_Customer email_gwt-uid-4\&amp;quot;), \&amp;quot;test@automation.com\&amp;quot;)</message>
  <nestedLevel>1</nestedLevel>
  <property name="startLine">56</property>
  <property name="stepIndex">17</property>
</record>
<record>
  <date>2018-12-15T11:43:59</date>
  <millis>1544874239432</millis>
  <sequence>326</sequence>
  <level>PASSED</level>
  <class>com.kms.katalon.core.logging.XmlKeywordLogger</class>
  <method>logMessage</method>
  <thread>1</thread>
  <message>Text &amp;apos;test@automation.com&amp;apos; is set on object &amp;apos;Object Repository/FSM1/NCP/Create Inspection/Page_JM Control Centre/input_Customer email_gwt-uid-4&amp;apos;</message>
  <nestedLevel>1</nestedLevel>
</record>
<record>
  <date>2018-12-15T11:43:59</date>
  <millis>1544874239442</millis>
  <sequence>328</sequence>
  <level>END</level>
  <class>com.kms.katalon.core.logging.XmlKeywordLogger</class>
  <method>endKeyword</method>
  <thread>1</thread>
  <message>End action : setText(findTestObject(\&amp;quot;Object Repository/FSM1/NCP/Create Inspection/Page_JM Control Centre/input_Customer email_gwt-uid-4\&amp;quot;), \&amp;quot;test@automation.com\&amp;quot;)</message>
  <nestedLevel>1</nestedLevel>
</record>
<record>
  <date>2018-12-15T11:43:59</date>
  <millis>1544874239443</millis>
  <sequence>329</sequence>
  <level>START</level>
  <class>com.kms.katalon.core.logging.XmlKeywordLogger</class>
  <method>startKeyword</method>
  <thread>1</thread>
  <message>Start action : setText(findTestObject(\&amp;quot;Object Repository/FSM1/NCP/Create Inspection/Page_JM Control Centre/input_Name_gwt-uid-42\&amp;quot;), \&amp;quot;Test Automation Reg\&amp;quot;)</message>
  <nestedLevel>1</nestedLevel>
  <property name="startLine">59</property>
  <property name="stepIndex">18</property>
</record>
<record>
  <date>2018-12-15T11:43:59</date>
  <millis>1544874239790</millis>
  <sequence>348</sequence>
  <level>PASSED</level>
  <class>com.kms.katalon.core.logging.XmlKeywordLogger</class>
  <method>logMessage</method>
  <thread>1</thread>
  <message>Text &amp;apos;Test Automation Reg&amp;apos; is set on object &amp;apos;Object Repository/FSM1/NCP/Create Inspection/Page_JM Control Centre/input_Name_gwt-uid-42&amp;apos;</message>
  <nestedLevel>1</nestedLevel>
</record>
<record>
  <date>2018-12-15T11:43:59</date>
  <millis>1544874239801</millis>
  <sequence>350</sequence>
  <level>END</level>
  <class>com.kms.katalon.core.logging.XmlKeywordLogger</class>
  <method>endKeyword</method>
  <thread>1</thread>
  <message>End action : setText(findTestObject(\&amp;quot;Object Repository/FSM1/NCP/Create Inspection/Page_JM Control Centre/input_Name_gwt-uid-42\&amp;quot;), \&amp;quot;Test Automation Reg\&amp;quot;)</message>
  <nestedLevel>1</nestedLevel>
</record>
<record>
  <date>2018-12-15T11:43:59</date>
  <millis>1544874239801</millis>
  <sequence>351</sequence>
  <level>START</level>
  <class>com.kms.katalon.core.logging.XmlKeywordLogger</class>
  <method>startKeyword</method>
  <thread>1</thread>
  <message>Start action : setText(findTestObject(\&amp;quot;Object Repository/FSM1/NCP/Create Inspection/Page_JM Control Centre/input_Phone_gwt-uid-44\&amp;quot;), \&amp;quot;017877645322\&amp;quot;)</message>
  <nestedLevel>1</nestedLevel>
  <property name="startLine">62</property>
  <property name="stepIndex">19</property>
</record>
<record>
  <date>2018-12-15T11:44:00</date>
  <millis>1544874240127</millis>
  <sequence>370</sequence>
  <level>PASSED</level>
  <class>com.kms.katalon.core.logging.XmlKeywordLogger</class>
  <method>logMessage</method>
  <thread>1</thread>
  <message>Text &amp;apos;017877645322&amp;apos; is set on object &amp;apos;Object Repository/FSM1/NCP/Create Inspection/Page_JM Control Centre/input_Phone_gwt-uid-44&amp;apos;</message>
  <nestedLevel>1</nestedLevel>
</record>
<record>
  <date>2018-12-15T11:44:00</date>
  <millis>1544874240144</millis>
  <sequence>372</sequence>
  <level>END</level>
  <class>com.kms.katalon.core.logging.XmlKeywordLogger</class>
  <method>endKeyword</method>
  <thread>1</thread>
  <message>End action : setText(findTestObject(\&amp;quot;Object Repository/FSM1/NCP/Create Inspection/Page_JM Control Centre/input_Phone_gwt-uid-44\&amp;quot;), \&amp;quot;017877645322\&amp;quot;)</message>
  <nestedLevel>1</nestedLevel>
</record>
<record>
  <date>2018-12-15T11:44:00</date>
  <millis>1544874240144</millis>
  <sequence>373</sequence>
  <level>START</level>
  <class>com.kms.katalon.core.logging.XmlKeywordLogger</class>
  <method>startKeyword</method>
  <thread>1</thread>
  <message>Start action : setText(findTestObject(\&amp;quot;Object Repository/FSM1/NCP/Create Inspection/Page_JM Control Centre/input_CPHRegistration Number_g\&amp;quot;), \&amp;quot;11/222/3333\&amp;quot;)</message>
  <nestedLevel>1</nestedLevel>
  <property name="startLine">65</property>
  <property name="stepIndex">20</property>
</record>
<record>
  <date>2018-12-15T11:44:00</date>
  <millis>1544874240425</millis>
  <sequence>392</sequence>
  <level>PASSED</level>
  <class>com.kms.katalon.core.logging.XmlKeywordLogger</class>
  <method>logMessage</method>
  <thread>1</thread>
  <message>Text &amp;apos;11/222/3333&amp;apos; is set on object &amp;apos;Object Repository/FSM1/NCP/Create Inspection/Page_JM Control Centre/input_CPHRegistration Number_g&amp;apos;</message>
  <nestedLevel>1</nestedLevel>
</record>
<record>
  <date>2018-12-15T11:44:00</date>
  <millis>1544874240436</millis>
  <sequence>394</sequence>
  <level>END</level>
  <class>com.kms.katalon.core.logging.XmlKeywordLogger</class>
  <method>endKeyword</method>
  <thread>1</thread>
  <message>End action : setText(findTestObject(\&amp;quot;Object Repository/FSM1/NCP/Create Inspection/Page_JM Control Centre/input_CPHRegistration Number_g\&amp;quot;), \&amp;quot;11/222/3333\&amp;quot;)</message>
  <nestedLevel>1</nestedLevel>
</record>
<record>
  <date>2018-12-15T11:44:00</date>
  <millis>1544874240437</millis>
  <sequence>395</sequence>
  <level>START</level>
  <class>com.kms.katalon.core.logging.XmlKeywordLogger</class>
  <method>startKeyword</method>
  <thread>1</thread>
  <message>Start action : setText(findTestObject(\&amp;quot;Object Repository/FSM1/NCP/Create Inspection/Page_JM Control Centre/input_Survey Ref_gwt-uid-48\&amp;quot;), RandomStringUtils.randomNumeric(5))</message>
  <nestedLevel>1</nestedLevel>
  <property name="startLine">68</property>
  <property name="stepIndex">21</property>
</record>
<record>
  <date>2018-12-15T11:44:00</date>
  <millis>1544874240700</millis>
  <sequence>414</sequence>
  <level>PASSED</level>
  <class>com.kms.katalon.core.logging.XmlKeywordLogger</class>
  <method>logMessage</method>
  <thread>1</thread>
  <message>Text &amp;apos;06121&amp;apos; is set on object &amp;apos;Object Repository/FSM1/NCP/Create Inspection/Page_JM Control Centre/input_Survey Ref_gwt-uid-48&amp;apos;</message>
  <nestedLevel>1</nestedLevel>
</record>
<record>
  <date>2018-12-15T11:44:00</date>
  <millis>1544874240712</millis>
  <sequence>416</sequence>
  <level>END</level>
  <class>com.kms.katalon.core.logging.XmlKeywordLogger</class>
  <method>endKeyword</method>
  <thread>1</thread>
  <message>End action : setText(findTestObject(\&amp;quot;Object Repository/FSM1/NCP/Create Inspection/Page_JM Control Centre/input_Survey Ref_gwt-uid-48\&amp;quot;), RandomStringUtils.randomNumeric(5))</message>
  <nestedLevel>1</nestedLevel>
</record>
<record>
  <date>2018-12-15T11:44:00</date>
  <millis>1544874240712</millis>
  <sequence>417</sequence>
  <level>START</level>
  <class>com.kms.katalon.core.logging.XmlKeywordLogger</class>
  <method>startKeyword</method>
  <thread>1</thread>
  <message>Start action : click(findTestObject(\&amp;quot;Object Repository/FSM1/Create ABP Inspection Manual Ass/Page_JM Control Centre/Page_JM Control Centre/Page_JM Control Centre/span_\&amp;quot;))</message>
  <nestedLevel>1</nestedLevel>
  <property name="startLine">71</property>
  <property name="stepIndex">22</property>
</record>
<record>
  <date>2018-12-15T11:44:00</date>
  <millis>1544874240927</millis>
  <sequence>433</sequence>
  <level>PASSED</level>
  <class>com.kms.katalon.core.logging.XmlKeywordLogger</class>
  <method>logMessage</method>
  <thread>1</thread>
  <message>Object: &amp;apos;Object Repository/FSM1/Create ABP Inspection Manual Ass/Page_JM Control Centre/Page_JM Control Centre/Page_JM Control Centre/span_&amp;apos; is clicked on</message>
  <nestedLevel>1</nestedLevel>
</record>
<record>
  <date>2018-12-15T11:44:00</date>
  <millis>1544874240963</millis>
  <sequence>435</sequence>
  <level>END</level>
  <class>com.kms.katalon.core.logging.XmlKeywordLogger</class>
  <method>endKeyword</method>
  <thread>1</thread>
  <message>End action : click(findTestObject(\&amp;quot;Object Repository/FSM1/Create ABP Inspection Manual Ass/Page_JM Control Centre/Page_JM Control Centre/Page_JM Control Centre/span_\&amp;quot;))</message>
  <nestedLevel>1</nestedLevel>
</record>
<record>
  <date>2018-12-15T11:44:00</date>
  <millis>1544874240963</millis>
  <sequence>436</sequence>
  <level>START</level>
  <class>com.kms.katalon.core.logging.XmlKeywordLogger</class>
  <method>startKeyword</method>
  <thread>1</thread>
  <message>Start action : click(findTestObject(\&amp;quot;FSM1/Control Centre/Create EMI Inspection/Address Search/Page_JM Control Centre/Postcode Search\&amp;quot;))</message>
  <nestedLevel>1</nestedLevel>
  <property name="startLine">73</property>
  <property name="stepIndex">23</property>
</record>
<record>
  <date>2018-12-15T11:44:01</date>
  <millis>1544874241308</millis>
  <sequence>450</sequence>
  <level>PASSED</level>
  <class>com.kms.katalon.core.logging.XmlKeywordLogger</class>
  <method>logMessage</method>
  <thread>1</thread>
  <message>Object: &amp;apos;Object Repository/FSM1/Control Centre/Create EMI Inspection/Address Search/Page_JM Control Centre/Postcode Search&amp;apos; is clicked on</message>
  <nestedLevel>1</nestedLevel>
</record>
<record>
  <date>2018-12-15T11:44:01</date>
  <millis>1544874241318</millis>
  <sequence>452</sequence>
  <level>END</level>
  <class>com.kms.katalon.core.logging.XmlKeywordLogger</class>
  <method>endKeyword</method>
  <thread>1</thread>
  <message>End action : click(findTestObject(\&amp;quot;FSM1/Control Centre/Create EMI Inspection/Address Search/Page_JM Control Centre/Postcode Search\&amp;quot;))</message>
  <nestedLevel>1</nestedLevel>
</record>
<record>
  <date>2018-12-15T11:44:01</date>
  <millis>1544874241318</millis>
  <sequence>453</sequence>
  <level>START</level>
  <class>com.kms.katalon.core.logging.XmlKeywordLogger</class>
  <method>startKeyword</method>
  <thread>1</thread>
  <message>Start action : setText(findTestObject(\&amp;quot;FSM1/PreProd/Page_JM Control Centre/PostcodeSearch\&amp;quot;), findTestData(\&amp;quot;Pre Production/ABP/ABP Inspection Data 01a\&amp;quot;).getValue(2, 1))</message>
  <nestedLevel>1</nestedLevel>
  <property name="startLine">75</property>
  <property name="stepIndex">24</property>
</record>
<record>
  <date>2018-12-15T11:44:01</date>
  <millis>1544874241545</millis>
  <sequence>475</sequence>
  <level>PASSED</level>
  <class>com.kms.katalon.core.logging.XmlKeywordLogger</class>
  <method>logMessage</method>
  <thread>1</thread>
  <message>Text &amp;apos;WR5 2NQ&amp;apos; is set on object &amp;apos;Object Repository/FSM1/PreProd/Page_JM Control Centre/PostcodeSearch&amp;apos;</message>
  <nestedLevel>1</nestedLevel>
</record>
<record>
  <date>2018-12-15T11:44:01</date>
  <millis>1544874241556</millis>
  <sequence>477</sequence>
  <level>END</level>
  <class>com.kms.katalon.core.logging.XmlKeywordLogger</class>
  <method>endKeyword</method>
  <thread>1</thread>
  <message>End action : setText(findTestObject(\&amp;quot;FSM1/PreProd/Page_JM Control Centre/PostcodeSearch\&amp;quot;), findTestData(\&amp;quot;Pre Production/ABP/ABP Inspection Data 01a\&amp;quot;).getValue(2, 1))</message>
  <nestedLevel>1</nestedLevel>
</record>
<record>
  <date>2018-12-15T11:44:01</date>
  <millis>1544874241557</millis>
  <sequence>478</sequence>
  <level>START</level>
  <class>com.kms.katalon.core.logging.XmlKeywordLogger</class>
  <method>startKeyword</method>
  <thread>1</thread>
  <message>Start action : doubleClick(findTestObject(\&amp;quot;JM_8918/Page_JM Control Centre/div_Search\&amp;quot;))</message>
  <nestedLevel>1</nestedLevel>
  <property name="startLine">78</property>
  <property name="stepIndex">25</property>
</record>
<record>
  <date>2018-12-15T11:44:02</date>
  <millis>1544874242446</millis>
  <sequence>492</sequence>
  <level>PASSED</level>
  <class>com.kms.katalon.core.logging.XmlKeywordLogger</class>
  <method>logMessage</method>
  <thread>1</thread>
  <message>Object: &amp;apos;Object Repository/JM_8918/Page_JM Control Centre/div_Search&amp;apos; is double clicked on</message>
  <nestedLevel>1</nestedLevel>
</record>
<record>
  <date>2018-12-15T11:44:02</date>
  <millis>1544874242461</millis>
  <sequence>494</sequence>
  <level>END</level>
  <class>com.kms.katalon.core.logging.XmlKeywordLogger</class>
  <method>endKeyword</method>
  <thread>1</thread>
  <message>End action : doubleClick(findTestObject(\&amp;quot;JM_8918/Page_JM Control Centre/div_Search\&amp;quot;))</message>
  <nestedLevel>1</nestedLevel>
</record>
<record>
  <date>2018-12-15T11:44:02</date>
  <millis>1544874242461</millis>
  <sequence>495</sequence>
  <level>START</level>
  <class>com.kms.katalon.core.logging.XmlKeywordLogger</class>
  <method>startKeyword</method>
  <thread>1</thread>
  <message>Start action : FullAddress = modifyObjectProperty(findTestObject(\&amp;quot;Object Repository/FSM1/Create ABP Inspection Manual Ass/Page_JM Control Centre/Page_JM Control Centre/Page_JM Control Centre/Address\&amp;quot;), \&amp;quot;text\&amp;quot;, \&amp;quot;equals\&amp;quot;, findTestData(\&amp;quot;Pre Production/ABP/ABP Inspection Data 01a\&amp;quot;).getValue(3, 1), true)</message>
  <nestedLevel>1</nestedLevel>
  <property name="startLine">80</property>
  <property name="stepIndex">26</property>
</record>
<record>
  <date>2018-12-15T11:44:02</date>
  <millis>1544874242494</millis>
  <sequence>507</sequence>
  <level>PASSED</level>
  <class>com.kms.katalon.core.logging.XmlKeywordLogger</class>
  <method>logMessage</method>
  <thread>1</thread>
  <message>Modify property of object successfully</message>
  <nestedLevel>1</nestedLevel>
</record>
<record>
  <date>2018-12-15T11:44:02</date>
  <millis>1544874242494</millis>
  <sequence>508</sequence>
  <level>END</level>
  <class>com.kms.katalon.core.logging.XmlKeywordLogger</class>
  <method>endKeyword</method>
  <thread>1</thread>
  <message>End action : FullAddress = modifyObjectProperty(findTestObject(\&amp;quot;Object Repository/FSM1/Create ABP Inspection Manual Ass/Page_JM Control Centre/Page_JM Control Centre/Page_JM Control Centre/Address\&amp;quot;), \&amp;quot;text\&amp;quot;, \&amp;quot;equals\&amp;quot;, findTestData(\&amp;quot;Pre Production/ABP/ABP Inspection Data 01a\&amp;quot;).getValue(3, 1), true)</message>
  <nestedLevel>1</nestedLevel>
</record>
<record>
  <date>2018-12-15T11:44:02</date>
  <millis>1544874242494</millis>
  <sequence>509</sequence>
  <level>START</level>
  <class>com.kms.katalon.core.logging.XmlKeywordLogger</class>
  <method>startKeyword</method>
  <thread>1</thread>
  <message>Start action : click(FullAddress, STOP_ON_FAILURE)</message>
  <nestedLevel>1</nestedLevel>
  <property name="startLine">83</property>
  <property name="stepIndex">27</property>
</record>
<record>
  <date>2018-12-15T11:44:03</date>
  <millis>1544874243925</millis>
  <sequence>521</sequence>
  <level>PASSED</level>
  <class>com.kms.katalon.core.logging.XmlKeywordLogger</class>
  <method>logMessage</method>
  <thread>1</thread>
  <message>Object: &amp;apos;Object Repository/FSM1/Create ABP Inspection Manual Ass/Page_JM Control Centre/Page_JM Control Centre/Page_JM Control Centre/Address&amp;apos; is clicked on</message>
  <nestedLevel>1</nestedLevel>
</record>
<record>
  <date>2018-12-15T11:44:03</date>
  <millis>1544874243938</millis>
  <sequence>523</sequence>
  <level>END</level>
  <class>com.kms.katalon.core.logging.XmlKeywordLogger</class>
  <method>endKeyword</method>
  <thread>1</thread>
  <message>End action : click(FullAddress, STOP_ON_FAILURE)</message>
  <nestedLevel>1</nestedLevel>
</record>
<record>
  <date>2018-12-15T11:44:03</date>
  <millis>1544874243938</millis>
  <sequence>524</sequence>
  <level>START</level>
  <class>com.kms.katalon.core.logging.XmlKeywordLogger</class>
  <method>startKeyword</method>
  <thread>1</thread>
  <message>Start action : click(findTestObject(\&amp;quot;FSM1/Control Centre/Create EMI Inspection/Create Address/Page_JM Control Centre (2)/div_Add Selected Item\&amp;quot;))</message>
  <nestedLevel>1</nestedLevel>
  <property name="startLine">85</property>
  <property name="stepIndex">28</property>
</record>
<record>
  <date>2018-12-15T11:44:04</date>
  <millis>1544874244122</millis>
  <sequence>538</sequence>
  <level>PASSED</level>
  <class>com.kms.katalon.core.logging.XmlKeywordLogger</class>
  <method>logMessage</method>
  <thread>1</thread>
  <message>Object: &amp;apos;Object Repository/FSM1/Control Centre/Create EMI Inspection/Create Address/Page_JM Control Centre (2)/div_Add Selected Item&amp;apos; is clicked on</message>
  <nestedLevel>1</nestedLevel>
</record>
<record>
  <date>2018-12-15T11:44:04</date>
  <millis>1544874244132</millis>
  <sequence>540</sequence>
  <level>END</level>
  <class>com.kms.katalon.core.logging.XmlKeywordLogger</class>
  <method>endKeyword</method>
  <thread>1</thread>
  <message>End action : click(findTestObject(\&amp;quot;FSM1/Control Centre/Create EMI Inspection/Create Address/Page_JM Control Centre (2)/div_Add Selected Item\&amp;quot;))</message>
  <nestedLevel>1</nestedLevel>
</record>
<record>
  <date>2018-12-15T11:44:04</date>
  <millis>1544874244133</millis>
  <sequence>541</sequence>
  <level>START</level>
  <class>com.kms.katalon.core.logging.XmlKeywordLogger</class>
  <method>startKeyword</method>
  <thread>1</thread>
  <message>Start action : delay(2)</message>
  <nestedLevel>1</nestedLevel>
  <property name="startLine">87</property>
  <property name="stepIndex">29</property>
</record>
<record>
  <date>2018-12-15T11:44:06</date>
  <millis>1544874246135</millis>
  <sequence>543</sequence>
  <level>PASSED</level>
  <class>com.kms.katalon.core.logging.XmlKeywordLogger</class>
  <method>logMessage</method>
  <thread>1</thread>
  <message>Delayed 2 second(s)</message>
  <nestedLevel>1</nestedLevel>
</record>
<record>
  <date>2018-12-15T11:44:06</date>
  <millis>1544874246136</millis>
  <sequence>544</sequence>
  <level>END</level>
  <class>com.kms.katalon.core.logging.XmlKeywordLogger</class>
  <method>endKeyword</method>
  <thread>1</thread>
  <message>End action : delay(2)</message>
  <nestedLevel>1</nestedLevel>
</record>
<record>
  <date>2018-12-15T11:44:06</date>
  <millis>1544874246136</millis>
  <sequence>545</sequence>
  <level>START</level>
  <class>com.kms.katalon.core.logging.XmlKeywordLogger</class>
  <method>startKeyword</method>
  <thread>1</thread>
  <message>Start action : click(findTestObject(\&amp;quot;FSM1/Control Centre/Create EMI Inspection/Finish/Page_JM Control Centre (3)/div_Create\&amp;quot;))</message>
  <nestedLevel>1</nestedLevel>
  <property name="startLine">89</property>
  <property name="stepIndex">30</property>
</record>
<record>
  <date>2018-12-15T11:44:06</date>
  <millis>1544874246432</millis>
  <sequence>559</sequence>
  <level>PASSED</level>
  <class>com.kms.katalon.core.logging.XmlKeywordLogger</class>
  <method>logMessage</method>
  <thread>1</thread>
  <message>Object: &amp;apos;Object Repository/FSM1/Control Centre/Create EMI Inspection/Finish/Page_JM Control Centre (3)/div_Create&amp;apos; is clicked on</message>
  <nestedLevel>1</nestedLevel>
</record>
<record>
  <date>2018-12-15T11:44:06</date>
  <millis>1544874246445</millis>
  <sequence>561</sequence>
  <level>END</level>
  <class>com.kms.katalon.core.logging.XmlKeywordLogger</class>
  <method>endKeyword</method>
  <thread>1</thread>
  <message>End action : click(findTestObject(\&amp;quot;FSM1/Control Centre/Create EMI Inspection/Finish/Page_JM Control Centre (3)/div_Create\&amp;quot;))</message>
  <nestedLevel>1</nestedLevel>
</record>
<record>
  <date>2018-12-15T11:44:06</date>
  <millis>1544874246446</millis>
  <sequence>562</sequence>
  <level>START</level>
  <class>com.kms.katalon.core.logging.XmlKeywordLogger</class>
  <method>startKeyword</method>
  <thread>1</thread>
  <message>Start action : waitForElementPresent(findTestObject(\&amp;quot;Object Repository/FSM1/Create ABP Inspection Manual Ass/Page_JM Control Centre/Page_JM Control Centre/Page_JM Control Centre/div_APPROVED\&amp;quot;), 120, STOP_ON_FAILURE)</message>
  <nestedLevel>1</nestedLevel>
  <property name="startLine">91</property>
  <property name="stepIndex">31</property>
</record>
<record>
  <date>2018-12-15T11:44:08</date>
  <millis>1544874248782</millis>
  <sequence>576</sequence>
  <level>PASSED</level>
  <class>com.kms.katalon.core.logging.XmlKeywordLogger</class>
  <method>logMessage</method>
  <thread>1</thread>
  <message>Object &amp;apos;Object Repository/FSM1/Create ABP Inspection Manual Ass/Page_JM Control Centre/Page_JM Control Centre/Page_JM Control Centre/div_APPROVED&amp;apos; is present</message>
  <nestedLevel>1</nestedLevel>
</record>
<record>
  <date>2018-12-15T11:44:08</date>
  <millis>1544874248796</millis>
  <sequence>578</sequence>
  <level>END</level>
  <class>com.kms.katalon.core.logging.XmlKeywordLogger</class>
  <method>endKeyword</method>
  <thread>1</thread>
  <message>End action : waitForElementPresent(findTestObject(\&amp;quot;Object Repository/FSM1/Create ABP Inspection Manual Ass/Page_JM Control Centre/Page_JM Control Centre/Page_JM Control Centre/div_APPROVED\&amp;quot;), 120, STOP_ON_FAILURE)</message>
  <nestedLevel>1</nestedLevel>
</record>
<record>
  <date>2018-12-15T11:44:08</date>
  <millis>1544874248797</millis>
  <sequence>579</sequence>
  <level>START</level>
  <class>com.kms.katalon.core.logging.XmlKeywordLogger</class>
  <method>startKeyword</method>
  <thread>1</thread>
  <message>Start action : delay(2)</message>
  <nestedLevel>1</nestedLevel>
  <property name="startLine">94</property>
  <property name="stepIndex">32</property>
</record>
<record>
  <date>2018-12-15T11:44:10</date>
  <millis>1544874250798</millis>
  <sequence>581</sequence>
  <level>PASSED</level>
  <class>com.kms.katalon.core.logging.XmlKeywordLogger</class>
  <method>logMessage</method>
  <thread>1</thread>
  <message>Delayed 2 second(s)</message>
  <nestedLevel>1</nestedLevel>
</record>
<record>
  <date>2018-12-15T11:44:10</date>
  <millis>1544874250799</millis>
  <sequence>582</sequence>
  <level>END</level>
  <class>com.kms.katalon.core.logging.XmlKeywordLogger</class>
  <method>endKeyword</method>
  <thread>1</thread>
  <message>End action : delay(2)</message>
  <nestedLevel>1</nestedLevel>
</record>
<record>
  <date>2018-12-15T11:44:10</date>
  <millis>1544874250799</millis>
  <sequence>583</sequence>
  <level>START</level>
  <class>com.kms.katalon.core.logging.XmlKeywordLogger</class>
  <method>startKeyword</method>
  <thread>1</thread>
  <message>Start action : click(findTestObject(\&amp;quot;Object Repository/FSM1/Create ABP Inspection Manual Ass/Page_JM Control Centre/Page_JM Control Centre/Page_JM Control Centre/span_Schedule\&amp;quot;))</message>
  <nestedLevel>1</nestedLevel>
  <property name="startLine">96</property>
  <property name="stepIndex">33</property>
</record>
<record>
  <date>2018-12-15T11:44:11</date>
  <millis>1544874251024</millis>
  <sequence>598</sequence>
  <level>PASSED</level>
  <class>com.kms.katalon.core.logging.XmlKeywordLogger</class>
  <method>logMessage</method>
  <thread>1</thread>
  <message>Object: &amp;apos;Object Repository/FSM1/Create ABP Inspection Manual Ass/Page_JM Control Centre/Page_JM Control Centre/Page_JM Control Centre/span_Schedule&amp;apos; is clicked on</message>
  <nestedLevel>1</nestedLevel>
</record>
<record>
  <date>2018-12-15T11:44:11</date>
  <millis>1544874251040</millis>
  <sequence>600</sequence>
  <level>END</level>
  <class>com.kms.katalon.core.logging.XmlKeywordLogger</class>
  <method>endKeyword</method>
  <thread>1</thread>
  <message>End action : click(findTestObject(\&amp;quot;Object Repository/FSM1/Create ABP Inspection Manual Ass/Page_JM Control Centre/Page_JM Control Centre/Page_JM Control Centre/span_Schedule\&amp;quot;))</message>
  <nestedLevel>1</nestedLevel>
</record>
<record>
  <date>2018-12-15T11:44:11</date>
  <millis>1544874251041</millis>
  <sequence>601</sequence>
  <level>START</level>
  <class>com.kms.katalon.core.logging.XmlKeywordLogger</class>
  <method>startKeyword</method>
  <thread>1</thread>
  <message>Start action : click(findTestObject(\&amp;quot;Object Repository/JM_8918/New/Page_JM Control Centre/Page_JM Control Centre/label_Manually Allocate as an\&amp;quot;))</message>
  <nestedLevel>1</nestedLevel>
  <property name="startLine">98</property>
  <property name="stepIndex">34</property>
</record>
<record>
  <date>2018-12-15T11:44:13</date>
  <millis>1544874253523</millis>
  <sequence>615</sequence>
  <level>PASSED</level>
  <class>com.kms.katalon.core.logging.XmlKeywordLogger</class>
  <method>logMessage</method>
  <thread>1</thread>
  <message>Object: &amp;apos;Object Repository/JM_8918/New/Page_JM Control Centre/Page_JM Control Centre/label_Manually Allocate as an&amp;apos; is clicked on</message>
  <nestedLevel>1</nestedLevel>
</record>
<record>
  <date>2018-12-15T11:44:13</date>
  <millis>1544874253542</millis>
  <sequence>617</sequence>
  <level>END</level>
  <class>com.kms.katalon.core.logging.XmlKeywordLogger</class>
  <method>endKeyword</method>
  <thread>1</thread>
  <message>End action : click(findTestObject(\&amp;quot;Object Repository/JM_8918/New/Page_JM Control Centre/Page_JM Control Centre/label_Manually Allocate as an\&amp;quot;))</message>
  <nestedLevel>1</nestedLevel>
</record>
<record>
  <date>2018-12-15T11:44:13</date>
  <millis>1544874253542</millis>
  <sequence>618</sequence>
  <level>START</level>
  <class>com.kms.katalon.core.logging.XmlKeywordLogger</class>
  <method>startKeyword</method>
  <thread>1</thread>
  <message>Start action : click(findTestObject(\&amp;quot;Object Repository/JM_8918/New/Page_JM Control Centre/Page_JM Control Centre/div_Owner_v-filterselect-butto\&amp;quot;))</message>
  <nestedLevel>1</nestedLevel>
  <property name="startLine">100</property>
  <property name="stepIndex">35</property>
</record>
<record>
  <date>2018-12-15T11:44:13</date>
  <millis>1544874253809</millis>
  <sequence>632</sequence>
  <level>PASSED</level>
  <class>com.kms.katalon.core.logging.XmlKeywordLogger</class>
  <method>logMessage</method>
  <thread>1</thread>
  <message>Object: &amp;apos;Object Repository/JM_8918/New/Page_JM Control Centre/Page_JM Control Centre/div_Owner_v-filterselect-butto&amp;apos; is clicked on</message>
  <nestedLevel>1</nestedLevel>
</record>
<record>
  <date>2018-12-15T11:44:13</date>
  <millis>1544874253826</millis>
  <sequence>634</sequence>
  <level>END</level>
  <class>com.kms.katalon.core.logging.XmlKeywordLogger</class>
  <method>endKeyword</method>
  <thread>1</thread>
  <message>End action : click(findTestObject(\&amp;quot;Object Repository/JM_8918/New/Page_JM Control Centre/Page_JM Control Centre/div_Owner_v-filterselect-butto\&amp;quot;))</message>
  <nestedLevel>1</nestedLevel>
</record>
<record>
  <date>2018-12-15T11:44:13</date>
  <millis>1544874253827</millis>
  <sequence>635</sequence>
  <level>START</level>
  <class>com.kms.katalon.core.logging.XmlKeywordLogger</class>
  <method>startKeyword</method>
  <thread>1</thread>
  <message>Start action : setText(findTestObject(\&amp;quot;Object Repository/JM_8918/New/Page_JM Control Centre/Page_JM Control Centre/input_Owner_gwt-uid-304\&amp;quot;), \&amp;quot;test\&amp;quot;)</message>
  <nestedLevel>1</nestedLevel>
  <property name="startLine">102</property>
  <property name="stepIndex">36</property>
</record>
<record>
  <date>2018-12-15T11:44:14</date>
  <millis>1544874254135</millis>
  <sequence>654</sequence>
  <level>PASSED</level>
  <class>com.kms.katalon.core.logging.XmlKeywordLogger</class>
  <method>logMessage</method>
  <thread>1</thread>
  <message>Text &amp;apos;test&amp;apos; is set on object &amp;apos;Object Repository/JM_8918/New/Page_JM Control Centre/Page_JM Control Centre/input_Owner_gwt-uid-304&amp;apos;</message>
  <nestedLevel>1</nestedLevel>
</record>
<record>
  <date>2018-12-15T11:44:14</date>
  <millis>1544874254152</millis>
  <sequence>656</sequence>
  <level>END</level>
  <class>com.kms.katalon.core.logging.XmlKeywordLogger</class>
  <method>endKeyword</method>
  <thread>1</thread>
  <message>End action : setText(findTestObject(\&amp;quot;Object Repository/JM_8918/New/Page_JM Control Centre/Page_JM Control Centre/input_Owner_gwt-uid-304\&amp;quot;), \&amp;quot;test\&amp;quot;)</message>
  <nestedLevel>1</nestedLevel>
</record>
<record>
  <date>2018-12-15T11:44:14</date>
  <millis>1544874254153</millis>
  <sequence>657</sequence>
  <level>START</level>
  <class>com.kms.katalon.core.logging.XmlKeywordLogger</class>
  <method>startKeyword</method>
  <thread>1</thread>
  <message>Start action : delay(2)</message>
  <nestedLevel>1</nestedLevel>
  <property name="startLine">105</property>
  <property name="stepIndex">37</property>
</record>
<record>
  <date>2018-12-15T11:44:16</date>
  <millis>1544874256158</millis>
  <sequence>659</sequence>
  <level>PASSED</level>
  <class>com.kms.katalon.core.logging.XmlKeywordLogger</class>
  <method>logMessage</method>
  <thread>1</thread>
  <message>Delayed 2 second(s)</message>
  <nestedLevel>1</nestedLevel>
</record>
<record>
  <date>2018-12-15T11:44:16</date>
  <millis>1544874256159</millis>
  <sequence>660</sequence>
  <level>END</level>
  <class>com.kms.katalon.core.logging.XmlKeywordLogger</class>
  <method>endKeyword</method>
  <thread>1</thread>
  <message>End action : delay(2)</message>
  <nestedLevel>1</nestedLevel>
</record>
<record>
  <date>2018-12-15T11:44:16</date>
  <millis>1544874256161</millis>
  <sequence>661</sequence>
  <level>START</level>
  <class>com.kms.katalon.core.logging.XmlKeywordLogger</class>
  <method>startKeyword</method>
  <thread>1</thread>
  <message>Start action : click(findTestObject(\&amp;quot;Object Repository/JM_8918/New/Page_JM Control Centre/Page_JM Control Centre/span_Test Inspector\&amp;quot;))</message>
  <nestedLevel>1</nestedLevel>
  <property name="startLine">107</property>
  <property name="stepIndex">38</property>
</record>
<record>
  <date>2018-12-15T11:44:16</date>
  <millis>1544874256348</millis>
  <sequence>675</sequence>
  <level>PASSED</level>
  <class>com.kms.katalon.core.logging.XmlKeywordLogger</class>
  <method>logMessage</method>
  <thread>1</thread>
  <message>Object: &amp;apos;Object Repository/JM_8918/New/Page_JM Control Centre/Page_JM Control Centre/span_Test Inspector&amp;apos; is clicked on</message>
  <nestedLevel>1</nestedLevel>
</record>
<record>
  <date>2018-12-15T11:44:16</date>
  <millis>1544874256361</millis>
  <sequence>677</sequence>
  <level>END</level>
  <class>com.kms.katalon.core.logging.XmlKeywordLogger</class>
  <method>endKeyword</method>
  <thread>1</thread>
  <message>End action : click(findTestObject(\&amp;quot;Object Repository/JM_8918/New/Page_JM Control Centre/Page_JM Control Centre/span_Test Inspector\&amp;quot;))</message>
  <nestedLevel>1</nestedLevel>
</record>
<record>
  <date>2018-12-15T11:44:16</date>
  <millis>1544874256362</millis>
  <sequence>678</sequence>
  <level>START</level>
  <class>com.kms.katalon.core.logging.XmlKeywordLogger</class>
  <method>startKeyword</method>
  <thread>1</thread>
  <message>Start action : setText(findTestObject(\&amp;quot;Object Repository/FSM1/Create ABP Inspection Manual Ass/Page_JM Control Centre/Page_JM Control Centre/Page_JM Control Centre/input_Owner_gwt-uid-311\&amp;quot;), \&amp;quot;Test Inspector\&amp;quot;)</message>
  <nestedLevel>1</nestedLevel>
  <property name="startLine">109</property>
  <property name="stepIndex">39</property>
</record>
<record>
  <date>2018-12-15T11:44:16</date>
  <millis>1544874256363</millis>
  <sequence>679</sequence>
  <level>NOT_RUN</level>
  <class>com.kms.katalon.core.logging.XmlKeywordLogger</class>
  <method>logMessage</method>
  <thread>1</thread>
  <message>NOT_RUN: setText(findTestObject(\&amp;quot;Object Repository/FSM1/Create ABP Inspection Manual Ass/Page_JM Control Centre/Page_JM Control Centre/Page_JM Control Centre/input_Owner_gwt-uid-311\&amp;quot;), \&amp;quot;Test Inspector\&amp;quot;)</message>
  <nestedLevel>1</nestedLevel>
</record>
<record>
  <date>2018-12-15T11:44:16</date>
  <millis>1544874256364</millis>
  <sequence>680</sequence>
  <level>END</level>
  <class>com.kms.katalon.core.logging.XmlKeywordLogger</class>
  <method>endKeyword</method>
  <thread>1</thread>
  <message>End action : setText(findTestObject(\&amp;quot;Object Repository/FSM1/Create ABP Inspection Manual Ass/Page_JM Control Centre/Page_JM Control Centre/Page_JM Control Centre/input_Owner_gwt-uid-311\&amp;quot;), \&amp;quot;Test Inspector\&amp;quot;)</message>
  <nestedLevel>1</nestedLevel>
</record>
<record>
  <date>2018-12-15T11:44:16</date>
  <millis>1544874256364</millis>
  <sequence>681</sequence>
  <level>START</level>
  <class>com.kms.katalon.core.logging.XmlKeywordLogger</class>
  <method>startKeyword</method>
  <thread>1</thread>
  <message>Start action : mydate = new java.util.Date()</message>
  <nestedLevel>1</nestedLevel>
  <property name="startLine">112</property>
  <property name="stepIndex">40</property>
</record>
<record>
  <date>2018-12-15T11:44:16</date>
  <millis>1544874256379</millis>
  <sequence>682</sequence>
  <level>END</level>
  <class>com.kms.katalon.core.logging.XmlKeywordLogger</class>
  <method>endKeyword</method>
  <thread>1</thread>
  <message>End action : mydate = new java.util.Date()</message>
  <nestedLevel>1</nestedLevel>
</record>
<record>
  <date>2018-12-15T11:44:16</date>
  <millis>1544874256384</millis>
  <sequence>683</sequence>
  <level>START</level>
  <class>com.kms.katalon.core.logging.XmlKeywordLogger</class>
  <method>startKeyword</method>
  <thread>1</thread>
  <message>Start action : tomorrow = mydate.next()</message>
  <nestedLevel>1</nestedLevel>
  <property name="startLine">114</property>
  <property name="stepIndex">41</property>
</record>
<record>
  <date>2018-12-15T11:44:16</date>
  <millis>1544874256386</millis>
  <sequence>684</sequence>
  <level>END</level>
  <class>com.kms.katalon.core.logging.XmlKeywordLogger</class>
  <method>endKeyword</method>
  <thread>1</thread>
  <message>End action : tomorrow = mydate.next()</message>
  <nestedLevel>1</nestedLevel>
</record>
<record>
  <date>2018-12-15T11:44:16</date>
  <millis>1544874256386</millis>
  <sequence>685</sequence>
  <level>START</level>
  <class>com.kms.katalon.core.logging.XmlKeywordLogger</class>
  <method>startKeyword</method>
  <thread>1</thread>
  <message>Start action : formattedDate = tomorrow.format(\&amp;quot;dd-MMM-yyyy\&amp;quot;)</message>
  <nestedLevel>1</nestedLevel>
  <property name="startLine">116</property>
  <property name="stepIndex">42</property>
</record>
<record>
  <date>2018-12-15T11:44:16</date>
  <millis>1544874256392</millis>
  <sequence>686</sequence>
  <level>END</level>
  <class>com.kms.katalon.core.logging.XmlKeywordLogger</class>
  <method>endKeyword</method>
  <thread>1</thread>
  <message>End action : formattedDate = tomorrow.format(\&amp;quot;dd-MMM-yyyy\&amp;quot;)</message>
  <nestedLevel>1</nestedLevel>
</record>
<record>
  <date>2018-12-15T11:44:16</date>
  <millis>1544874256392</millis>
  <sequence>687</sequence>
  <level>START</level>
  <class>com.kms.katalon.core.logging.XmlKeywordLogger</class>
  <method>startKeyword</method>
  <thread>1</thread>
  <message>Start action : setText(findTestObject(\&amp;quot;Object Repository/FSM1/Create ABP Inspection Manual Ass/Page_JM Control Centre/Page_JM Control Centre/Page_JM Control Centre/input_From date_gwt-uid-504 (10)\&amp;quot;), formattedDate)</message>
  <nestedLevel>1</nestedLevel>
  <property name="startLine">118</property>
  <property name="stepIndex">43</property>
</record>
<record>
  <date>2018-12-15T11:44:16</date>
  <millis>1544874256675</millis>
  <sequence>706</sequence>
  <level>PASSED</level>
  <class>com.kms.katalon.core.logging.XmlKeywordLogger</class>
  <method>logMessage</method>
  <thread>1</thread>
  <message>Text &amp;apos;16-Dec-2018&amp;apos; is set on object &amp;apos;Object Repository/FSM1/Create ABP Inspection Manual Ass/Page_JM Control Centre/Page_JM Control Centre/Page_JM Control Centre/input_From date_gwt-uid-504 (10)&amp;apos;</message>
  <nestedLevel>1</nestedLevel>
</record>
<record>
  <date>2018-12-15T11:44:16</date>
  <millis>1544874256691</millis>
  <sequence>708</sequence>
  <level>END</level>
  <class>com.kms.katalon.core.logging.XmlKeywordLogger</class>
  <method>endKeyword</method>
  <thread>1</thread>
  <message>End action : setText(findTestObject(\&amp;quot;Object Repository/FSM1/Create ABP Inspection Manual Ass/Page_JM Control Centre/Page_JM Control Centre/Page_JM Control Centre/input_From date_gwt-uid-504 (10)\&amp;quot;), formattedDate)</message>
  <nestedLevel>1</nestedLevel>
</record>
<record>
  <date>2018-12-15T11:44:16</date>
  <millis>1544874256692</millis>
  <sequence>709</sequence>
  <level>START</level>
  <class>com.kms.katalon.core.logging.XmlKeywordLogger</class>
  <method>startKeyword</method>
  <thread>1</thread>
  <message>Start action : setText(findTestObject(\&amp;quot;Object Repository/FSM1/Create ABP Inspection Manual Ass/Page_JM Control Centre/Page_JM Control Centre/Page_JM Control Centre/input_Due date_gwt-uid-506 (11)\&amp;quot;), formattedDate)</message>
  <nestedLevel>1</nestedLevel>
  <property name="startLine">121</property>
  <property name="stepIndex">44</property>
</record>
<record>
  <date>2018-12-15T11:44:16</date>
  <millis>1544874256970</millis>
  <sequence>728</sequence>
  <level>PASSED</level>
  <class>com.kms.katalon.core.logging.XmlKeywordLogger</class>
  <method>logMessage</method>
  <thread>1</thread>
  <message>Text &amp;apos;16-Dec-2018&amp;apos; is set on object &amp;apos;Object Repository/FSM1/Create ABP Inspection Manual Ass/Page_JM Control Centre/Page_JM Control Centre/Page_JM Control Centre/input_Due date_gwt-uid-506 (11)&amp;apos;</message>
  <nestedLevel>1</nestedLevel>
</record>
<record>
  <date>2018-12-15T11:44:16</date>
  <millis>1544874256990</millis>
  <sequence>730</sequence>
  <level>END</level>
  <class>com.kms.katalon.core.logging.XmlKeywordLogger</class>
  <method>endKeyword</method>
  <thread>1</thread>
  <message>End action : setText(findTestObject(\&amp;quot;Object Repository/FSM1/Create ABP Inspection Manual Ass/Page_JM Control Centre/Page_JM Control Centre/Page_JM Control Centre/input_Due date_gwt-uid-506 (11)\&amp;quot;), formattedDate)</message>
  <nestedLevel>1</nestedLevel>
</record>
<record>
  <date>2018-12-15T11:44:16</date>
  <millis>1544874256990</millis>
  <sequence>731</sequence>
  <level>START</level>
  <class>com.kms.katalon.core.logging.XmlKeywordLogger</class>
  <method>startKeyword</method>
  <thread>1</thread>
  <message>Start action : click(findTestObject(\&amp;quot;Object Repository/FSM1/Create ABP Inspection Manual Ass/Page_JM Control Centre/Page_JM Control Centre/Page_JM Control Centre/div_Allocate\&amp;quot;))</message>
  <nestedLevel>1</nestedLevel>
  <property name="startLine">124</property>
  <property name="stepIndex">45</property>
</record>
<record>
  <date>2018-12-15T11:44:17</date>
  <millis>1544874257173</millis>
  <sequence>745</sequence>
  <level>PASSED</level>
  <class>com.kms.katalon.core.logging.XmlKeywordLogger</class>
  <method>logMessage</method>
  <thread>1</thread>
  <message>Object: &amp;apos;Object Repository/FSM1/Create ABP Inspection Manual Ass/Page_JM Control Centre/Page_JM Control Centre/Page_JM Control Centre/div_Allocate&amp;apos; is clicked on</message>
  <nestedLevel>1</nestedLevel>
</record>
<record>
  <date>2018-12-15T11:44:17</date>
  <millis>1544874257182</millis>
  <sequence>747</sequence>
  <level>END</level>
  <class>com.kms.katalon.core.logging.XmlKeywordLogger</class>
  <method>endKeyword</method>
  <thread>1</thread>
  <message>End action : click(findTestObject(\&amp;quot;Object Repository/FSM1/Create ABP Inspection Manual Ass/Page_JM Control Centre/Page_JM Control Centre/Page_JM Control Centre/div_Allocate\&amp;quot;))</message>
  <nestedLevel>1</nestedLevel>
</record>
<record>
  <date>2018-12-15T11:44:17</date>
  <millis>1544874257182</millis>
  <sequence>748</sequence>
  <level>START</level>
  <class>com.kms.katalon.core.logging.XmlKeywordLogger</class>
  <method>startKeyword</method>
  <thread>1</thread>
  <message>Start action : InspectionID = getText(findTestObject(\&amp;quot;Object Repository/FSM1/Create ABP Inspection Manual Ass/Page_JM Control Centre/Page_JM Control Centre/Page_JM Control Centre/InspectionID\&amp;quot;))</message>
  <nestedLevel>1</nestedLevel>
  <property name="startLine">126</property>
  <property name="stepIndex">46</property>
</record>
<record>
  <date>2018-12-15T11:44:17</date>
  <millis>1544874257393</millis>
  <sequence>764</sequence>
  <level>PASSED</level>
  <class>com.kms.katalon.core.logging.XmlKeywordLogger</class>
  <method>logMessage</method>
  <thread>1</thread>
  <message>Text of object &amp;apos;Object Repository/FSM1/Create ABP Inspection Manual Ass/Page_JM Control Centre/Page_JM Control Centre/Page_JM Control Centre/InspectionID&amp;apos; is: &amp;apos;Viewing Job 96041&amp;apos;</message>
  <nestedLevel>1</nestedLevel>
</record>
<record>
  <date>2018-12-15T11:44:17</date>
  <millis>1544874257405</millis>
  <sequence>766</sequence>
  <level>END</level>
  <class>com.kms.katalon.core.logging.XmlKeywordLogger</class>
  <method>endKeyword</method>
  <thread>1</thread>
  <message>End action : InspectionID = getText(findTestObject(\&amp;quot;Object Repository/FSM1/Create ABP Inspection Manual Ass/Page_JM Control Centre/Page_JM Control Centre/Page_JM Control Centre/InspectionID\&amp;quot;))</message>
  <nestedLevel>1</nestedLevel>
</record>
<record>
  <date>2018-12-15T11:44:17</date>
  <millis>1544874257405</millis>
  <sequence>767</sequence>
  <level>START</level>
  <class>com.kms.katalon.core.logging.XmlKeywordLogger</class>
  <method>startKeyword</method>
  <thread>1</thread>
  <message>Start action : InspectionID = InspectionID.replaceAll(\&amp;quot;Viewing Job \&amp;quot;, \&amp;quot;\&amp;quot;)</message>
  <nestedLevel>1</nestedLevel>
  <property name="startLine">128</property>
  <property name="stepIndex">47</property>
</record>
<record>
  <date>2018-12-15T11:44:17</date>
  <millis>1544874257408</millis>
  <sequence>768</sequence>
  <level>END</level>
  <class>com.kms.katalon.core.logging.XmlKeywordLogger</class>
  <method>endKeyword</method>
  <thread>1</thread>
  <message>End action : InspectionID = InspectionID.replaceAll(\&amp;quot;Viewing Job \&amp;quot;, \&amp;quot;\&amp;quot;)</message>
  <nestedLevel>1</nestedLevel>
</record>
<record>
  <date>2018-12-15T11:44:17</date>
  <millis>1544874257409</millis>
  <sequence>769</sequence>
  <level>START</level>
  <class>com.kms.katalon.core.logging.XmlKeywordLogger</class>
  <method>startKeyword</method>
  <thread>1</thread>
  <message>Start action : log.logWarning(InspectionID)</message>
  <nestedLevel>1</nestedLevel>
  <property name="startLine">130</property>
  <property name="stepIndex">48</property>
</record>
<record>
  <date>2018-12-15T11:44:17</date>
  <millis>1544874257409</millis>
  <sequence>770</sequence>
  <level>WARNING</level>
  <class>com.kms.katalon.core.logging.XmlKeywordLogger</class>
  <method>logMessage</method>
  <thread>1</thread>
  <message>96041</message>
  <nestedLevel>1</nestedLevel>
</record>
<record>
  <date>2018-12-15T11:44:17</date>
  <millis>1544874257410</millis>
  <sequence>771</sequence>
  <level>END</level>
  <class>com.kms.katalon.core.logging.XmlKeywordLogger</class>
  <method>endKeyword</method>
  <thread>1</thread>
  <message>End action : log.logWarning(InspectionID)</message>
  <nestedLevel>1</nestedLevel>
</record>
<record>
  <date>2018-12-15T11:44:17</date>
  <millis>1544874257410</millis>
  <sequence>772</sequence>
  <level>START</level>
  <class>com.kms.katalon.core.logging.XmlKeywordLogger</class>
  <method>startKeyword</method>
  <thread>1</thread>
  <message>Start action : temp = InspectionID</message>
  <nestedLevel>1</nestedLevel>
  <property name="startLine">132</property>
  <property name="stepIndex">49</property>
</record>
<record>
  <date>2018-12-15T11:44:17</date>
  <millis>1544874257410</millis>
  <sequence>773</sequence>
  <level>END</level>
  <class>com.kms.katalon.core.logging.XmlKeywordLogger</class>
  <method>endKeyword</method>
  <thread>1</thread>
  <message>End action : temp = InspectionID</message>
  <nestedLevel>1</nestedLevel>
</record>
<record>
  <date>2018-12-15T11:44:17</date>
  <millis>1544874257410</millis>
  <sequence>774</sequence>
  <level>START</level>
  <class>com.kms.katalon.core.logging.XmlKeywordLogger</class>
  <method>startKeyword</method>
  <thread>1</thread>
  <message>Start action : delay(90)</message>
  <nestedLevel>1</nestedLevel>
  <property name="startLine">134</property>
  <property name="stepIndex">50</property>
</record>
